/home/rithwik/ros2_workspace2/install/autonomous_tb3/lib/python3.10/site-packages/autonomous_tb3/hotel_waiter_multi_button.py
/home/rithwik/ros2_workspace2/install/autonomous_tb3/lib/python3.10/site-packages/autonomous_tb3/maze_solver.py
/home/rithwik/ros2_workspace2/install/autonomous_tb3/lib/python3.10/site-packages/autonomous_tb3/spawn_entity.py
/home/rithwik/ros2_workspace2/install/autonomous_tb3/lib/python3.10/site-packages/autonomous_tb3/hotel_waiter_single_goal.py
/home/rithwik/ros2_workspace2/install/autonomous_tb3/lib/python3.10/site-packages/autonomous_tb3/__init__.py
/home/rithwik/ros2_workspace2/install/autonomous_tb3/lib/python3.10/site-packages/autonomous_tb3/occupancy_grid_pub.py
/home/rithwik/ros2_workspace2/install/autonomous_tb3/lib/python3.10/site-packages/autonomous_tb3/__pycache__/hotel_waiter_multi_button.cpython-310.pyc
/home/rithwik/ros2_workspace2/install/autonomous_tb3/lib/python3.10/site-packages/autonomous_tb3/__pycache__/maze_solver.cpython-310.pyc
/home/rithwik/ros2_workspace2/install/autonomous_tb3/lib/python3.10/site-packages/autonomous_tb3/__pycache__/spawn_entity.cpython-310.pyc
/home/rithwik/ros2_workspace2/install/autonomous_tb3/lib/python3.10/site-packages/autonomous_tb3/__pycache__/hotel_waiter_single_goal.cpython-310.pyc
/home/rithwik/ros2_workspace2/install/autonomous_tb3/lib/python3.10/site-packages/autonomous_tb3/__pycache__/__init__.cpython-310.pyc
/home/rithwik/ros2_workspace2/install/autonomous_tb3/lib/python3.10/site-packages/autonomous_tb3/__pycache__/occupancy_grid_pub.cpython-310.pyc
/home/rithwik/ros2_workspace2/install/autonomous_tb3/share/ament_index/resource_index/packages/autonomous_tb3
/home/rithwik/ros2_workspace2/install/autonomous_tb3/share/autonomous_tb3/package.xml
/home/rithwik/ros2_workspace2/install/autonomous_tb3/share/autonomous_tb3/launch/maze_navigation.launch.py
/home/rithwik/ros2_workspace2/install/autonomous_tb3/share/autonomous_tb3/launch/tb3_world_navigation.launch.py
/home/rithwik/ros2_workspace2/install/autonomous_tb3/share/autonomous_tb3/launch/mapping.launch.py
/home/rithwik/ros2_workspace2/install/autonomous_tb3/share/autonomous_tb3/launch/hotel_waiter.launch.py
/home/rithwik/ros2_workspace2/install/autonomous_tb3/share/autonomous_tb3/config/tb3_cartographer.lua
/home/rithwik/ros2_workspace2/install/autonomous_tb3/share/autonomous_tb3/config/tb3_nav_params.yaml
/home/rithwik/ros2_workspace2/install/autonomous_tb3/share/autonomous_tb3/config/mapping.rviz
/home/rithwik/ros2_workspace2/install/autonomous_tb3/share/autonomous_tb3/config/tb3_nav.rviz
/home/rithwik/ros2_workspace2/install/autonomous_tb3/share/autonomous_tb3/config/maze.pgm
/home/rithwik/ros2_workspace2/install/autonomous_tb3/share/autonomous_tb3/config/hotel_map.pgm
/home/rithwik/ros2_workspace2/install/autonomous_tb3/share/autonomous_tb3/config/maze.yaml
/home/rithwik/ros2_workspace2/install/autonomous_tb3/share/autonomous_tb3/config/tb3_world.pgm
/home/rithwik/ros2_workspace2/install/autonomous_tb3/share/autonomous_tb3/config/tb3_world.yaml
/home/rithwik/ros2_workspace2/install/autonomous_tb3/share/autonomous_tb3/config/hotel_map.yaml
/home/rithwik/ros2_workspace2/install/autonomous_tb3/share/autonomous_tb3/world/maze/model.config
/home/rithwik/ros2_workspace2/install/autonomous_tb3/share/autonomous_tb3/world/maze/model.sdf
/home/rithwik/ros2_workspace2/install/autonomous_tb3/share/autonomous_tb3/models/actor/model.config
/home/rithwik/ros2_workspace2/install/autonomous_tb3/share/autonomous_tb3/models/actor/model.sdf
/home/rithwik/ros2_workspace2/install/autonomous_tb3/share/autonomous_tb3/models/table/model-1_2.sdf
/home/rithwik/ros2_workspace2/install/autonomous_tb3/share/autonomous_tb3/models/table/model.config
/home/rithwik/ros2_workspace2/install/autonomous_tb3/share/autonomous_tb3/models/table/model-1_4.sdf
/home/rithwik/ros2_workspace2/install/autonomous_tb3/share/autonomous_tb3/models/table/model.sdf
/home/rithwik/ros2_workspace2/install/autonomous_tb3/share/autonomous_tb3/models/table/model-1_3.sdf
/home/rithwik/ros2_workspace2/install/autonomous_tb3/share/autonomous_tb3/models/beer/model-1_4.sdf
/home/rithwik/ros2_workspace2/install/autonomous_tb3/share/autonomous_tb3/models/beer/model.sdf
/home/rithwik/ros2_workspace2/install/autonomous_tb3/share/autonomous_tb3/models/beer/model.config
/home/rithwik/ros2_workspace2/install/autonomous_tb3/share/autonomous_tb3/models/beer/scripts
/home/rithwik/ros2_workspace2/install/autonomous_tb3/share/autonomous_tb3/models/beer/texutres
/home/rithwik/ros2_workspace2/install/autonomous_tb3/lib/python3.10/site-packages/autonomous_tb3-0.0.0-py3.10.egg-info/requires.txt
/home/rithwik/ros2_workspace2/install/autonomous_tb3/lib/python3.10/site-packages/autonomous_tb3-0.0.0-py3.10.egg-info/dependency_links.txt
/home/rithwik/ros2_workspace2/install/autonomous_tb3/lib/python3.10/site-packages/autonomous_tb3-0.0.0-py3.10.egg-info/zip-safe
/home/rithwik/ros2_workspace2/install/autonomous_tb3/lib/python3.10/site-packages/autonomous_tb3-0.0.0-py3.10.egg-info/PKG-INFO
/home/rithwik/ros2_workspace2/install/autonomous_tb3/lib/python3.10/site-packages/autonomous_tb3-0.0.0-py3.10.egg-info/entry_points.txt
/home/rithwik/ros2_workspace2/install/autonomous_tb3/lib/python3.10/site-packages/autonomous_tb3-0.0.0-py3.10.egg-info/top_level.txt
/home/rithwik/ros2_workspace2/install/autonomous_tb3/lib/python3.10/site-packages/autonomous_tb3-0.0.0-py3.10.egg-info/SOURCES.txt
/home/rithwik/ros2_workspace2/install/autonomous_tb3/lib/autonomous_tb3/autonomous_waiter
/home/rithwik/ros2_workspace2/install/autonomous_tb3/lib/autonomous_tb3/autonomous_waiter_lite
/home/rithwik/ros2_workspace2/install/autonomous_tb3/lib/autonomous_tb3/maze_solver
/home/rithwik/ros2_workspace2/install/autonomous_tb3/lib/autonomous_tb3/occupancy_grid_pub
/home/rithwik/ros2_workspace2/install/autonomous_tb3/lib/autonomous_tb3/sdf_spawner
