[0.155s] Invoking command in '/home/rithwik/ros2_workspace2/build/explorer_cartographer': CMAKE_PREFIX_PATH=/opt/ros/humble /usr/bin/cmake /home/rithwik/ros2_workspace2/src/ros2_explorer/explorer_cartographer -DCMAKE_INSTALL_PREFIX=/home/rithwik/ros2_workspace2/install/explorer_cartographer
[0.481s] -- The C compiler identification is GNU 11.4.0
[0.481s] -- The CXX compiler identification is GNU 11.4.0
[0.482s] -- Detecting C compiler ABI info
[0.482s] -- Detecting C compiler ABI info - done
[0.482s] -- Check for working C compiler: /usr/bin/cc - skipped
[0.482s] -- Detecting C compile features
[0.482s] -- Detecting C compile features - done
[0.482s] -- Detecting CXX compiler ABI info
[0.482s] -- Detecting CXX compiler ABI info - done
[0.482s] -- Check for working CXX compiler: /usr/bin/c++ - skipped
[0.482s] -- Detecting CXX compile features
[0.482s] -- Detecting CXX compile features - done
[0.482s] -- Found ament_cmake: 1.3.12 (/opt/ros/humble/share/ament_cmake/cmake)
[0.567s] -- Found Python3: /usr/bin/python3 (found version "3.10.12") found components: Interpreter 
[0.687s] -- Configuring done
[0.688s] -- Generating done
[0.689s] -- Build files have been written to: /home/rithwik/ros2_workspace2/build/explorer_cartographer
[0.692s] Invoked command in '/home/rithwik/ros2_workspace2/build/explorer_cartographer' returned '0': CMAKE_PREFIX_PATH=/opt/ros/humble /usr/bin/cmake /home/rithwik/ros2_workspace2/src/ros2_explorer/explorer_cartographer -DCMAKE_INSTALL_PREFIX=/home/rithwik/ros2_workspace2/install/explorer_cartographer
[0.693s] Invoking command in '/home/rithwik/ros2_workspace2/build/explorer_cartographer': CMAKE_PREFIX_PATH=/opt/ros/humble /usr/bin/cmake --build /home/rithwik/ros2_workspace2/build/explorer_cartographer -- -j32 -l32
[0.721s] Invoked command in '/home/rithwik/ros2_workspace2/build/explorer_cartographer' returned '0': CMAKE_PREFIX_PATH=/opt/ros/humble /usr/bin/cmake --build /home/rithwik/ros2_workspace2/build/explorer_cartographer -- -j32 -l32
[0.729s] Invoking command in '/home/rithwik/ros2_workspace2/build/explorer_cartographer': CMAKE_PREFIX_PATH=/opt/ros/humble /usr/bin/cmake --install /home/rithwik/ros2_workspace2/build/explorer_cartographer
[0.735s] -- Install configuration: ""
[0.735s] -- Installing: /home/rithwik/ros2_workspace2/install/explorer_cartographer/share/explorer_cartographer/config
[0.735s] -- Installing: /home/rithwik/ros2_workspace2/install/explorer_cartographer/share/explorer_cartographer/config/turtlebot3_lds_2d.lua
[0.735s] -- Installing: /home/rithwik/ros2_workspace2/install/explorer_cartographer/share/explorer_cartographer/launch
[0.735s] -- Installing: /home/rithwik/ros2_workspace2/install/explorer_cartographer/share/explorer_cartographer/launch/occupancy_grid.launch.py
[0.735s] -- Installing: /home/rithwik/ros2_workspace2/install/explorer_cartographer/share/explorer_cartographer/launch/cartographer.launch.py
[0.735s] -- Installing: /home/rithwik/ros2_workspace2/install/explorer_cartographer/share/explorer_cartographer/rviz
[0.735s] -- Installing: /home/rithwik/ros2_workspace2/install/explorer_cartographer/share/explorer_cartographer/rviz/tb3_cartographer.rviz
[0.736s] -- Installing: /home/rithwik/ros2_workspace2/install/explorer_cartographer/share/ament_index/resource_index/package_run_dependencies/explorer_cartographer
[0.736s] -- Installing: /home/rithwik/ros2_workspace2/install/explorer_cartographer/share/ament_index/resource_index/parent_prefix_path/explorer_cartographer
[0.736s] -- Installing: /home/rithwik/ros2_workspace2/install/explorer_cartographer/share/explorer_cartographer/environment/ament_prefix_path.sh
[0.736s] -- Installing: /home/rithwik/ros2_workspace2/install/explorer_cartographer/share/explorer_cartographer/environment/ament_prefix_path.dsv
[0.736s] -- Installing: /home/rithwik/ros2_workspace2/install/explorer_cartographer/share/explorer_cartographer/environment/path.sh
[0.736s] -- Installing: /home/rithwik/ros2_workspace2/install/explorer_cartographer/share/explorer_cartographer/environment/path.dsv
[0.736s] -- Installing: /home/rithwik/ros2_workspace2/install/explorer_cartographer/share/explorer_cartographer/local_setup.bash
[0.737s] -- Installing: /home/rithwik/ros2_workspace2/install/explorer_cartographer/share/explorer_cartographer/local_setup.sh
[0.737s] -- Installing: /home/rithwik/ros2_workspace2/install/explorer_cartographer/share/explorer_cartographer/local_setup.zsh
[0.737s] -- Installing: /home/rithwik/ros2_workspace2/install/explorer_cartographer/share/explorer_cartographer/local_setup.dsv
[0.737s] -- Installing: /home/rithwik/ros2_workspace2/install/explorer_cartographer/share/explorer_cartographer/package.dsv
[0.737s] -- Installing: /home/rithwik/ros2_workspace2/install/explorer_cartographer/share/ament_index/resource_index/packages/explorer_cartographer
[0.737s] -- Installing: /home/rithwik/ros2_workspace2/install/explorer_cartographer/share/explorer_cartographer/cmake/explorer_cartographerConfig.cmake
[0.737s] -- Installing: /home/rithwik/ros2_workspace2/install/explorer_cartographer/share/explorer_cartographer/cmake/explorer_cartographerConfig-version.cmake
[0.737s] -- Installing: /home/rithwik/ros2_workspace2/install/explorer_cartographer/share/explorer_cartographer/package.xml
[0.739s] Invoked command in '/home/rithwik/ros2_workspace2/build/explorer_cartographer' returned '0': CMAKE_PREFIX_PATH=/opt/ros/humble /usr/bin/cmake --install /home/rithwik/ros2_workspace2/build/explorer_cartographer
