[0.679s] Invoking command in '/home/rithwik/ros2_workspace2/src/ros2_explorer/explorer_bringup': PYTHONPATH=/home/rithwik/ros2_workspace2/build/explorer_bringup/prefix_override:/usr/lib/python3/dist-packages/colcon_core/task/python/colcon_distutils_commands:/home/rithwik/ros2_workspace2/install/explorer_bringup/lib/python3.10/site-packages:${PYTHONPATH} /usr/bin/python3 -W ignore:setup.py install is deprecated -W ignore:easy_install command is deprecated setup.py egg_info --egg-base ../../../build/explorer_bringup build --build-base /home/rithwik/ros2_workspace2/build/explorer_bringup/build install --record /home/rithwik/ros2_workspace2/build/explorer_bringup/install.log --single-version-externally-managed install_data
[0.799s] running egg_info
[0.799s] writing ../../../build/explorer_bringup/explorer_bringup.egg-info/PKG-INFO
[0.799s] writing dependency_links to ../../../build/explorer_bringup/explorer_bringup.egg-info/dependency_links.txt
[0.800s] writing entry points to ../../../build/explorer_bringup/explorer_bringup.egg-info/entry_points.txt
[0.800s] writing requirements to ../../../build/explorer_bringup/explorer_bringup.egg-info/requires.txt
[0.800s] writing top-level names to ../../../build/explorer_bringup/explorer_bringup.egg-info/top_level.txt
[0.800s] reading manifest file '../../../build/explorer_bringup/explorer_bringup.egg-info/SOURCES.txt'
[0.801s] writing manifest file '../../../build/explorer_bringup/explorer_bringup.egg-info/SOURCES.txt'
[0.801s] running build
[0.801s] running build_py
[0.801s] running install
[0.801s] running install_lib
[0.802s] running install_data
[0.802s] running install_egg_info
[0.803s] removing '/home/rithwik/ros2_workspace2/install/explorer_bringup/lib/python3.10/site-packages/explorer_bringup-0.0.0-py3.10.egg-info' (and everything under it)
[0.803s] Copying ../../../build/explorer_bringup/explorer_bringup.egg-info to /home/rithwik/ros2_workspace2/install/explorer_bringup/lib/python3.10/site-packages/explorer_bringup-0.0.0-py3.10.egg-info
[0.803s] running install_scripts
[0.814s] Installing manager script to /home/rithwik/ros2_workspace2/install/explorer_bringup/lib/explorer_bringup
[0.815s] writing list of installed files to '/home/rithwik/ros2_workspace2/build/explorer_bringup/install.log'
[0.828s] Invoked command in '/home/rithwik/ros2_workspace2/src/ros2_explorer/explorer_bringup' returned '0': PYTHONPATH=/home/rithwik/ros2_workspace2/build/explorer_bringup/prefix_override:/usr/lib/python3/dist-packages/colcon_core/task/python/colcon_distutils_commands:/home/rithwik/ros2_workspace2/install/explorer_bringup/lib/python3.10/site-packages:${PYTHONPATH} /usr/bin/python3 -W ignore:setup.py install is deprecated -W ignore:easy_install command is deprecated setup.py egg_info --egg-base ../../../build/explorer_bringup build --build-base /home/rithwik/ros2_workspace2/build/explorer_bringup/build install --record /home/rithwik/ros2_workspace2/build/explorer_bringup/install.log --single-version-externally-managed install_data
