[0.044s] DEBUG:colcon:Command line arguments: ['/usr/bin/colcon', 'build']
[0.044s] DEBUG:colcon:Parsed command line arguments: Namespace(log_base=None, log_level=None, verb_name='build', build_base='build', install_base='install', merge_install=False, symlink_install=False, test_result_base=None, continue_on_error=False, executor='parallel', parallel_workers=32, event_handlers=None, ignore_user_meta=False, metas=['./colcon.meta'], base_paths=['.'], packages_ignore=None, packages_ignore_regex=None, paths=None, packages_up_to=None, packages_up_to_regex=None, packages_above=None, packages_above_and_dependencies=None, packages_above_depth=None, packages_select_by_dep=None, packages_skip_by_dep=None, packages_skip_up_to=None, packages_select_build_failed=False, packages_skip_build_finished=False, packages_select_test_failures=False, packages_skip_test_passed=False, packages_select=None, packages_skip=None, packages_select_regex=None, packages_skip_regex=None, packages_start=None, packages_end=None, allow_overriding=[], cmake_args=None, cmake_target=None, cmake_target_skip_unavailable=False, cmake_clean_cache=False, cmake_clean_first=False, cmake_force_configure=False, ament_cmake_args=None, catkin_cmake_args=None, catkin_skip_building_tests=False, verb_parser=<colcon_defaults.argument_parser.defaults.DefaultArgumentsDecorator object at 0x7ab879d7ce50>, verb_extension=<colcon_core.verb.build.BuildVerb object at 0x7ab879d7c8e0>, main=<bound method BuildVerb.main of <colcon_core.verb.build.BuildVerb object at 0x7ab879d7c8e0>>)
[0.113s] Level 1:colcon.colcon_core.package_discovery:discover_packages(colcon_meta) check parameters
[0.113s] Level 1:colcon.colcon_core.package_discovery:discover_packages(recursive) check parameters
[0.113s] Level 1:colcon.colcon_core.package_discovery:discover_packages(ignore) check parameters
[0.113s] Level 1:colcon.colcon_core.package_discovery:discover_packages(path) check parameters
[0.113s] Level 1:colcon.colcon_core.package_discovery:discover_packages(colcon_meta) discover
[0.113s] Level 1:colcon.colcon_core.package_discovery:discover_packages(recursive) discover
[0.113s] INFO:colcon.colcon_core.package_discovery:Crawling recursively for packages in '/home/rithwik/ros2_workspace2'
[0.113s] Level 1:colcon.colcon_core.package_identification:_identify(.) by extensions ['ignore', 'ignore_ament_install']
[0.113s] Level 1:colcon.colcon_core.package_identification:_identify(.) by extension 'ignore'
[0.113s] Level 1:colcon.colcon_core.package_identification:_identify(.) by extension 'ignore_ament_install'
[0.113s] Level 1:colcon.colcon_core.package_identification:_identify(.) by extensions ['colcon_pkg']
[0.113s] Level 1:colcon.colcon_core.package_identification:_identify(.) by extension 'colcon_pkg'
[0.113s] Level 1:colcon.colcon_core.package_identification:_identify(.) by extensions ['colcon_meta']
[0.113s] Level 1:colcon.colcon_core.package_identification:_identify(.) by extension 'colcon_meta'
[0.113s] Level 1:colcon.colcon_core.package_identification:_identify(.) by extensions ['ros']
[0.113s] Level 1:colcon.colcon_core.package_identification:_identify(.) by extension 'ros'
[0.118s] Level 1:colcon.colcon_core.package_identification:_identify(.) by extensions ['cmake', 'python']
[0.118s] Level 1:colcon.colcon_core.package_identification:_identify(.) by extension 'cmake'
[0.118s] Level 1:colcon.colcon_core.package_identification:_identify(.) by extension 'python'
[0.118s] Level 1:colcon.colcon_core.package_identification:_identify(.) by extensions ['python_setup_py']
[0.118s] Level 1:colcon.colcon_core.package_identification:_identify(.) by extension 'python_setup_py'
[0.118s] Level 1:colcon.colcon_core.package_identification:_identify(build) by extensions ['ignore', 'ignore_ament_install']
[0.118s] Level 1:colcon.colcon_core.package_identification:_identify(build) by extension 'ignore'
[0.119s] Level 1:colcon.colcon_core.package_identification:_identify(build) ignored
[0.119s] Level 1:colcon.colcon_core.package_identification:_identify(install) by extensions ['ignore', 'ignore_ament_install']
[0.119s] Level 1:colcon.colcon_core.package_identification:_identify(install) by extension 'ignore'
[0.119s] Level 1:colcon.colcon_core.package_identification:_identify(install) ignored
[0.119s] Level 1:colcon.colcon_core.package_identification:_identify(log) by extensions ['ignore', 'ignore_ament_install']
[0.119s] Level 1:colcon.colcon_core.package_identification:_identify(log) by extension 'ignore'
[0.119s] Level 1:colcon.colcon_core.package_identification:_identify(log) ignored
[0.119s] Level 1:colcon.colcon_core.package_identification:_identify(plywood_mazes) by extensions ['ignore', 'ignore_ament_install']
[0.119s] Level 1:colcon.colcon_core.package_identification:_identify(plywood_mazes) by extension 'ignore'
[0.119s] Level 1:colcon.colcon_core.package_identification:_identify(plywood_mazes) ignored
[0.119s] Level 1:colcon.colcon_core.package_identification:_identify(src) by extensions ['ignore', 'ignore_ament_install']
[0.119s] Level 1:colcon.colcon_core.package_identification:_identify(src) by extension 'ignore'
[0.119s] Level 1:colcon.colcon_core.package_identification:_identify(src) by extension 'ignore_ament_install'
[0.119s] Level 1:colcon.colcon_core.package_identification:_identify(src) by extensions ['colcon_pkg']
[0.119s] Level 1:colcon.colcon_core.package_identification:_identify(src) by extension 'colcon_pkg'
[0.119s] Level 1:colcon.colcon_core.package_identification:_identify(src) by extensions ['colcon_meta']
[0.119s] Level 1:colcon.colcon_core.package_identification:_identify(src) by extension 'colcon_meta'
[0.119s] Level 1:colcon.colcon_core.package_identification:_identify(src) by extensions ['ros']
[0.119s] Level 1:colcon.colcon_core.package_identification:_identify(src) by extension 'ros'
[0.119s] Level 1:colcon.colcon_core.package_identification:_identify(src) by extensions ['cmake', 'python']
[0.119s] Level 1:colcon.colcon_core.package_identification:_identify(src) by extension 'cmake'
[0.119s] Level 1:colcon.colcon_core.package_identification:_identify(src) by extension 'python'
[0.119s] Level 1:colcon.colcon_core.package_identification:_identify(src) by extensions ['python_setup_py']
[0.119s] Level 1:colcon.colcon_core.package_identification:_identify(src) by extension 'python_setup_py'
[0.119s] Level 1:colcon.colcon_core.package_identification:_identify(src/ROS2-Autonomous-Driving-and-Navigation-SLAM-with-TurtleBot3) by extensions ['ignore', 'ignore_ament_install']
[0.119s] Level 1:colcon.colcon_core.package_identification:_identify(src/ROS2-Autonomous-Driving-and-Navigation-SLAM-with-TurtleBot3) by extension 'ignore'
[0.119s] Level 1:colcon.colcon_core.package_identification:_identify(src/ROS2-Autonomous-Driving-and-Navigation-SLAM-with-TurtleBot3) by extension 'ignore_ament_install'
[0.119s] Level 1:colcon.colcon_core.package_identification:_identify(src/ROS2-Autonomous-Driving-and-Navigation-SLAM-with-TurtleBot3) by extensions ['colcon_pkg']
[0.119s] Level 1:colcon.colcon_core.package_identification:_identify(src/ROS2-Autonomous-Driving-and-Navigation-SLAM-with-TurtleBot3) by extension 'colcon_pkg'
[0.119s] Level 1:colcon.colcon_core.package_identification:_identify(src/ROS2-Autonomous-Driving-and-Navigation-SLAM-with-TurtleBot3) by extensions ['colcon_meta']
[0.119s] Level 1:colcon.colcon_core.package_identification:_identify(src/ROS2-Autonomous-Driving-and-Navigation-SLAM-with-TurtleBot3) by extension 'colcon_meta'
[0.119s] Level 1:colcon.colcon_core.package_identification:_identify(src/ROS2-Autonomous-Driving-and-Navigation-SLAM-with-TurtleBot3) by extensions ['ros']
[0.119s] Level 1:colcon.colcon_core.package_identification:_identify(src/ROS2-Autonomous-Driving-and-Navigation-SLAM-with-TurtleBot3) by extension 'ros'
[0.119s] Level 1:colcon.colcon_core.package_identification:_identify(src/ROS2-Autonomous-Driving-and-Navigation-SLAM-with-TurtleBot3) by extensions ['cmake', 'python']
[0.119s] Level 1:colcon.colcon_core.package_identification:_identify(src/ROS2-Autonomous-Driving-and-Navigation-SLAM-with-TurtleBot3) by extension 'cmake'
[0.119s] Level 1:colcon.colcon_core.package_identification:_identify(src/ROS2-Autonomous-Driving-and-Navigation-SLAM-with-TurtleBot3) by extension 'python'
[0.119s] Level 1:colcon.colcon_core.package_identification:_identify(src/ROS2-Autonomous-Driving-and-Navigation-SLAM-with-TurtleBot3) by extensions ['python_setup_py']
[0.119s] Level 1:colcon.colcon_core.package_identification:_identify(src/ROS2-Autonomous-Driving-and-Navigation-SLAM-with-TurtleBot3) by extension 'python_setup_py'
[0.119s] Level 1:colcon.colcon_core.package_identification:_identify(src/ROS2-Autonomous-Driving-and-Navigation-SLAM-with-TurtleBot3/autonomous_tb3) by extensions ['ignore', 'ignore_ament_install']
[0.119s] Level 1:colcon.colcon_core.package_identification:_identify(src/ROS2-Autonomous-Driving-and-Navigation-SLAM-with-TurtleBot3/autonomous_tb3) by extension 'ignore'
[0.119s] Level 1:colcon.colcon_core.package_identification:_identify(src/ROS2-Autonomous-Driving-and-Navigation-SLAM-with-TurtleBot3/autonomous_tb3) by extension 'ignore_ament_install'
[0.119s] Level 1:colcon.colcon_core.package_identification:_identify(src/ROS2-Autonomous-Driving-and-Navigation-SLAM-with-TurtleBot3/autonomous_tb3) by extensions ['colcon_pkg']
[0.119s] Level 1:colcon.colcon_core.package_identification:_identify(src/ROS2-Autonomous-Driving-and-Navigation-SLAM-with-TurtleBot3/autonomous_tb3) by extension 'colcon_pkg'
[0.119s] Level 1:colcon.colcon_core.package_identification:_identify(src/ROS2-Autonomous-Driving-and-Navigation-SLAM-with-TurtleBot3/autonomous_tb3) by extensions ['colcon_meta']
[0.119s] Level 1:colcon.colcon_core.package_identification:_identify(src/ROS2-Autonomous-Driving-and-Navigation-SLAM-with-TurtleBot3/autonomous_tb3) by extension 'colcon_meta'
[0.119s] Level 1:colcon.colcon_core.package_identification:_identify(src/ROS2-Autonomous-Driving-and-Navigation-SLAM-with-TurtleBot3/autonomous_tb3) by extensions ['ros']
[0.119s] Level 1:colcon.colcon_core.package_identification:_identify(src/ROS2-Autonomous-Driving-and-Navigation-SLAM-with-TurtleBot3/autonomous_tb3) by extension 'ros'
[0.121s] DEBUG:colcon.colcon_core.package_identification:Package 'src/ROS2-Autonomous-Driving-and-Navigation-SLAM-with-TurtleBot3/autonomous_tb3' with type 'ros.ament_python' and name 'autonomous_tb3'
[0.121s] Level 1:colcon.colcon_core.package_identification:_identify(src/ROS2-Autonomous-Driving-and-Navigation-SLAM-with-TurtleBot3/image_resources) by extensions ['ignore', 'ignore_ament_install']
[0.121s] Level 1:colcon.colcon_core.package_identification:_identify(src/ROS2-Autonomous-Driving-and-Navigation-SLAM-with-TurtleBot3/image_resources) by extension 'ignore'
[0.121s] Level 1:colcon.colcon_core.package_identification:_identify(src/ROS2-Autonomous-Driving-and-Navigation-SLAM-with-TurtleBot3/image_resources) by extension 'ignore_ament_install'
[0.121s] Level 1:colcon.colcon_core.package_identification:_identify(src/ROS2-Autonomous-Driving-and-Navigation-SLAM-with-TurtleBot3/image_resources) by extensions ['colcon_pkg']
[0.121s] Level 1:colcon.colcon_core.package_identification:_identify(src/ROS2-Autonomous-Driving-and-Navigation-SLAM-with-TurtleBot3/image_resources) by extension 'colcon_pkg'
[0.121s] Level 1:colcon.colcon_core.package_identification:_identify(src/ROS2-Autonomous-Driving-and-Navigation-SLAM-with-TurtleBot3/image_resources) by extensions ['colcon_meta']
[0.121s] Level 1:colcon.colcon_core.package_identification:_identify(src/ROS2-Autonomous-Driving-and-Navigation-SLAM-with-TurtleBot3/image_resources) by extension 'colcon_meta'
[0.121s] Level 1:colcon.colcon_core.package_identification:_identify(src/ROS2-Autonomous-Driving-and-Navigation-SLAM-with-TurtleBot3/image_resources) by extensions ['ros']
[0.121s] Level 1:colcon.colcon_core.package_identification:_identify(src/ROS2-Autonomous-Driving-and-Navigation-SLAM-with-TurtleBot3/image_resources) by extension 'ros'
[0.121s] Level 1:colcon.colcon_core.package_identification:_identify(src/ROS2-Autonomous-Driving-and-Navigation-SLAM-with-TurtleBot3/image_resources) by extensions ['cmake', 'python']
[0.121s] Level 1:colcon.colcon_core.package_identification:_identify(src/ROS2-Autonomous-Driving-and-Navigation-SLAM-with-TurtleBot3/image_resources) by extension 'cmake'
[0.121s] Level 1:colcon.colcon_core.package_identification:_identify(src/ROS2-Autonomous-Driving-and-Navigation-SLAM-with-TurtleBot3/image_resources) by extension 'python'
[0.121s] Level 1:colcon.colcon_core.package_identification:_identify(src/ROS2-Autonomous-Driving-and-Navigation-SLAM-with-TurtleBot3/image_resources) by extensions ['python_setup_py']
[0.121s] Level 1:colcon.colcon_core.package_identification:_identify(src/ROS2-Autonomous-Driving-and-Navigation-SLAM-with-TurtleBot3/image_resources) by extension 'python_setup_py'
[0.121s] Level 1:colcon.colcon_core.package_identification:_identify(src/ros2_explorer) by extensions ['ignore', 'ignore_ament_install']
[0.121s] Level 1:colcon.colcon_core.package_identification:_identify(src/ros2_explorer) by extension 'ignore'
[0.121s] Level 1:colcon.colcon_core.package_identification:_identify(src/ros2_explorer) by extension 'ignore_ament_install'
[0.121s] Level 1:colcon.colcon_core.package_identification:_identify(src/ros2_explorer) by extensions ['colcon_pkg']
[0.121s] Level 1:colcon.colcon_core.package_identification:_identify(src/ros2_explorer) by extension 'colcon_pkg'
[0.121s] Level 1:colcon.colcon_core.package_identification:_identify(src/ros2_explorer) by extensions ['colcon_meta']
[0.121s] Level 1:colcon.colcon_core.package_identification:_identify(src/ros2_explorer) by extension 'colcon_meta'
[0.121s] Level 1:colcon.colcon_core.package_identification:_identify(src/ros2_explorer) by extensions ['ros']
[0.121s] Level 1:colcon.colcon_core.package_identification:_identify(src/ros2_explorer) by extension 'ros'
[0.121s] Level 1:colcon.colcon_core.package_identification:_identify(src/ros2_explorer) by extensions ['cmake', 'python']
[0.121s] Level 1:colcon.colcon_core.package_identification:_identify(src/ros2_explorer) by extension 'cmake'
[0.121s] Level 1:colcon.colcon_core.package_identification:_identify(src/ros2_explorer) by extension 'python'
[0.121s] Level 1:colcon.colcon_core.package_identification:_identify(src/ros2_explorer) by extensions ['python_setup_py']
[0.121s] Level 1:colcon.colcon_core.package_identification:_identify(src/ros2_explorer) by extension 'python_setup_py'
[0.121s] Level 1:colcon.colcon_core.package_identification:_identify(src/ros2_explorer/explorer_bringup) by extensions ['ignore', 'ignore_ament_install']
[0.121s] Level 1:colcon.colcon_core.package_identification:_identify(src/ros2_explorer/explorer_bringup) by extension 'ignore'
[0.121s] Level 1:colcon.colcon_core.package_identification:_identify(src/ros2_explorer/explorer_bringup) by extension 'ignore_ament_install'
[0.121s] Level 1:colcon.colcon_core.package_identification:_identify(src/ros2_explorer/explorer_bringup) by extensions ['colcon_pkg']
[0.121s] Level 1:colcon.colcon_core.package_identification:_identify(src/ros2_explorer/explorer_bringup) by extension 'colcon_pkg'
[0.121s] Level 1:colcon.colcon_core.package_identification:_identify(src/ros2_explorer/explorer_bringup) by extensions ['colcon_meta']
[0.121s] Level 1:colcon.colcon_core.package_identification:_identify(src/ros2_explorer/explorer_bringup) by extension 'colcon_meta'
[0.121s] Level 1:colcon.colcon_core.package_identification:_identify(src/ros2_explorer/explorer_bringup) by extensions ['ros']
[0.121s] Level 1:colcon.colcon_core.package_identification:_identify(src/ros2_explorer/explorer_bringup) by extension 'ros'
[0.122s] DEBUG:colcon.colcon_core.package_identification:Package 'src/ros2_explorer/explorer_bringup' with type 'ros.ament_python' and name 'explorer_bringup'
[0.122s] Level 1:colcon.colcon_core.package_identification:_identify(src/ros2_explorer/explorer_cartographer) by extensions ['ignore', 'ignore_ament_install']
[0.122s] Level 1:colcon.colcon_core.package_identification:_identify(src/ros2_explorer/explorer_cartographer) by extension 'ignore'
[0.122s] Level 1:colcon.colcon_core.package_identification:_identify(src/ros2_explorer/explorer_cartographer) by extension 'ignore_ament_install'
[0.122s] Level 1:colcon.colcon_core.package_identification:_identify(src/ros2_explorer/explorer_cartographer) by extensions ['colcon_pkg']
[0.122s] Level 1:colcon.colcon_core.package_identification:_identify(src/ros2_explorer/explorer_cartographer) by extension 'colcon_pkg'
[0.122s] Level 1:colcon.colcon_core.package_identification:_identify(src/ros2_explorer/explorer_cartographer) by extensions ['colcon_meta']
[0.122s] Level 1:colcon.colcon_core.package_identification:_identify(src/ros2_explorer/explorer_cartographer) by extension 'colcon_meta'
[0.122s] Level 1:colcon.colcon_core.package_identification:_identify(src/ros2_explorer/explorer_cartographer) by extensions ['ros']
[0.122s] Level 1:colcon.colcon_core.package_identification:_identify(src/ros2_explorer/explorer_cartographer) by extension 'ros'
[0.122s] DEBUG:colcon.colcon_core.package_identification:Package 'src/ros2_explorer/explorer_cartographer' with type 'ros.ament_cmake' and name 'explorer_cartographer'
[0.122s] Level 1:colcon.colcon_core.package_identification:_identify(src/ros2_explorer/explorer_gazebo) by extensions ['ignore', 'ignore_ament_install']
[0.122s] Level 1:colcon.colcon_core.package_identification:_identify(src/ros2_explorer/explorer_gazebo) by extension 'ignore'
[0.122s] Level 1:colcon.colcon_core.package_identification:_identify(src/ros2_explorer/explorer_gazebo) by extension 'ignore_ament_install'
[0.122s] Level 1:colcon.colcon_core.package_identification:_identify(src/ros2_explorer/explorer_gazebo) by extensions ['colcon_pkg']
[0.122s] Level 1:colcon.colcon_core.package_identification:_identify(src/ros2_explorer/explorer_gazebo) by extension 'colcon_pkg'
[0.122s] Level 1:colcon.colcon_core.package_identification:_identify(src/ros2_explorer/explorer_gazebo) by extensions ['colcon_meta']
[0.122s] Level 1:colcon.colcon_core.package_identification:_identify(src/ros2_explorer/explorer_gazebo) by extension 'colcon_meta'
[0.122s] Level 1:colcon.colcon_core.package_identification:_identify(src/ros2_explorer/explorer_gazebo) by extensions ['ros']
[0.122s] Level 1:colcon.colcon_core.package_identification:_identify(src/ros2_explorer/explorer_gazebo) by extension 'ros'
[0.122s] DEBUG:colcon.colcon_core.package_identification:Package 'src/ros2_explorer/explorer_gazebo' with type 'ros.ament_cmake' and name 'explorer_gazebo'
[0.122s] Level 1:colcon.colcon_core.package_identification:_identify(src/ros2_explorer/explorer_interfaces) by extensions ['ignore', 'ignore_ament_install']
[0.123s] Level 1:colcon.colcon_core.package_identification:_identify(src/ros2_explorer/explorer_interfaces) by extension 'ignore'
[0.123s] Level 1:colcon.colcon_core.package_identification:_identify(src/ros2_explorer/explorer_interfaces) by extension 'ignore_ament_install'
[0.123s] Level 1:colcon.colcon_core.package_identification:_identify(src/ros2_explorer/explorer_interfaces) by extensions ['colcon_pkg']
[0.123s] Level 1:colcon.colcon_core.package_identification:_identify(src/ros2_explorer/explorer_interfaces) by extension 'colcon_pkg'
[0.123s] Level 1:colcon.colcon_core.package_identification:_identify(src/ros2_explorer/explorer_interfaces) by extensions ['colcon_meta']
[0.123s] Level 1:colcon.colcon_core.package_identification:_identify(src/ros2_explorer/explorer_interfaces) by extension 'colcon_meta'
[0.123s] Level 1:colcon.colcon_core.package_identification:_identify(src/ros2_explorer/explorer_interfaces) by extensions ['ros']
[0.123s] Level 1:colcon.colcon_core.package_identification:_identify(src/ros2_explorer/explorer_interfaces) by extension 'ros'
[0.123s] DEBUG:colcon.colcon_core.package_identification:Package 'src/ros2_explorer/explorer_interfaces' with type 'ros.ament_cmake' and name 'explorer_interfaces'
[0.123s] Level 1:colcon.colcon_core.package_identification:_identify(src/ros2_explorer/explorer_map_utils) by extensions ['ignore', 'ignore_ament_install']
[0.123s] Level 1:colcon.colcon_core.package_identification:_identify(src/ros2_explorer/explorer_map_utils) by extension 'ignore'
[0.123s] Level 1:colcon.colcon_core.package_identification:_identify(src/ros2_explorer/explorer_map_utils) by extension 'ignore_ament_install'
[0.123s] Level 1:colcon.colcon_core.package_identification:_identify(src/ros2_explorer/explorer_map_utils) by extensions ['colcon_pkg']
[0.123s] Level 1:colcon.colcon_core.package_identification:_identify(src/ros2_explorer/explorer_map_utils) by extension 'colcon_pkg'
[0.123s] Level 1:colcon.colcon_core.package_identification:_identify(src/ros2_explorer/explorer_map_utils) by extensions ['colcon_meta']
[0.123s] Level 1:colcon.colcon_core.package_identification:_identify(src/ros2_explorer/explorer_map_utils) by extension 'colcon_meta'
[0.123s] Level 1:colcon.colcon_core.package_identification:_identify(src/ros2_explorer/explorer_map_utils) by extensions ['ros']
[0.123s] Level 1:colcon.colcon_core.package_identification:_identify(src/ros2_explorer/explorer_map_utils) by extension 'ros'
[0.123s] DEBUG:colcon.colcon_core.package_identification:Package 'src/ros2_explorer/explorer_map_utils' with type 'ros.ament_python' and name 'explorer_map_utils'
[0.123s] Level 1:colcon.colcon_core.package_identification:_identify(src/ros2_explorer/explorer_wanderer) by extensions ['ignore', 'ignore_ament_install']
[0.123s] Level 1:colcon.colcon_core.package_identification:_identify(src/ros2_explorer/explorer_wanderer) by extension 'ignore'
[0.124s] Level 1:colcon.colcon_core.package_identification:_identify(src/ros2_explorer/explorer_wanderer) by extension 'ignore_ament_install'
[0.124s] Level 1:colcon.colcon_core.package_identification:_identify(src/ros2_explorer/explorer_wanderer) by extensions ['colcon_pkg']
[0.124s] Level 1:colcon.colcon_core.package_identification:_identify(src/ros2_explorer/explorer_wanderer) by extension 'colcon_pkg'
[0.124s] Level 1:colcon.colcon_core.package_identification:_identify(src/ros2_explorer/explorer_wanderer) by extensions ['colcon_meta']
[0.124s] Level 1:colcon.colcon_core.package_identification:_identify(src/ros2_explorer/explorer_wanderer) by extension 'colcon_meta'
[0.124s] Level 1:colcon.colcon_core.package_identification:_identify(src/ros2_explorer/explorer_wanderer) by extensions ['ros']
[0.124s] Level 1:colcon.colcon_core.package_identification:_identify(src/ros2_explorer/explorer_wanderer) by extension 'ros'
[0.124s] DEBUG:colcon.colcon_core.package_identification:Package 'src/ros2_explorer/explorer_wanderer' with type 'ros.ament_python' and name 'explorer_wanderer'
[0.124s] Level 1:colcon.colcon_core.package_identification:_identify(src/rover) by extensions ['ignore', 'ignore_ament_install']
[0.124s] Level 1:colcon.colcon_core.package_identification:_identify(src/rover) by extension 'ignore'
[0.124s] Level 1:colcon.colcon_core.package_identification:_identify(src/rover) by extension 'ignore_ament_install'
[0.124s] Level 1:colcon.colcon_core.package_identification:_identify(src/rover) by extensions ['colcon_pkg']
[0.124s] Level 1:colcon.colcon_core.package_identification:_identify(src/rover) by extension 'colcon_pkg'
[0.124s] Level 1:colcon.colcon_core.package_identification:_identify(src/rover) by extensions ['colcon_meta']
[0.124s] Level 1:colcon.colcon_core.package_identification:_identify(src/rover) by extension 'colcon_meta'
[0.124s] Level 1:colcon.colcon_core.package_identification:_identify(src/rover) by extensions ['ros']
[0.124s] Level 1:colcon.colcon_core.package_identification:_identify(src/rover) by extension 'ros'
[0.124s] DEBUG:colcon.colcon_core.package_identification:Package 'src/rover' with type 'ros.ament_python' and name 'rover'
[0.124s] Level 1:colcon.colcon_core.package_identification:_identify(src/urdf_tutorial) by extensions ['ignore', 'ignore_ament_install']
[0.124s] Level 1:colcon.colcon_core.package_identification:_identify(src/urdf_tutorial) by extension 'ignore'
[0.124s] Level 1:colcon.colcon_core.package_identification:_identify(src/urdf_tutorial) by extension 'ignore_ament_install'
[0.124s] Level 1:colcon.colcon_core.package_identification:_identify(src/urdf_tutorial) by extensions ['colcon_pkg']
[0.124s] Level 1:colcon.colcon_core.package_identification:_identify(src/urdf_tutorial) by extension 'colcon_pkg'
[0.124s] Level 1:colcon.colcon_core.package_identification:_identify(src/urdf_tutorial) by extensions ['colcon_meta']
[0.124s] Level 1:colcon.colcon_core.package_identification:_identify(src/urdf_tutorial) by extension 'colcon_meta'
[0.124s] Level 1:colcon.colcon_core.package_identification:_identify(src/urdf_tutorial) by extensions ['ros']
[0.124s] Level 1:colcon.colcon_core.package_identification:_identify(src/urdf_tutorial) by extension 'ros'
[0.124s] Level 1:colcon.colcon_core.package_identification:_identify(src/urdf_tutorial) by extensions ['cmake', 'python']
[0.124s] Level 1:colcon.colcon_core.package_identification:_identify(src/urdf_tutorial) by extension 'cmake'
[0.124s] Level 1:colcon.colcon_core.package_identification:_identify(src/urdf_tutorial) by extension 'python'
[0.124s] Level 1:colcon.colcon_core.package_identification:_identify(src/urdf_tutorial) by extensions ['python_setup_py']
[0.124s] Level 1:colcon.colcon_core.package_identification:_identify(src/urdf_tutorial) by extension 'python_setup_py'
[0.124s] Level 1:colcon.colcon_core.package_discovery:discover_packages(recursive) using defaults
[0.125s] Level 1:colcon.colcon_core.package_discovery:discover_packages(ignore) discover
[0.125s] Level 1:colcon.colcon_core.package_discovery:discover_packages(ignore) using defaults
[0.125s] Level 1:colcon.colcon_core.package_discovery:discover_packages(path) discover
[0.125s] Level 1:colcon.colcon_core.package_discovery:discover_packages(path) using defaults
[0.138s] Level 1:colcon.colcon_core.package_discovery:discover_packages(prefix_path) check parameters
[0.138s] Level 1:colcon.colcon_core.package_discovery:discover_packages(prefix_path) discover
[0.139s] DEBUG:colcon.colcon_installed_package_information.package_discovery:Found 2 installed packages in /home/rithwik/ros2_workspace2/install
[0.140s] DEBUG:colcon.colcon_installed_package_information.package_discovery:Found 418 installed packages in /opt/ros/humble
[0.140s] Level 1:colcon.colcon_core.package_discovery:discover_packages(prefix_path) using defaults
[0.161s] Level 5:colcon.colcon_core.verb:set package 'autonomous_tb3' build argument 'cmake_args' from command line to 'None'
[0.161s] Level 5:colcon.colcon_core.verb:set package 'autonomous_tb3' build argument 'cmake_target' from command line to 'None'
[0.161s] Level 5:colcon.colcon_core.verb:set package 'autonomous_tb3' build argument 'cmake_target_skip_unavailable' from command line to 'False'
[0.161s] Level 5:colcon.colcon_core.verb:set package 'autonomous_tb3' build argument 'cmake_clean_cache' from command line to 'False'
[0.161s] Level 5:colcon.colcon_core.verb:set package 'autonomous_tb3' build argument 'cmake_clean_first' from command line to 'False'
[0.161s] Level 5:colcon.colcon_core.verb:set package 'autonomous_tb3' build argument 'cmake_force_configure' from command line to 'False'
[0.161s] Level 5:colcon.colcon_core.verb:set package 'autonomous_tb3' build argument 'ament_cmake_args' from command line to 'None'
[0.161s] Level 5:colcon.colcon_core.verb:set package 'autonomous_tb3' build argument 'catkin_cmake_args' from command line to 'None'
[0.161s] Level 5:colcon.colcon_core.verb:set package 'autonomous_tb3' build argument 'catkin_skip_building_tests' from command line to 'False'
[0.161s] DEBUG:colcon.colcon_core.verb:Building package 'autonomous_tb3' with the following arguments: {'ament_cmake_args': None, 'build_base': '/home/rithwik/ros2_workspace2/build/autonomous_tb3', 'catkin_cmake_args': None, 'catkin_skip_building_tests': False, 'cmake_args': None, 'cmake_clean_cache': False, 'cmake_clean_first': False, 'cmake_force_configure': False, 'cmake_target': None, 'cmake_target_skip_unavailable': False, 'install_base': '/home/rithwik/ros2_workspace2/install/autonomous_tb3', 'merge_install': False, 'path': '/home/rithwik/ros2_workspace2/src/ROS2-Autonomous-Driving-and-Navigation-SLAM-with-TurtleBot3/autonomous_tb3', 'symlink_install': False, 'test_result_base': None}
[0.161s] Level 5:colcon.colcon_core.verb:set package 'explorer_bringup' build argument 'cmake_args' from command line to 'None'
[0.161s] Level 5:colcon.colcon_core.verb:set package 'explorer_bringup' build argument 'cmake_target' from command line to 'None'
[0.161s] Level 5:colcon.colcon_core.verb:set package 'explorer_bringup' build argument 'cmake_target_skip_unavailable' from command line to 'False'
[0.161s] Level 5:colcon.colcon_core.verb:set package 'explorer_bringup' build argument 'cmake_clean_cache' from command line to 'False'
[0.161s] Level 5:colcon.colcon_core.verb:set package 'explorer_bringup' build argument 'cmake_clean_first' from command line to 'False'
[0.161s] Level 5:colcon.colcon_core.verb:set package 'explorer_bringup' build argument 'cmake_force_configure' from command line to 'False'
[0.161s] Level 5:colcon.colcon_core.verb:set package 'explorer_bringup' build argument 'ament_cmake_args' from command line to 'None'
[0.161s] Level 5:colcon.colcon_core.verb:set package 'explorer_bringup' build argument 'catkin_cmake_args' from command line to 'None'
[0.161s] Level 5:colcon.colcon_core.verb:set package 'explorer_bringup' build argument 'catkin_skip_building_tests' from command line to 'False'
[0.161s] DEBUG:colcon.colcon_core.verb:Building package 'explorer_bringup' with the following arguments: {'ament_cmake_args': None, 'build_base': '/home/rithwik/ros2_workspace2/build/explorer_bringup', 'catkin_cmake_args': None, 'catkin_skip_building_tests': False, 'cmake_args': None, 'cmake_clean_cache': False, 'cmake_clean_first': False, 'cmake_force_configure': False, 'cmake_target': None, 'cmake_target_skip_unavailable': False, 'install_base': '/home/rithwik/ros2_workspace2/install/explorer_bringup', 'merge_install': False, 'path': '/home/rithwik/ros2_workspace2/src/ros2_explorer/explorer_bringup', 'symlink_install': False, 'test_result_base': None}
[0.161s] Level 5:colcon.colcon_core.verb:set package 'explorer_cartographer' build argument 'cmake_args' from command line to 'None'
[0.161s] Level 5:colcon.colcon_core.verb:set package 'explorer_cartographer' build argument 'cmake_target' from command line to 'None'
[0.161s] Level 5:colcon.colcon_core.verb:set package 'explorer_cartographer' build argument 'cmake_target_skip_unavailable' from command line to 'False'
[0.161s] Level 5:colcon.colcon_core.verb:set package 'explorer_cartographer' build argument 'cmake_clean_cache' from command line to 'False'
[0.161s] Level 5:colcon.colcon_core.verb:set package 'explorer_cartographer' build argument 'cmake_clean_first' from command line to 'False'
[0.161s] Level 5:colcon.colcon_core.verb:set package 'explorer_cartographer' build argument 'cmake_force_configure' from command line to 'False'
[0.161s] Level 5:colcon.colcon_core.verb:set package 'explorer_cartographer' build argument 'ament_cmake_args' from command line to 'None'
[0.161s] Level 5:colcon.colcon_core.verb:set package 'explorer_cartographer' build argument 'catkin_cmake_args' from command line to 'None'
[0.161s] Level 5:colcon.colcon_core.verb:set package 'explorer_cartographer' build argument 'catkin_skip_building_tests' from command line to 'False'
[0.161s] DEBUG:colcon.colcon_core.verb:Building package 'explorer_cartographer' with the following arguments: {'ament_cmake_args': None, 'build_base': '/home/rithwik/ros2_workspace2/build/explorer_cartographer', 'catkin_cmake_args': None, 'catkin_skip_building_tests': False, 'cmake_args': None, 'cmake_clean_cache': False, 'cmake_clean_first': False, 'cmake_force_configure': False, 'cmake_target': None, 'cmake_target_skip_unavailable': False, 'install_base': '/home/rithwik/ros2_workspace2/install/explorer_cartographer', 'merge_install': False, 'path': '/home/rithwik/ros2_workspace2/src/ros2_explorer/explorer_cartographer', 'symlink_install': False, 'test_result_base': None}
[0.161s] Level 5:colcon.colcon_core.verb:set package 'explorer_gazebo' build argument 'cmake_args' from command line to 'None'
[0.161s] Level 5:colcon.colcon_core.verb:set package 'explorer_gazebo' build argument 'cmake_target' from command line to 'None'
[0.161s] Level 5:colcon.colcon_core.verb:set package 'explorer_gazebo' build argument 'cmake_target_skip_unavailable' from command line to 'False'
[0.161s] Level 5:colcon.colcon_core.verb:set package 'explorer_gazebo' build argument 'cmake_clean_cache' from command line to 'False'
[0.161s] Level 5:colcon.colcon_core.verb:set package 'explorer_gazebo' build argument 'cmake_clean_first' from command line to 'False'
[0.161s] Level 5:colcon.colcon_core.verb:set package 'explorer_gazebo' build argument 'cmake_force_configure' from command line to 'False'
[0.161s] Level 5:colcon.colcon_core.verb:set package 'explorer_gazebo' build argument 'ament_cmake_args' from command line to 'None'
[0.161s] Level 5:colcon.colcon_core.verb:set package 'explorer_gazebo' build argument 'catkin_cmake_args' from command line to 'None'
[0.161s] Level 5:colcon.colcon_core.verb:set package 'explorer_gazebo' build argument 'catkin_skip_building_tests' from command line to 'False'
[0.161s] DEBUG:colcon.colcon_core.verb:Building package 'explorer_gazebo' with the following arguments: {'ament_cmake_args': None, 'build_base': '/home/rithwik/ros2_workspace2/build/explorer_gazebo', 'catkin_cmake_args': None, 'catkin_skip_building_tests': False, 'cmake_args': None, 'cmake_clean_cache': False, 'cmake_clean_first': False, 'cmake_force_configure': False, 'cmake_target': None, 'cmake_target_skip_unavailable': False, 'install_base': '/home/rithwik/ros2_workspace2/install/explorer_gazebo', 'merge_install': False, 'path': '/home/rithwik/ros2_workspace2/src/ros2_explorer/explorer_gazebo', 'symlink_install': False, 'test_result_base': None}
[0.161s] Level 5:colcon.colcon_core.verb:set package 'explorer_interfaces' build argument 'cmake_args' from command line to 'None'
[0.161s] Level 5:colcon.colcon_core.verb:set package 'explorer_interfaces' build argument 'cmake_target' from command line to 'None'
[0.162s] Level 5:colcon.colcon_core.verb:set package 'explorer_interfaces' build argument 'cmake_target_skip_unavailable' from command line to 'False'
[0.162s] Level 5:colcon.colcon_core.verb:set package 'explorer_interfaces' build argument 'cmake_clean_cache' from command line to 'False'
[0.162s] Level 5:colcon.colcon_core.verb:set package 'explorer_interfaces' build argument 'cmake_clean_first' from command line to 'False'
[0.162s] Level 5:colcon.colcon_core.verb:set package 'explorer_interfaces' build argument 'cmake_force_configure' from command line to 'False'
[0.162s] Level 5:colcon.colcon_core.verb:set package 'explorer_interfaces' build argument 'ament_cmake_args' from command line to 'None'
[0.162s] Level 5:colcon.colcon_core.verb:set package 'explorer_interfaces' build argument 'catkin_cmake_args' from command line to 'None'
[0.162s] Level 5:colcon.colcon_core.verb:set package 'explorer_interfaces' build argument 'catkin_skip_building_tests' from command line to 'False'
[0.162s] DEBUG:colcon.colcon_core.verb:Building package 'explorer_interfaces' with the following arguments: {'ament_cmake_args': None, 'build_base': '/home/rithwik/ros2_workspace2/build/explorer_interfaces', 'catkin_cmake_args': None, 'catkin_skip_building_tests': False, 'cmake_args': None, 'cmake_clean_cache': False, 'cmake_clean_first': False, 'cmake_force_configure': False, 'cmake_target': None, 'cmake_target_skip_unavailable': False, 'install_base': '/home/rithwik/ros2_workspace2/install/explorer_interfaces', 'merge_install': False, 'path': '/home/rithwik/ros2_workspace2/src/ros2_explorer/explorer_interfaces', 'symlink_install': False, 'test_result_base': None}
[0.162s] Level 5:colcon.colcon_core.verb:set package 'explorer_map_utils' build argument 'cmake_args' from command line to 'None'
[0.162s] Level 5:colcon.colcon_core.verb:set package 'explorer_map_utils' build argument 'cmake_target' from command line to 'None'
[0.162s] Level 5:colcon.colcon_core.verb:set package 'explorer_map_utils' build argument 'cmake_target_skip_unavailable' from command line to 'False'
[0.162s] Level 5:colcon.colcon_core.verb:set package 'explorer_map_utils' build argument 'cmake_clean_cache' from command line to 'False'
[0.162s] Level 5:colcon.colcon_core.verb:set package 'explorer_map_utils' build argument 'cmake_clean_first' from command line to 'False'
[0.162s] Level 5:colcon.colcon_core.verb:set package 'explorer_map_utils' build argument 'cmake_force_configure' from command line to 'False'
[0.162s] Level 5:colcon.colcon_core.verb:set package 'explorer_map_utils' build argument 'ament_cmake_args' from command line to 'None'
[0.162s] Level 5:colcon.colcon_core.verb:set package 'explorer_map_utils' build argument 'catkin_cmake_args' from command line to 'None'
[0.162s] Level 5:colcon.colcon_core.verb:set package 'explorer_map_utils' build argument 'catkin_skip_building_tests' from command line to 'False'
[0.162s] DEBUG:colcon.colcon_core.verb:Building package 'explorer_map_utils' with the following arguments: {'ament_cmake_args': None, 'build_base': '/home/rithwik/ros2_workspace2/build/explorer_map_utils', 'catkin_cmake_args': None, 'catkin_skip_building_tests': False, 'cmake_args': None, 'cmake_clean_cache': False, 'cmake_clean_first': False, 'cmake_force_configure': False, 'cmake_target': None, 'cmake_target_skip_unavailable': False, 'install_base': '/home/rithwik/ros2_workspace2/install/explorer_map_utils', 'merge_install': False, 'path': '/home/rithwik/ros2_workspace2/src/ros2_explorer/explorer_map_utils', 'symlink_install': False, 'test_result_base': None}
[0.162s] Level 5:colcon.colcon_core.verb:set package 'explorer_wanderer' build argument 'cmake_args' from command line to 'None'
[0.162s] Level 5:colcon.colcon_core.verb:set package 'explorer_wanderer' build argument 'cmake_target' from command line to 'None'
[0.162s] Level 5:colcon.colcon_core.verb:set package 'explorer_wanderer' build argument 'cmake_target_skip_unavailable' from command line to 'False'
[0.162s] Level 5:colcon.colcon_core.verb:set package 'explorer_wanderer' build argument 'cmake_clean_cache' from command line to 'False'
[0.162s] Level 5:colcon.colcon_core.verb:set package 'explorer_wanderer' build argument 'cmake_clean_first' from command line to 'False'
[0.162s] Level 5:colcon.colcon_core.verb:set package 'explorer_wanderer' build argument 'cmake_force_configure' from command line to 'False'
[0.162s] Level 5:colcon.colcon_core.verb:set package 'explorer_wanderer' build argument 'ament_cmake_args' from command line to 'None'
[0.162s] Level 5:colcon.colcon_core.verb:set package 'explorer_wanderer' build argument 'catkin_cmake_args' from command line to 'None'
[0.162s] Level 5:colcon.colcon_core.verb:set package 'explorer_wanderer' build argument 'catkin_skip_building_tests' from command line to 'False'
[0.162s] DEBUG:colcon.colcon_core.verb:Building package 'explorer_wanderer' with the following arguments: {'ament_cmake_args': None, 'build_base': '/home/rithwik/ros2_workspace2/build/explorer_wanderer', 'catkin_cmake_args': None, 'catkin_skip_building_tests': False, 'cmake_args': None, 'cmake_clean_cache': False, 'cmake_clean_first': False, 'cmake_force_configure': False, 'cmake_target': None, 'cmake_target_skip_unavailable': False, 'install_base': '/home/rithwik/ros2_workspace2/install/explorer_wanderer', 'merge_install': False, 'path': '/home/rithwik/ros2_workspace2/src/ros2_explorer/explorer_wanderer', 'symlink_install': False, 'test_result_base': None}
[0.162s] Level 5:colcon.colcon_core.verb:set package 'rover' build argument 'cmake_args' from command line to 'None'
[0.162s] Level 5:colcon.colcon_core.verb:set package 'rover' build argument 'cmake_target' from command line to 'None'
[0.162s] Level 5:colcon.colcon_core.verb:set package 'rover' build argument 'cmake_target_skip_unavailable' from command line to 'False'
[0.162s] Level 5:colcon.colcon_core.verb:set package 'rover' build argument 'cmake_clean_cache' from command line to 'False'
[0.162s] Level 5:colcon.colcon_core.verb:set package 'rover' build argument 'cmake_clean_first' from command line to 'False'
[0.162s] Level 5:colcon.colcon_core.verb:set package 'rover' build argument 'cmake_force_configure' from command line to 'False'
[0.162s] Level 5:colcon.colcon_core.verb:set package 'rover' build argument 'ament_cmake_args' from command line to 'None'
[0.162s] Level 5:colcon.colcon_core.verb:set package 'rover' build argument 'catkin_cmake_args' from command line to 'None'
[0.162s] Level 5:colcon.colcon_core.verb:set package 'rover' build argument 'catkin_skip_building_tests' from command line to 'False'
[0.162s] DEBUG:colcon.colcon_core.verb:Building package 'rover' with the following arguments: {'ament_cmake_args': None, 'build_base': '/home/rithwik/ros2_workspace2/build/rover', 'catkin_cmake_args': None, 'catkin_skip_building_tests': False, 'cmake_args': None, 'cmake_clean_cache': False, 'cmake_clean_first': False, 'cmake_force_configure': False, 'cmake_target': None, 'cmake_target_skip_unavailable': False, 'install_base': '/home/rithwik/ros2_workspace2/install/rover', 'merge_install': False, 'path': '/home/rithwik/ros2_workspace2/src/rover', 'symlink_install': False, 'test_result_base': None}
[0.162s] INFO:colcon.colcon_core.executor:Executing jobs using 'parallel' executor
[0.163s] DEBUG:colcon.colcon_parallel_executor.executor.parallel:run_until_complete
[0.163s] INFO:colcon.colcon_ros.task.ament_python.build:Building ROS package in '/home/rithwik/ros2_workspace2/src/ROS2-Autonomous-Driving-and-Navigation-SLAM-with-TurtleBot3/autonomous_tb3' with build type 'ament_python'
[0.163s] Level 1:colcon.colcon_core.shell:create_environment_hook('autonomous_tb3', 'ament_prefix_path')
[0.164s] INFO:colcon.colcon_core.plugin_system:Skipping extension 'colcon_core.shell.bat': Not used on non-Windows systems
[0.164s] INFO:colcon.colcon_core.shell:Creating environment hook '/home/rithwik/ros2_workspace2/install/autonomous_tb3/share/autonomous_tb3/hook/ament_prefix_path.ps1'
[0.165s] INFO:colcon.colcon_core.shell:Creating environment descriptor '/home/rithwik/ros2_workspace2/install/autonomous_tb3/share/autonomous_tb3/hook/ament_prefix_path.dsv'
[0.165s] INFO:colcon.colcon_core.shell:Creating environment hook '/home/rithwik/ros2_workspace2/install/autonomous_tb3/share/autonomous_tb3/hook/ament_prefix_path.sh'
[0.165s] INFO:colcon.colcon_core.shell:Skip shell extension 'powershell' for command environment: Not usable outside of PowerShell
[0.165s] DEBUG:colcon.colcon_core.shell:Skip shell extension 'dsv' for command environment
[0.167s] INFO:colcon.colcon_ros.task.ament_python.build:Building ROS package in '/home/rithwik/ros2_workspace2/src/ros2_explorer/explorer_bringup' with build type 'ament_python'
[0.167s] Level 1:colcon.colcon_core.shell:create_environment_hook('explorer_bringup', 'ament_prefix_path')
[0.167s] INFO:colcon.colcon_core.shell:Creating environment hook '/home/rithwik/ros2_workspace2/install/explorer_bringup/share/explorer_bringup/hook/ament_prefix_path.ps1'
[0.167s] INFO:colcon.colcon_core.shell:Creating environment descriptor '/home/rithwik/ros2_workspace2/install/explorer_bringup/share/explorer_bringup/hook/ament_prefix_path.dsv'
[0.168s] INFO:colcon.colcon_core.shell:Creating environment hook '/home/rithwik/ros2_workspace2/install/explorer_bringup/share/explorer_bringup/hook/ament_prefix_path.sh'
[0.168s] INFO:colcon.colcon_core.shell:Skip shell extension 'powershell' for command environment: Not usable outside of PowerShell
[0.168s] DEBUG:colcon.colcon_core.shell:Skip shell extension 'dsv' for command environment
[0.169s] INFO:colcon.colcon_ros.task.ament_cmake.build:Building ROS package in '/home/rithwik/ros2_workspace2/src/ros2_explorer/explorer_cartographer' with build type 'ament_cmake'
[0.169s] INFO:colcon.colcon_cmake.task.cmake.build:Building CMake package in '/home/rithwik/ros2_workspace2/src/ros2_explorer/explorer_cartographer'
[0.170s] INFO:colcon.colcon_core.shell:Skip shell extension 'powershell' for command environment: Not usable outside of PowerShell
[0.170s] DEBUG:colcon.colcon_core.shell:Skip shell extension 'dsv' for command environment
[0.172s] INFO:colcon.colcon_ros.task.ament_cmake.build:Building ROS package in '/home/rithwik/ros2_workspace2/src/ros2_explorer/explorer_gazebo' with build type 'ament_cmake'
[0.172s] INFO:colcon.colcon_cmake.task.cmake.build:Building CMake package in '/home/rithwik/ros2_workspace2/src/ros2_explorer/explorer_gazebo'
[0.172s] INFO:colcon.colcon_core.shell:Skip shell extension 'powershell' for command environment: Not usable outside of PowerShell
[0.172s] DEBUG:colcon.colcon_core.shell:Skip shell extension 'dsv' for command environment
[0.174s] INFO:colcon.colcon_ros.task.ament_cmake.build:Building ROS package in '/home/rithwik/ros2_workspace2/src/ros2_explorer/explorer_interfaces' with build type 'ament_cmake'
[0.174s] INFO:colcon.colcon_cmake.task.cmake.build:Building CMake package in '/home/rithwik/ros2_workspace2/src/ros2_explorer/explorer_interfaces'
[0.174s] INFO:colcon.colcon_core.shell:Skip shell extension 'powershell' for command environment: Not usable outside of PowerShell
[0.174s] DEBUG:colcon.colcon_core.shell:Skip shell extension 'dsv' for command environment
[0.175s] INFO:colcon.colcon_ros.task.ament_python.build:Building ROS package in '/home/rithwik/ros2_workspace2/src/ros2_explorer/explorer_map_utils' with build type 'ament_python'
[0.175s] Level 1:colcon.colcon_core.shell:create_environment_hook('explorer_map_utils', 'ament_prefix_path')
[0.176s] INFO:colcon.colcon_core.shell:Creating environment hook '/home/rithwik/ros2_workspace2/install/explorer_map_utils/share/explorer_map_utils/hook/ament_prefix_path.ps1'
[0.176s] INFO:colcon.colcon_core.shell:Creating environment descriptor '/home/rithwik/ros2_workspace2/install/explorer_map_utils/share/explorer_map_utils/hook/ament_prefix_path.dsv'
[0.176s] INFO:colcon.colcon_core.shell:Creating environment hook '/home/rithwik/ros2_workspace2/install/explorer_map_utils/share/explorer_map_utils/hook/ament_prefix_path.sh'
[0.176s] INFO:colcon.colcon_core.shell:Skip shell extension 'powershell' for command environment: Not usable outside of PowerShell
[0.176s] DEBUG:colcon.colcon_core.shell:Skip shell extension 'dsv' for command environment
[0.178s] INFO:colcon.colcon_ros.task.ament_python.build:Building ROS package in '/home/rithwik/ros2_workspace2/src/ros2_explorer/explorer_wanderer' with build type 'ament_python'
[0.178s] Level 1:colcon.colcon_core.shell:create_environment_hook('explorer_wanderer', 'ament_prefix_path')
[0.178s] INFO:colcon.colcon_core.shell:Creating environment hook '/home/rithwik/ros2_workspace2/install/explorer_wanderer/share/explorer_wanderer/hook/ament_prefix_path.ps1'
[0.178s] INFO:colcon.colcon_core.shell:Creating environment descriptor '/home/rithwik/ros2_workspace2/install/explorer_wanderer/share/explorer_wanderer/hook/ament_prefix_path.dsv'
[0.178s] INFO:colcon.colcon_core.shell:Creating environment hook '/home/rithwik/ros2_workspace2/install/explorer_wanderer/share/explorer_wanderer/hook/ament_prefix_path.sh'
[0.178s] INFO:colcon.colcon_core.shell:Skip shell extension 'powershell' for command environment: Not usable outside of PowerShell
[0.178s] DEBUG:colcon.colcon_core.shell:Skip shell extension 'dsv' for command environment
[0.180s] INFO:colcon.colcon_ros.task.ament_python.build:Building ROS package in '/home/rithwik/ros2_workspace2/src/rover' with build type 'ament_python'
[0.180s] Level 1:colcon.colcon_core.shell:create_environment_hook('rover', 'ament_prefix_path')
[0.180s] INFO:colcon.colcon_core.shell:Creating environment hook '/home/rithwik/ros2_workspace2/install/rover/share/rover/hook/ament_prefix_path.ps1'
[0.180s] INFO:colcon.colcon_core.shell:Creating environment descriptor '/home/rithwik/ros2_workspace2/install/rover/share/rover/hook/ament_prefix_path.dsv'
[0.181s] INFO:colcon.colcon_core.shell:Creating environment hook '/home/rithwik/ros2_workspace2/install/rover/share/rover/hook/ament_prefix_path.sh'
[0.181s] INFO:colcon.colcon_core.shell:Skip shell extension 'powershell' for command environment: Not usable outside of PowerShell
[0.181s] DEBUG:colcon.colcon_core.shell:Skip shell extension 'dsv' for command environment
[0.297s] INFO:colcon.colcon_core.task.python.build:Building Python package in '/home/rithwik/ros2_workspace2/src/ROS2-Autonomous-Driving-and-Navigation-SLAM-with-TurtleBot3/autonomous_tb3'
[0.297s] INFO:colcon.colcon_core.shell:Skip shell extension 'powershell' for command environment: Not usable outside of PowerShell
[0.297s] DEBUG:colcon.colcon_core.shell:Skip shell extension 'dsv' for command environment
[0.408s] INFO:colcon.colcon_core.task.python.build:Building Python package in '/home/rithwik/ros2_workspace2/src/ros2_explorer/explorer_bringup'
[0.408s] INFO:colcon.colcon_core.shell:Skip shell extension 'powershell' for command environment: Not usable outside of PowerShell
[0.408s] DEBUG:colcon.colcon_core.shell:Skip shell extension 'dsv' for command environment
[0.412s] DEBUG:colcon.colcon_core.event_handler.log_command:Invoking command in '/home/rithwik/ros2_workspace2/build/explorer_cartographer': CMAKE_PREFIX_PATH=/home/rithwik/ros2_workspace2/install/rover:/home/rithwik/ros2_workspace2/install/autonomous_tb3:/opt/ros/humble /usr/bin/cmake /home/rithwik/ros2_workspace2/src/ros2_explorer/explorer_cartographer -DCMAKE_INSTALL_PREFIX=/home/rithwik/ros2_workspace2/install/explorer_cartographer
[0.413s] DEBUG:colcon.colcon_core.event_handler.log_command:Invoking command in '/home/rithwik/ros2_workspace2/build/explorer_gazebo': CMAKE_PREFIX_PATH=/home/rithwik/ros2_workspace2/install/rover:/home/rithwik/ros2_workspace2/install/autonomous_tb3:/opt/ros/humble /usr/bin/cmake /home/rithwik/ros2_workspace2/src/ros2_explorer/explorer_gazebo -DCMAKE_INSTALL_PREFIX=/home/rithwik/ros2_workspace2/install/explorer_gazebo
[0.414s] DEBUG:colcon.colcon_core.event_handler.log_command:Invoking command in '/home/rithwik/ros2_workspace2/build/explorer_interfaces': CMAKE_PREFIX_PATH=/home/rithwik/ros2_workspace2/install/rover:/home/rithwik/ros2_workspace2/install/autonomous_tb3:/opt/ros/humble /usr/bin/cmake /home/rithwik/ros2_workspace2/src/ros2_explorer/explorer_interfaces -DCMAKE_INSTALL_PREFIX=/home/rithwik/ros2_workspace2/install/explorer_interfaces
[0.527s] INFO:colcon.colcon_core.task.python.build:Building Python package in '/home/rithwik/ros2_workspace2/src/ros2_explorer/explorer_map_utils'
[0.527s] INFO:colcon.colcon_core.shell:Skip shell extension 'powershell' for command environment: Not usable outside of PowerShell
[0.527s] DEBUG:colcon.colcon_core.shell:Skip shell extension 'dsv' for command environment
[0.650s] INFO:colcon.colcon_core.task.python.build:Building Python package in '/home/rithwik/ros2_workspace2/src/ros2_explorer/explorer_wanderer'
[0.651s] INFO:colcon.colcon_core.shell:Skip shell extension 'powershell' for command environment: Not usable outside of PowerShell
[0.651s] DEBUG:colcon.colcon_core.shell:Skip shell extension 'dsv' for command environment
[0.769s] INFO:colcon.colcon_core.task.python.build:Building Python package in '/home/rithwik/ros2_workspace2/src/rover'
[0.769s] INFO:colcon.colcon_core.shell:Skip shell extension 'powershell' for command environment: Not usable outside of PowerShell
[0.769s] DEBUG:colcon.colcon_core.shell:Skip shell extension 'dsv' for command environment
[0.818s] DEBUG:colcon.colcon_core.event_handler.log_command:Invoked command in '/home/rithwik/ros2_workspace2/build/explorer_cartographer' returned '0': CMAKE_PREFIX_PATH=/home/rithwik/ros2_workspace2/install/rover:/home/rithwik/ros2_workspace2/install/autonomous_tb3:/opt/ros/humble /usr/bin/cmake /home/rithwik/ros2_workspace2/src/ros2_explorer/explorer_cartographer -DCMAKE_INSTALL_PREFIX=/home/rithwik/ros2_workspace2/install/explorer_cartographer
[0.819s] DEBUG:colcon.colcon_core.event_handler.log_command:Invoking command in '/home/rithwik/ros2_workspace2/build/explorer_cartographer': CMAKE_PREFIX_PATH=/home/rithwik/ros2_workspace2/install/rover:/home/rithwik/ros2_workspace2/install/autonomous_tb3:/opt/ros/humble /usr/bin/cmake --build /home/rithwik/ros2_workspace2/build/explorer_cartographer -- -j32 -l32
[0.839s] DEBUG:colcon.colcon_core.event_handler.log_command:Invoked command in '/home/rithwik/ros2_workspace2/build/explorer_gazebo' returned '0': CMAKE_PREFIX_PATH=/home/rithwik/ros2_workspace2/install/rover:/home/rithwik/ros2_workspace2/install/autonomous_tb3:/opt/ros/humble /usr/bin/cmake /home/rithwik/ros2_workspace2/src/ros2_explorer/explorer_gazebo -DCMAKE_INSTALL_PREFIX=/home/rithwik/ros2_workspace2/install/explorer_gazebo
[0.839s] DEBUG:colcon.colcon_core.event_handler.log_command:Invoking command in '/home/rithwik/ros2_workspace2/build/explorer_gazebo': CMAKE_PREFIX_PATH=/home/rithwik/ros2_workspace2/install/rover:/home/rithwik/ros2_workspace2/install/autonomous_tb3:/opt/ros/humble /usr/bin/cmake --build /home/rithwik/ros2_workspace2/build/explorer_gazebo -- -j32 -l32
[0.846s] DEBUG:colcon.colcon_core.event_handler.log_command:Invoked command in '/home/rithwik/ros2_workspace2/build/explorer_cartographer' returned '0': CMAKE_PREFIX_PATH=/home/rithwik/ros2_workspace2/install/rover:/home/rithwik/ros2_workspace2/install/autonomous_tb3:/opt/ros/humble /usr/bin/cmake --build /home/rithwik/ros2_workspace2/build/explorer_cartographer -- -j32 -l32
[0.853s] DEBUG:colcon.colcon_core.event_handler.log_command:Invoking command in '/home/rithwik/ros2_workspace2/build/explorer_cartographer': CMAKE_PREFIX_PATH=/home/rithwik/ros2_workspace2/install/rover:/home/rithwik/ros2_workspace2/install/autonomous_tb3:/opt/ros/humble /usr/bin/cmake --install /home/rithwik/ros2_workspace2/build/explorer_cartographer
[0.860s] Level 1:colcon.colcon_core.environment:create_environment_scripts_only(explorer_cartographer)
[0.861s] DEBUG:colcon.colcon_core.event_handler.log_command:Invoked command in '/home/rithwik/ros2_workspace2/build/explorer_cartographer' returned '0': CMAKE_PREFIX_PATH=/home/rithwik/ros2_workspace2/install/rover:/home/rithwik/ros2_workspace2/install/autonomous_tb3:/opt/ros/humble /usr/bin/cmake --install /home/rithwik/ros2_workspace2/build/explorer_cartographer
[0.863s] Level 1:colcon.colcon_core.environment:checking '/home/rithwik/ros2_workspace2/install/explorer_cartographer' for CMake module files
[0.863s] Level 1:colcon.colcon_core.environment:checking '/home/rithwik/ros2_workspace2/install/explorer_cartographer' for CMake config files
[0.863s] Level 1:colcon.colcon_core.shell:create_environment_hook('explorer_cartographer', 'cmake_prefix_path')
[0.863s] INFO:colcon.colcon_core.shell:Creating environment hook '/home/rithwik/ros2_workspace2/install/explorer_cartographer/share/explorer_cartographer/hook/cmake_prefix_path.ps1'
[0.864s] INFO:colcon.colcon_core.shell:Creating environment descriptor '/home/rithwik/ros2_workspace2/install/explorer_cartographer/share/explorer_cartographer/hook/cmake_prefix_path.dsv'
[0.865s] INFO:colcon.colcon_core.shell:Creating environment hook '/home/rithwik/ros2_workspace2/install/explorer_cartographer/share/explorer_cartographer/hook/cmake_prefix_path.sh'
[0.865s] Level 1:colcon.colcon_core.environment:checking '/home/rithwik/ros2_workspace2/install/explorer_cartographer/bin'
[0.865s] Level 1:colcon.colcon_core.environment:checking '/home/rithwik/ros2_workspace2/install/explorer_cartographer/lib/pkgconfig/explorer_cartographer.pc'
[0.865s] Level 1:colcon.colcon_core.environment:checking '/home/rithwik/ros2_workspace2/install/explorer_cartographer/lib/python3.10/site-packages'
[0.866s] Level 1:colcon.colcon_core.environment:checking '/home/rithwik/ros2_workspace2/install/explorer_cartographer/bin'
[0.866s] INFO:colcon.colcon_core.shell:Creating package script '/home/rithwik/ros2_workspace2/install/explorer_cartographer/share/explorer_cartographer/package.ps1'
[0.867s] INFO:colcon.colcon_core.shell:Creating package descriptor '/home/rithwik/ros2_workspace2/install/explorer_cartographer/share/explorer_cartographer/package.dsv'
[0.867s] INFO:colcon.colcon_core.shell:Creating package script '/home/rithwik/ros2_workspace2/install/explorer_cartographer/share/explorer_cartographer/package.sh'
[0.867s] INFO:colcon.colcon_core.shell:Creating package script '/home/rithwik/ros2_workspace2/install/explorer_cartographer/share/explorer_cartographer/package.bash'
[0.868s] INFO:colcon.colcon_core.shell:Creating package script '/home/rithwik/ros2_workspace2/install/explorer_cartographer/share/explorer_cartographer/package.zsh'
[0.868s] Level 1:colcon.colcon_core.environment:create_file_with_runtime_dependencies(/home/rithwik/ros2_workspace2/install/explorer_cartographer/share/colcon-core/packages/explorer_cartographer)
[0.869s] Level 1:colcon.colcon_core.environment:create_environment_scripts_only(explorer_cartographer)
[0.869s] Level 1:colcon.colcon_core.environment:checking '/home/rithwik/ros2_workspace2/install/explorer_cartographer' for CMake module files
[0.869s] Level 1:colcon.colcon_core.environment:checking '/home/rithwik/ros2_workspace2/install/explorer_cartographer' for CMake config files
[0.869s] Level 1:colcon.colcon_core.shell:create_environment_hook('explorer_cartographer', 'cmake_prefix_path')
[0.869s] INFO:colcon.colcon_core.shell:Creating environment hook '/home/rithwik/ros2_workspace2/install/explorer_cartographer/share/explorer_cartographer/hook/cmake_prefix_path.ps1'
[0.869s] INFO:colcon.colcon_core.shell:Creating environment descriptor '/home/rithwik/ros2_workspace2/install/explorer_cartographer/share/explorer_cartographer/hook/cmake_prefix_path.dsv'
[0.869s] INFO:colcon.colcon_core.shell:Creating environment hook '/home/rithwik/ros2_workspace2/install/explorer_cartographer/share/explorer_cartographer/hook/cmake_prefix_path.sh'
[0.870s] Level 1:colcon.colcon_core.environment:checking '/home/rithwik/ros2_workspace2/install/explorer_cartographer/bin'
[0.870s] Level 1:colcon.colcon_core.environment:checking '/home/rithwik/ros2_workspace2/install/explorer_cartographer/lib/pkgconfig/explorer_cartographer.pc'
[0.870s] Level 1:colcon.colcon_core.environment:checking '/home/rithwik/ros2_workspace2/install/explorer_cartographer/lib/python3.10/site-packages'
[0.870s] Level 1:colcon.colcon_core.environment:checking '/home/rithwik/ros2_workspace2/install/explorer_cartographer/bin'
[0.870s] INFO:colcon.colcon_core.shell:Creating package script '/home/rithwik/ros2_workspace2/install/explorer_cartographer/share/explorer_cartographer/package.ps1'
[0.870s] INFO:colcon.colcon_core.shell:Creating package descriptor '/home/rithwik/ros2_workspace2/install/explorer_cartographer/share/explorer_cartographer/package.dsv'
[0.871s] INFO:colcon.colcon_core.shell:Creating package script '/home/rithwik/ros2_workspace2/install/explorer_cartographer/share/explorer_cartographer/package.sh'
[0.871s] INFO:colcon.colcon_core.shell:Creating package script '/home/rithwik/ros2_workspace2/install/explorer_cartographer/share/explorer_cartographer/package.bash'
[0.871s] INFO:colcon.colcon_core.shell:Creating package script '/home/rithwik/ros2_workspace2/install/explorer_cartographer/share/explorer_cartographer/package.zsh'
[0.871s] Level 1:colcon.colcon_core.environment:create_file_with_runtime_dependencies(/home/rithwik/ros2_workspace2/install/explorer_cartographer/share/colcon-core/packages/explorer_cartographer)
[0.872s] DEBUG:colcon.colcon_core.event_handler.log_command:Invoked command in '/home/rithwik/ros2_workspace2/build/explorer_gazebo' returned '0': CMAKE_PREFIX_PATH=/home/rithwik/ros2_workspace2/install/rover:/home/rithwik/ros2_workspace2/install/autonomous_tb3:/opt/ros/humble /usr/bin/cmake --build /home/rithwik/ros2_workspace2/build/explorer_gazebo -- -j32 -l32
[0.873s] DEBUG:colcon.colcon_core.event_handler.log_command:Invoking command in '/home/rithwik/ros2_workspace2/build/explorer_gazebo': CMAKE_PREFIX_PATH=/home/rithwik/ros2_workspace2/install/rover:/home/rithwik/ros2_workspace2/install/autonomous_tb3:/opt/ros/humble /usr/bin/cmake --install /home/rithwik/ros2_workspace2/build/explorer_gazebo
[0.882s] Level 1:colcon.colcon_core.environment:create_environment_scripts_only(explorer_gazebo)
[0.883s] Level 1:colcon.colcon_core.environment:checking '/home/rithwik/ros2_workspace2/install/explorer_gazebo' for CMake module files
[0.883s] DEBUG:colcon.colcon_core.event_handler.log_command:Invoked command in '/home/rithwik/ros2_workspace2/build/explorer_gazebo' returned '0': CMAKE_PREFIX_PATH=/home/rithwik/ros2_workspace2/install/rover:/home/rithwik/ros2_workspace2/install/autonomous_tb3:/opt/ros/humble /usr/bin/cmake --install /home/rithwik/ros2_workspace2/build/explorer_gazebo
[0.883s] Level 1:colcon.colcon_core.environment:checking '/home/rithwik/ros2_workspace2/install/explorer_gazebo' for CMake config files
[0.884s] Level 1:colcon.colcon_core.shell:create_environment_hook('explorer_gazebo', 'cmake_prefix_path')
[0.884s] INFO:colcon.colcon_core.shell:Creating environment hook '/home/rithwik/ros2_workspace2/install/explorer_gazebo/share/explorer_gazebo/hook/cmake_prefix_path.ps1'
[0.884s] INFO:colcon.colcon_core.shell:Creating environment descriptor '/home/rithwik/ros2_workspace2/install/explorer_gazebo/share/explorer_gazebo/hook/cmake_prefix_path.dsv'
[0.885s] INFO:colcon.colcon_core.shell:Creating environment hook '/home/rithwik/ros2_workspace2/install/explorer_gazebo/share/explorer_gazebo/hook/cmake_prefix_path.sh'
[0.885s] Level 1:colcon.colcon_core.environment:checking '/home/rithwik/ros2_workspace2/install/explorer_gazebo/bin'
[0.885s] Level 1:colcon.colcon_core.environment:checking '/home/rithwik/ros2_workspace2/install/explorer_gazebo/lib/pkgconfig/explorer_gazebo.pc'
[0.885s] Level 1:colcon.colcon_core.environment:checking '/home/rithwik/ros2_workspace2/install/explorer_gazebo/lib/python3.10/site-packages'
[0.885s] Level 1:colcon.colcon_core.environment:checking '/home/rithwik/ros2_workspace2/install/explorer_gazebo/bin'
[0.886s] INFO:colcon.colcon_core.shell:Creating package script '/home/rithwik/ros2_workspace2/install/explorer_gazebo/share/explorer_gazebo/package.ps1'
[0.886s] INFO:colcon.colcon_core.shell:Creating package descriptor '/home/rithwik/ros2_workspace2/install/explorer_gazebo/share/explorer_gazebo/package.dsv'
[0.886s] INFO:colcon.colcon_core.shell:Creating package script '/home/rithwik/ros2_workspace2/install/explorer_gazebo/share/explorer_gazebo/package.sh'
[0.887s] INFO:colcon.colcon_core.shell:Creating package script '/home/rithwik/ros2_workspace2/install/explorer_gazebo/share/explorer_gazebo/package.bash'
[0.887s] INFO:colcon.colcon_core.shell:Creating package script '/home/rithwik/ros2_workspace2/install/explorer_gazebo/share/explorer_gazebo/package.zsh'
[0.887s] Level 1:colcon.colcon_core.environment:create_file_with_runtime_dependencies(/home/rithwik/ros2_workspace2/install/explorer_gazebo/share/colcon-core/packages/explorer_gazebo)
[0.887s] Level 1:colcon.colcon_core.environment:create_environment_scripts_only(explorer_gazebo)
[0.888s] Level 1:colcon.colcon_core.environment:checking '/home/rithwik/ros2_workspace2/install/explorer_gazebo' for CMake module files
[0.888s] Level 1:colcon.colcon_core.environment:checking '/home/rithwik/ros2_workspace2/install/explorer_gazebo' for CMake config files
[0.888s] Level 1:colcon.colcon_core.shell:create_environment_hook('explorer_gazebo', 'cmake_prefix_path')
[0.889s] INFO:colcon.colcon_core.shell:Creating environment hook '/home/rithwik/ros2_workspace2/install/explorer_gazebo/share/explorer_gazebo/hook/cmake_prefix_path.ps1'
[0.889s] INFO:colcon.colcon_core.shell:Creating environment descriptor '/home/rithwik/ros2_workspace2/install/explorer_gazebo/share/explorer_gazebo/hook/cmake_prefix_path.dsv'
[0.889s] INFO:colcon.colcon_core.shell:Creating environment hook '/home/rithwik/ros2_workspace2/install/explorer_gazebo/share/explorer_gazebo/hook/cmake_prefix_path.sh'
[0.889s] Level 1:colcon.colcon_core.environment:checking '/home/rithwik/ros2_workspace2/install/explorer_gazebo/bin'
[0.890s] Level 1:colcon.colcon_core.environment:checking '/home/rithwik/ros2_workspace2/install/explorer_gazebo/lib/pkgconfig/explorer_gazebo.pc'
[0.890s] Level 1:colcon.colcon_core.environment:checking '/home/rithwik/ros2_workspace2/install/explorer_gazebo/lib/python3.10/site-packages'
[0.890s] Level 1:colcon.colcon_core.environment:checking '/home/rithwik/ros2_workspace2/install/explorer_gazebo/bin'
[0.890s] INFO:colcon.colcon_core.shell:Creating package script '/home/rithwik/ros2_workspace2/install/explorer_gazebo/share/explorer_gazebo/package.ps1'
[0.891s] INFO:colcon.colcon_core.shell:Creating package descriptor '/home/rithwik/ros2_workspace2/install/explorer_gazebo/share/explorer_gazebo/package.dsv'
[0.891s] INFO:colcon.colcon_core.shell:Creating package script '/home/rithwik/ros2_workspace2/install/explorer_gazebo/share/explorer_gazebo/package.sh'
[0.891s] INFO:colcon.colcon_core.shell:Creating package script '/home/rithwik/ros2_workspace2/install/explorer_gazebo/share/explorer_gazebo/package.bash'
[0.891s] INFO:colcon.colcon_core.shell:Creating package script '/home/rithwik/ros2_workspace2/install/explorer_gazebo/share/explorer_gazebo/package.zsh'
[0.891s] Level 1:colcon.colcon_core.environment:create_file_with_runtime_dependencies(/home/rithwik/ros2_workspace2/install/explorer_gazebo/share/colcon-core/packages/explorer_gazebo)
[0.939s] DEBUG:colcon.colcon_core.event_handler.log_command:Invoking command in '/home/rithwik/ros2_workspace2/src/ROS2-Autonomous-Driving-and-Navigation-SLAM-with-TurtleBot3/autonomous_tb3': PYTHONPATH=/home/rithwik/ros2_workspace2/build/autonomous_tb3/prefix_override:/usr/lib/python3/dist-packages/colcon_core/task/python/colcon_distutils_commands:/home/rithwik/ros2_workspace2/install/autonomous_tb3/lib/python3.10/site-packages:${PYTHONPATH} /usr/bin/python3 -W ignore:setup.py install is deprecated -W ignore:easy_install command is deprecated setup.py egg_info --egg-base ../../../build/autonomous_tb3 build --build-base /home/rithwik/ros2_workspace2/build/autonomous_tb3/build install --record /home/rithwik/ros2_workspace2/build/autonomous_tb3/install.log --single-version-externally-managed install_data
[0.942s] DEBUG:colcon.colcon_core.event_handler.log_command:Invoking command in '/home/rithwik/ros2_workspace2/src/ros2_explorer/explorer_map_utils': PYTHONPATH=/home/rithwik/ros2_workspace2/build/explorer_map_utils/prefix_override:/usr/lib/python3/dist-packages/colcon_core/task/python/colcon_distutils_commands:/home/rithwik/ros2_workspace2/install/explorer_map_utils/lib/python3.10/site-packages:${PYTHONPATH} /usr/bin/python3 -W ignore:setup.py install is deprecated -W ignore:easy_install command is deprecated setup.py egg_info --egg-base ../../../build/explorer_map_utils build --build-base /home/rithwik/ros2_workspace2/build/explorer_map_utils/build install --record /home/rithwik/ros2_workspace2/build/explorer_map_utils/install.log --single-version-externally-managed install_data
[0.943s] DEBUG:colcon.colcon_core.event_handler.log_command:Invoking command in '/home/rithwik/ros2_workspace2/src/rover': PYTHONPATH=/home/rithwik/ros2_workspace2/build/rover/prefix_override:/usr/lib/python3/dist-packages/colcon_core/task/python/colcon_distutils_commands:/home/rithwik/ros2_workspace2/install/rover/lib/python3.10/site-packages:${PYTHONPATH} /usr/bin/python3 -W ignore:setup.py install is deprecated -W ignore:easy_install command is deprecated setup.py egg_info --egg-base ../../build/rover build --build-base /home/rithwik/ros2_workspace2/build/rover/build install --record /home/rithwik/ros2_workspace2/build/rover/install.log --single-version-externally-managed install_data
[0.944s] DEBUG:colcon.colcon_core.event_handler.log_command:Invoking command in '/home/rithwik/ros2_workspace2/src/ros2_explorer/explorer_bringup': PYTHONPATH=/home/rithwik/ros2_workspace2/build/explorer_bringup/prefix_override:/usr/lib/python3/dist-packages/colcon_core/task/python/colcon_distutils_commands:/home/rithwik/ros2_workspace2/install/explorer_bringup/lib/python3.10/site-packages:${PYTHONPATH} /usr/bin/python3 -W ignore:setup.py install is deprecated -W ignore:easy_install command is deprecated setup.py egg_info --egg-base ../../../build/explorer_bringup build --build-base /home/rithwik/ros2_workspace2/build/explorer_bringup/build install --record /home/rithwik/ros2_workspace2/build/explorer_bringup/install.log --single-version-externally-managed install_data
[0.953s] DEBUG:colcon.colcon_core.event_handler.log_command:Invoking command in '/home/rithwik/ros2_workspace2/src/ros2_explorer/explorer_wanderer': PYTHONPATH=/home/rithwik/ros2_workspace2/build/explorer_wanderer/prefix_override:/usr/lib/python3/dist-packages/colcon_core/task/python/colcon_distutils_commands:/home/rithwik/ros2_workspace2/install/explorer_wanderer/lib/python3.10/site-packages:${PYTHONPATH} /usr/bin/python3 -W ignore:setup.py install is deprecated -W ignore:easy_install command is deprecated setup.py egg_info --egg-base ../../../build/explorer_wanderer build --build-base /home/rithwik/ros2_workspace2/build/explorer_wanderer/build install --record /home/rithwik/ros2_workspace2/build/explorer_wanderer/install.log --single-version-externally-managed install_data
[1.076s] Level 1:colcon.colcon_core.environment:checking '/home/rithwik/ros2_workspace2/install/rover' for CMake module files
[1.076s] DEBUG:colcon.colcon_core.event_handler.log_command:Invoked command in '/home/rithwik/ros2_workspace2/src/rover' returned '0': PYTHONPATH=/home/rithwik/ros2_workspace2/build/rover/prefix_override:/usr/lib/python3/dist-packages/colcon_core/task/python/colcon_distutils_commands:/home/rithwik/ros2_workspace2/install/rover/lib/python3.10/site-packages:${PYTHONPATH} /usr/bin/python3 -W ignore:setup.py install is deprecated -W ignore:easy_install command is deprecated setup.py egg_info --egg-base ../../build/rover build --build-base /home/rithwik/ros2_workspace2/build/rover/build install --record /home/rithwik/ros2_workspace2/build/rover/install.log --single-version-externally-managed install_data
[1.077s] Level 1:colcon.colcon_core.environment:checking '/home/rithwik/ros2_workspace2/install/rover' for CMake config files
[1.078s] Level 1:colcon.colcon_core.environment:checking '/home/rithwik/ros2_workspace2/install/rover/lib'
[1.078s] Level 1:colcon.colcon_core.environment:checking '/home/rithwik/ros2_workspace2/install/rover/bin'
[1.078s] Level 1:colcon.colcon_core.environment:checking '/home/rithwik/ros2_workspace2/install/rover/lib/pkgconfig/rover.pc'
[1.078s] Level 1:colcon.colcon_core.environment:checking '/home/rithwik/ros2_workspace2/install/rover/lib/python3.10/site-packages'
[1.078s] Level 1:colcon.colcon_core.shell:create_environment_hook('rover', 'pythonpath')
[1.079s] INFO:colcon.colcon_core.shell:Creating environment hook '/home/rithwik/ros2_workspace2/install/rover/share/rover/hook/pythonpath.ps1'
[1.079s] INFO:colcon.colcon_core.shell:Creating environment descriptor '/home/rithwik/ros2_workspace2/install/rover/share/rover/hook/pythonpath.dsv'
[1.079s] INFO:colcon.colcon_core.shell:Creating environment hook '/home/rithwik/ros2_workspace2/install/rover/share/rover/hook/pythonpath.sh'
[1.080s] Level 1:colcon.colcon_core.environment:checking '/home/rithwik/ros2_workspace2/install/rover/bin'
[1.080s] Level 1:colcon.colcon_core.environment:create_environment_scripts_only(rover)
[1.080s] INFO:colcon.colcon_core.shell:Creating package script '/home/rithwik/ros2_workspace2/install/rover/share/rover/package.ps1'
[1.081s] INFO:colcon.colcon_core.shell:Creating package descriptor '/home/rithwik/ros2_workspace2/install/rover/share/rover/package.dsv'
[1.081s] INFO:colcon.colcon_core.shell:Creating package script '/home/rithwik/ros2_workspace2/install/rover/share/rover/package.sh'
[1.081s] INFO:colcon.colcon_core.shell:Creating package script '/home/rithwik/ros2_workspace2/install/rover/share/rover/package.bash'
[1.081s] INFO:colcon.colcon_core.shell:Creating package script '/home/rithwik/ros2_workspace2/install/rover/share/rover/package.zsh'
[1.082s] Level 1:colcon.colcon_core.environment:create_file_with_runtime_dependencies(/home/rithwik/ros2_workspace2/install/rover/share/colcon-core/packages/rover)
[1.083s] Level 1:colcon.colcon_core.environment:checking '/home/rithwik/ros2_workspace2/install/explorer_bringup' for CMake module files
[1.084s] DEBUG:colcon.colcon_core.event_handler.log_command:Invoked command in '/home/rithwik/ros2_workspace2/src/ros2_explorer/explorer_bringup' returned '0': PYTHONPATH=/home/rithwik/ros2_workspace2/build/explorer_bringup/prefix_override:/usr/lib/python3/dist-packages/colcon_core/task/python/colcon_distutils_commands:/home/rithwik/ros2_workspace2/install/explorer_bringup/lib/python3.10/site-packages:${PYTHONPATH} /usr/bin/python3 -W ignore:setup.py install is deprecated -W ignore:easy_install command is deprecated setup.py egg_info --egg-base ../../../build/explorer_bringup build --build-base /home/rithwik/ros2_workspace2/build/explorer_bringup/build install --record /home/rithwik/ros2_workspace2/build/explorer_bringup/install.log --single-version-externally-managed install_data
[1.084s] Level 1:colcon.colcon_core.environment:checking '/home/rithwik/ros2_workspace2/install/explorer_bringup' for CMake config files
[1.084s] Level 1:colcon.colcon_core.environment:checking '/home/rithwik/ros2_workspace2/install/explorer_bringup/lib'
[1.084s] Level 1:colcon.colcon_core.environment:checking '/home/rithwik/ros2_workspace2/install/explorer_bringup/bin'
[1.084s] Level 1:colcon.colcon_core.environment:checking '/home/rithwik/ros2_workspace2/install/explorer_bringup/lib/pkgconfig/explorer_bringup.pc'
[1.085s] Level 1:colcon.colcon_core.environment:checking '/home/rithwik/ros2_workspace2/install/explorer_bringup/lib/python3.10/site-packages'
[1.085s] Level 1:colcon.colcon_core.shell:create_environment_hook('explorer_bringup', 'pythonpath')
[1.085s] INFO:colcon.colcon_core.shell:Creating environment hook '/home/rithwik/ros2_workspace2/install/explorer_bringup/share/explorer_bringup/hook/pythonpath.ps1'
[1.085s] INFO:colcon.colcon_core.shell:Creating environment descriptor '/home/rithwik/ros2_workspace2/install/explorer_bringup/share/explorer_bringup/hook/pythonpath.dsv'
[1.085s] INFO:colcon.colcon_core.shell:Creating environment hook '/home/rithwik/ros2_workspace2/install/explorer_bringup/share/explorer_bringup/hook/pythonpath.sh'
[1.086s] Level 1:colcon.colcon_core.environment:checking '/home/rithwik/ros2_workspace2/install/explorer_bringup/bin'
[1.086s] Level 1:colcon.colcon_core.environment:create_environment_scripts_only(explorer_bringup)
[1.086s] INFO:colcon.colcon_core.shell:Creating package script '/home/rithwik/ros2_workspace2/install/explorer_bringup/share/explorer_bringup/package.ps1'
[1.087s] INFO:colcon.colcon_core.shell:Creating package descriptor '/home/rithwik/ros2_workspace2/install/explorer_bringup/share/explorer_bringup/package.dsv'
[1.087s] INFO:colcon.colcon_core.shell:Creating package script '/home/rithwik/ros2_workspace2/install/explorer_bringup/share/explorer_bringup/package.sh'
[1.087s] INFO:colcon.colcon_core.shell:Creating package script '/home/rithwik/ros2_workspace2/install/explorer_bringup/share/explorer_bringup/package.bash'
[1.087s] INFO:colcon.colcon_core.shell:Creating package script '/home/rithwik/ros2_workspace2/install/explorer_bringup/share/explorer_bringup/package.zsh'
[1.088s] Level 1:colcon.colcon_core.environment:create_file_with_runtime_dependencies(/home/rithwik/ros2_workspace2/install/explorer_bringup/share/colcon-core/packages/explorer_bringup)
[1.088s] Level 1:colcon.colcon_core.environment:checking '/home/rithwik/ros2_workspace2/install/explorer_map_utils' for CMake module files
[1.089s] DEBUG:colcon.colcon_core.event_handler.log_command:Invoked command in '/home/rithwik/ros2_workspace2/src/ros2_explorer/explorer_map_utils' returned '0': PYTHONPATH=/home/rithwik/ros2_workspace2/build/explorer_map_utils/prefix_override:/usr/lib/python3/dist-packages/colcon_core/task/python/colcon_distutils_commands:/home/rithwik/ros2_workspace2/install/explorer_map_utils/lib/python3.10/site-packages:${PYTHONPATH} /usr/bin/python3 -W ignore:setup.py install is deprecated -W ignore:easy_install command is deprecated setup.py egg_info --egg-base ../../../build/explorer_map_utils build --build-base /home/rithwik/ros2_workspace2/build/explorer_map_utils/build install --record /home/rithwik/ros2_workspace2/build/explorer_map_utils/install.log --single-version-externally-managed install_data
[1.089s] Level 1:colcon.colcon_core.environment:checking '/home/rithwik/ros2_workspace2/install/explorer_map_utils' for CMake config files
[1.089s] Level 1:colcon.colcon_core.environment:checking '/home/rithwik/ros2_workspace2/install/explorer_map_utils/lib'
[1.089s] Level 1:colcon.colcon_core.environment:checking '/home/rithwik/ros2_workspace2/install/explorer_map_utils/bin'
[1.089s] Level 1:colcon.colcon_core.environment:checking '/home/rithwik/ros2_workspace2/install/explorer_map_utils/lib/pkgconfig/explorer_map_utils.pc'
[1.090s] Level 1:colcon.colcon_core.environment:checking '/home/rithwik/ros2_workspace2/install/explorer_map_utils/lib/python3.10/site-packages'
[1.090s] Level 1:colcon.colcon_core.shell:create_environment_hook('explorer_map_utils', 'pythonpath')
[1.090s] INFO:colcon.colcon_core.shell:Creating environment hook '/home/rithwik/ros2_workspace2/install/explorer_map_utils/share/explorer_map_utils/hook/pythonpath.ps1'
[1.090s] INFO:colcon.colcon_core.shell:Creating environment descriptor '/home/rithwik/ros2_workspace2/install/explorer_map_utils/share/explorer_map_utils/hook/pythonpath.dsv'
[1.090s] INFO:colcon.colcon_core.shell:Creating environment hook '/home/rithwik/ros2_workspace2/install/explorer_map_utils/share/explorer_map_utils/hook/pythonpath.sh'
[1.091s] Level 1:colcon.colcon_core.environment:checking '/home/rithwik/ros2_workspace2/install/explorer_map_utils/bin'
[1.091s] Level 1:colcon.colcon_core.environment:create_environment_scripts_only(explorer_map_utils)
[1.091s] INFO:colcon.colcon_core.shell:Creating package script '/home/rithwik/ros2_workspace2/install/explorer_map_utils/share/explorer_map_utils/package.ps1'
[1.092s] INFO:colcon.colcon_core.shell:Creating package descriptor '/home/rithwik/ros2_workspace2/install/explorer_map_utils/share/explorer_map_utils/package.dsv'
[1.092s] INFO:colcon.colcon_core.shell:Creating package script '/home/rithwik/ros2_workspace2/install/explorer_map_utils/share/explorer_map_utils/package.sh'
[1.092s] INFO:colcon.colcon_core.shell:Creating package script '/home/rithwik/ros2_workspace2/install/explorer_map_utils/share/explorer_map_utils/package.bash'
[1.092s] INFO:colcon.colcon_core.shell:Creating package script '/home/rithwik/ros2_workspace2/install/explorer_map_utils/share/explorer_map_utils/package.zsh'
[1.093s] Level 1:colcon.colcon_core.environment:create_file_with_runtime_dependencies(/home/rithwik/ros2_workspace2/install/explorer_map_utils/share/colcon-core/packages/explorer_map_utils)
[1.094s] Level 1:colcon.colcon_core.environment:checking '/home/rithwik/ros2_workspace2/install/explorer_wanderer' for CMake module files
[1.094s] DEBUG:colcon.colcon_core.event_handler.log_command:Invoked command in '/home/rithwik/ros2_workspace2/src/ros2_explorer/explorer_wanderer' returned '0': PYTHONPATH=/home/rithwik/ros2_workspace2/build/explorer_wanderer/prefix_override:/usr/lib/python3/dist-packages/colcon_core/task/python/colcon_distutils_commands:/home/rithwik/ros2_workspace2/install/explorer_wanderer/lib/python3.10/site-packages:${PYTHONPATH} /usr/bin/python3 -W ignore:setup.py install is deprecated -W ignore:easy_install command is deprecated setup.py egg_info --egg-base ../../../build/explorer_wanderer build --build-base /home/rithwik/ros2_workspace2/build/explorer_wanderer/build install --record /home/rithwik/ros2_workspace2/build/explorer_wanderer/install.log --single-version-externally-managed install_data
[1.094s] Level 1:colcon.colcon_core.environment:checking '/home/rithwik/ros2_workspace2/install/explorer_wanderer' for CMake config files
[1.095s] Level 1:colcon.colcon_core.environment:checking '/home/rithwik/ros2_workspace2/install/explorer_wanderer/lib'
[1.095s] Level 1:colcon.colcon_core.environment:checking '/home/rithwik/ros2_workspace2/install/explorer_wanderer/bin'
[1.095s] Level 1:colcon.colcon_core.environment:checking '/home/rithwik/ros2_workspace2/install/explorer_wanderer/lib/pkgconfig/explorer_wanderer.pc'
[1.095s] Level 1:colcon.colcon_core.environment:checking '/home/rithwik/ros2_workspace2/install/explorer_wanderer/lib/python3.10/site-packages'
[1.095s] Level 1:colcon.colcon_core.shell:create_environment_hook('explorer_wanderer', 'pythonpath')
[1.095s] INFO:colcon.colcon_core.shell:Creating environment hook '/home/rithwik/ros2_workspace2/install/explorer_wanderer/share/explorer_wanderer/hook/pythonpath.ps1'
[1.095s] INFO:colcon.colcon_core.shell:Creating environment descriptor '/home/rithwik/ros2_workspace2/install/explorer_wanderer/share/explorer_wanderer/hook/pythonpath.dsv'
[1.095s] INFO:colcon.colcon_core.shell:Creating environment hook '/home/rithwik/ros2_workspace2/install/explorer_wanderer/share/explorer_wanderer/hook/pythonpath.sh'
[1.096s] Level 1:colcon.colcon_core.environment:checking '/home/rithwik/ros2_workspace2/install/explorer_wanderer/bin'
[1.096s] Level 1:colcon.colcon_core.environment:create_environment_scripts_only(explorer_wanderer)
[1.096s] INFO:colcon.colcon_core.shell:Creating package script '/home/rithwik/ros2_workspace2/install/explorer_wanderer/share/explorer_wanderer/package.ps1'
[1.096s] INFO:colcon.colcon_core.shell:Creating package descriptor '/home/rithwik/ros2_workspace2/install/explorer_wanderer/share/explorer_wanderer/package.dsv'
[1.096s] INFO:colcon.colcon_core.shell:Creating package script '/home/rithwik/ros2_workspace2/install/explorer_wanderer/share/explorer_wanderer/package.sh'
[1.096s] INFO:colcon.colcon_core.shell:Creating package script '/home/rithwik/ros2_workspace2/install/explorer_wanderer/share/explorer_wanderer/package.bash'
[1.096s] INFO:colcon.colcon_core.shell:Creating package script '/home/rithwik/ros2_workspace2/install/explorer_wanderer/share/explorer_wanderer/package.zsh'
[1.096s] Level 1:colcon.colcon_core.environment:create_file_with_runtime_dependencies(/home/rithwik/ros2_workspace2/install/explorer_wanderer/share/colcon-core/packages/explorer_wanderer)
[1.097s] Level 1:colcon.colcon_core.environment:checking '/home/rithwik/ros2_workspace2/install/autonomous_tb3' for CMake module files
[1.097s] Level 1:colcon.colcon_core.environment:checking '/home/rithwik/ros2_workspace2/install/autonomous_tb3' for CMake config files
[1.097s] DEBUG:colcon.colcon_core.event_handler.log_command:Invoked command in '/home/rithwik/ros2_workspace2/src/ROS2-Autonomous-Driving-and-Navigation-SLAM-with-TurtleBot3/autonomous_tb3' returned '0': PYTHONPATH=/home/rithwik/ros2_workspace2/build/autonomous_tb3/prefix_override:/usr/lib/python3/dist-packages/colcon_core/task/python/colcon_distutils_commands:/home/rithwik/ros2_workspace2/install/autonomous_tb3/lib/python3.10/site-packages:${PYTHONPATH} /usr/bin/python3 -W ignore:setup.py install is deprecated -W ignore:easy_install command is deprecated setup.py egg_info --egg-base ../../../build/autonomous_tb3 build --build-base /home/rithwik/ros2_workspace2/build/autonomous_tb3/build install --record /home/rithwik/ros2_workspace2/build/autonomous_tb3/install.log --single-version-externally-managed install_data
[1.097s] Level 1:colcon.colcon_core.environment:checking '/home/rithwik/ros2_workspace2/install/autonomous_tb3/lib'
[1.098s] Level 1:colcon.colcon_core.environment:checking '/home/rithwik/ros2_workspace2/install/autonomous_tb3/bin'
[1.098s] Level 1:colcon.colcon_core.environment:checking '/home/rithwik/ros2_workspace2/install/autonomous_tb3/lib/pkgconfig/autonomous_tb3.pc'
[1.098s] Level 1:colcon.colcon_core.environment:checking '/home/rithwik/ros2_workspace2/install/autonomous_tb3/lib/python3.10/site-packages'
[1.098s] Level 1:colcon.colcon_core.shell:create_environment_hook('autonomous_tb3', 'pythonpath')
[1.098s] INFO:colcon.colcon_core.shell:Creating environment hook '/home/rithwik/ros2_workspace2/install/autonomous_tb3/share/autonomous_tb3/hook/pythonpath.ps1'
[1.098s] INFO:colcon.colcon_core.shell:Creating environment descriptor '/home/rithwik/ros2_workspace2/install/autonomous_tb3/share/autonomous_tb3/hook/pythonpath.dsv'
[1.098s] INFO:colcon.colcon_core.shell:Creating environment hook '/home/rithwik/ros2_workspace2/install/autonomous_tb3/share/autonomous_tb3/hook/pythonpath.sh'
[1.098s] Level 1:colcon.colcon_core.environment:checking '/home/rithwik/ros2_workspace2/install/autonomous_tb3/bin'
[1.098s] Level 1:colcon.colcon_core.environment:create_environment_scripts_only(autonomous_tb3)
[1.099s] INFO:colcon.colcon_core.shell:Creating package script '/home/rithwik/ros2_workspace2/install/autonomous_tb3/share/autonomous_tb3/package.ps1'
[1.099s] INFO:colcon.colcon_core.shell:Creating package descriptor '/home/rithwik/ros2_workspace2/install/autonomous_tb3/share/autonomous_tb3/package.dsv'
[1.099s] INFO:colcon.colcon_core.shell:Creating package script '/home/rithwik/ros2_workspace2/install/autonomous_tb3/share/autonomous_tb3/package.sh'
[1.099s] INFO:colcon.colcon_core.shell:Creating package script '/home/rithwik/ros2_workspace2/install/autonomous_tb3/share/autonomous_tb3/package.bash'
[1.099s] INFO:colcon.colcon_core.shell:Creating package script '/home/rithwik/ros2_workspace2/install/autonomous_tb3/share/autonomous_tb3/package.zsh'
[1.099s] Level 1:colcon.colcon_core.environment:create_file_with_runtime_dependencies(/home/rithwik/ros2_workspace2/install/autonomous_tb3/share/colcon-core/packages/autonomous_tb3)
[1.513s] DEBUG:colcon.colcon_core.event_handler.log_command:Invoked command in '/home/rithwik/ros2_workspace2/build/explorer_interfaces' returned '0': CMAKE_PREFIX_PATH=/home/rithwik/ros2_workspace2/install/rover:/home/rithwik/ros2_workspace2/install/autonomous_tb3:/opt/ros/humble /usr/bin/cmake /home/rithwik/ros2_workspace2/src/ros2_explorer/explorer_interfaces -DCMAKE_INSTALL_PREFIX=/home/rithwik/ros2_workspace2/install/explorer_interfaces
[1.515s] DEBUG:colcon.colcon_core.event_handler.log_command:Invoking command in '/home/rithwik/ros2_workspace2/build/explorer_interfaces': CMAKE_PREFIX_PATH=/home/rithwik/ros2_workspace2/install/rover:/home/rithwik/ros2_workspace2/install/autonomous_tb3:/opt/ros/humble /usr/bin/cmake --build /home/rithwik/ros2_workspace2/build/explorer_interfaces -- -j32 -l32
[3.334s] DEBUG:colcon.colcon_core.event_handler.log_command:Invoked command in '/home/rithwik/ros2_workspace2/build/explorer_interfaces' returned '0': CMAKE_PREFIX_PATH=/home/rithwik/ros2_workspace2/install/rover:/home/rithwik/ros2_workspace2/install/autonomous_tb3:/opt/ros/humble /usr/bin/cmake --build /home/rithwik/ros2_workspace2/build/explorer_interfaces -- -j32 -l32
[3.336s] DEBUG:colcon.colcon_core.event_handler.log_command:Invoking command in '/home/rithwik/ros2_workspace2/build/explorer_interfaces': CMAKE_PREFIX_PATH=/home/rithwik/ros2_workspace2/install/rover:/home/rithwik/ros2_workspace2/install/autonomous_tb3:/opt/ros/humble /usr/bin/cmake --install /home/rithwik/ros2_workspace2/build/explorer_interfaces
[3.377s] Level 1:colcon.colcon_core.environment:create_environment_scripts_only(explorer_interfaces)
[3.378s] DEBUG:colcon.colcon_core.event_handler.log_command:Invoked command in '/home/rithwik/ros2_workspace2/build/explorer_interfaces' returned '0': CMAKE_PREFIX_PATH=/home/rithwik/ros2_workspace2/install/rover:/home/rithwik/ros2_workspace2/install/autonomous_tb3:/opt/ros/humble /usr/bin/cmake --install /home/rithwik/ros2_workspace2/build/explorer_interfaces
[3.378s] Level 1:colcon.colcon_core.environment:checking '/home/rithwik/ros2_workspace2/install/explorer_interfaces' for CMake module files
[3.378s] Level 1:colcon.colcon_core.environment:checking '/home/rithwik/ros2_workspace2/install/explorer_interfaces' for CMake config files
[3.379s] Level 1:colcon.colcon_core.shell:create_environment_hook('explorer_interfaces', 'cmake_prefix_path')
[3.379s] INFO:colcon.colcon_core.shell:Creating environment hook '/home/rithwik/ros2_workspace2/install/explorer_interfaces/share/explorer_interfaces/hook/cmake_prefix_path.ps1'
[3.379s] INFO:colcon.colcon_core.shell:Creating environment descriptor '/home/rithwik/ros2_workspace2/install/explorer_interfaces/share/explorer_interfaces/hook/cmake_prefix_path.dsv'
[3.380s] INFO:colcon.colcon_core.shell:Creating environment hook '/home/rithwik/ros2_workspace2/install/explorer_interfaces/share/explorer_interfaces/hook/cmake_prefix_path.sh'
[3.380s] Level 1:colcon.colcon_core.environment:checking '/home/rithwik/ros2_workspace2/install/explorer_interfaces/lib'
[3.380s] Level 1:colcon.colcon_core.shell:create_environment_hook('explorer_interfaces', 'ld_library_path_lib')
[3.380s] INFO:colcon.colcon_core.shell:Creating environment hook '/home/rithwik/ros2_workspace2/install/explorer_interfaces/share/explorer_interfaces/hook/ld_library_path_lib.ps1'
[3.380s] INFO:colcon.colcon_core.shell:Creating environment descriptor '/home/rithwik/ros2_workspace2/install/explorer_interfaces/share/explorer_interfaces/hook/ld_library_path_lib.dsv'
[3.380s] INFO:colcon.colcon_core.shell:Creating environment hook '/home/rithwik/ros2_workspace2/install/explorer_interfaces/share/explorer_interfaces/hook/ld_library_path_lib.sh'
[3.381s] Level 1:colcon.colcon_core.environment:checking '/home/rithwik/ros2_workspace2/install/explorer_interfaces/bin'
[3.381s] Level 1:colcon.colcon_core.environment:checking '/home/rithwik/ros2_workspace2/install/explorer_interfaces/lib/pkgconfig/explorer_interfaces.pc'
[3.381s] Level 1:colcon.colcon_core.environment:checking '/home/rithwik/ros2_workspace2/install/explorer_interfaces/lib/python3.10/site-packages'
[3.381s] Level 1:colcon.colcon_core.environment:checking '/home/rithwik/ros2_workspace2/install/explorer_interfaces/bin'
[3.381s] INFO:colcon.colcon_core.shell:Creating package script '/home/rithwik/ros2_workspace2/install/explorer_interfaces/share/explorer_interfaces/package.ps1'
[3.381s] INFO:colcon.colcon_core.shell:Creating package descriptor '/home/rithwik/ros2_workspace2/install/explorer_interfaces/share/explorer_interfaces/package.dsv'
[3.381s] INFO:colcon.colcon_core.shell:Creating package script '/home/rithwik/ros2_workspace2/install/explorer_interfaces/share/explorer_interfaces/package.sh'
[3.382s] INFO:colcon.colcon_core.shell:Creating package script '/home/rithwik/ros2_workspace2/install/explorer_interfaces/share/explorer_interfaces/package.bash'
[3.382s] INFO:colcon.colcon_core.shell:Creating package script '/home/rithwik/ros2_workspace2/install/explorer_interfaces/share/explorer_interfaces/package.zsh'
[3.382s] Level 1:colcon.colcon_core.environment:create_file_with_runtime_dependencies(/home/rithwik/ros2_workspace2/install/explorer_interfaces/share/colcon-core/packages/explorer_interfaces)
[3.382s] Level 1:colcon.colcon_core.environment:create_environment_scripts_only(explorer_interfaces)
[3.382s] Level 1:colcon.colcon_core.environment:checking '/home/rithwik/ros2_workspace2/install/explorer_interfaces' for CMake module files
[3.382s] Level 1:colcon.colcon_core.environment:checking '/home/rithwik/ros2_workspace2/install/explorer_interfaces' for CMake config files
[3.382s] Level 1:colcon.colcon_core.shell:create_environment_hook('explorer_interfaces', 'cmake_prefix_path')
[3.383s] INFO:colcon.colcon_core.shell:Creating environment hook '/home/rithwik/ros2_workspace2/install/explorer_interfaces/share/explorer_interfaces/hook/cmake_prefix_path.ps1'
[3.383s] INFO:colcon.colcon_core.shell:Creating environment descriptor '/home/rithwik/ros2_workspace2/install/explorer_interfaces/share/explorer_interfaces/hook/cmake_prefix_path.dsv'
[3.383s] INFO:colcon.colcon_core.shell:Creating environment hook '/home/rithwik/ros2_workspace2/install/explorer_interfaces/share/explorer_interfaces/hook/cmake_prefix_path.sh'
[3.383s] Level 1:colcon.colcon_core.environment:checking '/home/rithwik/ros2_workspace2/install/explorer_interfaces/lib'
[3.383s] Level 1:colcon.colcon_core.shell:create_environment_hook('explorer_interfaces', 'ld_library_path_lib')
[3.383s] INFO:colcon.colcon_core.shell:Creating environment hook '/home/rithwik/ros2_workspace2/install/explorer_interfaces/share/explorer_interfaces/hook/ld_library_path_lib.ps1'
[3.383s] INFO:colcon.colcon_core.shell:Creating environment descriptor '/home/rithwik/ros2_workspace2/install/explorer_interfaces/share/explorer_interfaces/hook/ld_library_path_lib.dsv'
[3.383s] INFO:colcon.colcon_core.shell:Creating environment hook '/home/rithwik/ros2_workspace2/install/explorer_interfaces/share/explorer_interfaces/hook/ld_library_path_lib.sh'
[3.383s] Level 1:colcon.colcon_core.environment:checking '/home/rithwik/ros2_workspace2/install/explorer_interfaces/bin'
[3.383s] Level 1:colcon.colcon_core.environment:checking '/home/rithwik/ros2_workspace2/install/explorer_interfaces/lib/pkgconfig/explorer_interfaces.pc'
[3.384s] Level 1:colcon.colcon_core.environment:checking '/home/rithwik/ros2_workspace2/install/explorer_interfaces/lib/python3.10/site-packages'
[3.384s] Level 1:colcon.colcon_core.environment:checking '/home/rithwik/ros2_workspace2/install/explorer_interfaces/bin'
[3.384s] INFO:colcon.colcon_core.shell:Creating package script '/home/rithwik/ros2_workspace2/install/explorer_interfaces/share/explorer_interfaces/package.ps1'
[3.384s] INFO:colcon.colcon_core.shell:Creating package descriptor '/home/rithwik/ros2_workspace2/install/explorer_interfaces/share/explorer_interfaces/package.dsv'
[3.384s] INFO:colcon.colcon_core.shell:Creating package script '/home/rithwik/ros2_workspace2/install/explorer_interfaces/share/explorer_interfaces/package.sh'
[3.384s] INFO:colcon.colcon_core.shell:Creating package script '/home/rithwik/ros2_workspace2/install/explorer_interfaces/share/explorer_interfaces/package.bash'
[3.385s] INFO:colcon.colcon_core.shell:Creating package script '/home/rithwik/ros2_workspace2/install/explorer_interfaces/share/explorer_interfaces/package.zsh'
[3.385s] Level 1:colcon.colcon_core.environment:create_file_with_runtime_dependencies(/home/rithwik/ros2_workspace2/install/explorer_interfaces/share/colcon-core/packages/explorer_interfaces)
[3.385s] DEBUG:colcon.colcon_parallel_executor.executor.parallel:closing loop
[3.385s] DEBUG:colcon.colcon_parallel_executor.executor.parallel:loop closed
[3.385s] DEBUG:colcon.colcon_parallel_executor.executor.parallel:run_until_complete finished with '0'
[3.385s] DEBUG:colcon.colcon_core.event_reactor:joining thread
[3.388s] INFO:colcon.colcon_core.plugin_system:Skipping extension 'colcon_notification.desktop_notification.terminal_notifier': Not used on non-Darwin systems
[3.388s] INFO:colcon.colcon_core.plugin_system:Skipping extension 'colcon_notification.desktop_notification.win32': Not used on non-Windows systems
[3.388s] INFO:colcon.colcon_notification.desktop_notification:Sending desktop notification using 'notify2'
[3.394s] DEBUG:colcon.colcon_core.event_reactor:joined thread
[3.394s] INFO:colcon.colcon_core.shell:Creating prefix script '/home/rithwik/ros2_workspace2/install/local_setup.ps1'
[3.394s] INFO:colcon.colcon_core.shell:Creating prefix util module '/home/rithwik/ros2_workspace2/install/_local_setup_util_ps1.py'
[3.395s] INFO:colcon.colcon_core.shell:Creating prefix chain script '/home/rithwik/ros2_workspace2/install/setup.ps1'
[3.395s] INFO:colcon.colcon_core.shell:Creating prefix script '/home/rithwik/ros2_workspace2/install/local_setup.sh'
[3.395s] INFO:colcon.colcon_core.shell:Creating prefix util module '/home/rithwik/ros2_workspace2/install/_local_setup_util_sh.py'
[3.396s] INFO:colcon.colcon_core.shell:Creating prefix chain script '/home/rithwik/ros2_workspace2/install/setup.sh'
[3.396s] INFO:colcon.colcon_core.shell:Creating prefix script '/home/rithwik/ros2_workspace2/install/local_setup.bash'
[3.396s] INFO:colcon.colcon_core.shell:Creating prefix chain script '/home/rithwik/ros2_workspace2/install/setup.bash'
[3.397s] INFO:colcon.colcon_core.shell:Creating prefix script '/home/rithwik/ros2_workspace2/install/local_setup.zsh'
[3.397s] INFO:colcon.colcon_core.shell:Creating prefix chain script '/home/rithwik/ros2_workspace2/install/setup.zsh'
