[0.734s] Invoking command in '/home/rithwik/ros2_workspace2/src/ros2_explorer/explorer_wanderer': PYTHONPATH=/home/rithwik/ros2_workspace2/build/explorer_wanderer/prefix_override:/usr/lib/python3/dist-packages/colcon_core/task/python/colcon_distutils_commands:/home/rithwik/ros2_workspace2/install/explorer_wanderer/lib/python3.10/site-packages:${PYTHONPATH} /usr/bin/python3 -W ignore:setup.py install is deprecated -W ignore:easy_install command is deprecated setup.py egg_info --egg-base ../../../build/explorer_wanderer build --build-base /home/rithwik/ros2_workspace2/build/explorer_wanderer/build install --record /home/rithwik/ros2_workspace2/build/explorer_wanderer/install.log --single-version-externally-managed install_data
[0.850s] running egg_info
[0.851s] writing ../../../build/explorer_wanderer/explorer_wanderer.egg-info/PKG-INFO
[0.851s] writing dependency_links to ../../../build/explorer_wanderer/explorer_wanderer.egg-info/dependency_links.txt
[0.851s] writing entry points to ../../../build/explorer_wanderer/explorer_wanderer.egg-info/entry_points.txt
[0.851s] writing requirements to ../../../build/explorer_wanderer/explorer_wanderer.egg-info/requires.txt
[0.851s] writing top-level names to ../../../build/explorer_wanderer/explorer_wanderer.egg-info/top_level.txt
[0.852s] reading manifest file '../../../build/explorer_wanderer/explorer_wanderer.egg-info/SOURCES.txt'
[0.852s] writing manifest file '../../../build/explorer_wanderer/explorer_wanderer.egg-info/SOURCES.txt'
[0.852s] running build
[0.852s] running build_py
[0.852s] copying explorer_wanderer/wanderer_server.py -> /home/rithwik/ros2_workspace2/build/explorer_wanderer/build/lib/explorer_wanderer
[0.852s] running install
[0.852s] running install_lib
[0.853s] copying /home/rithwik/ros2_workspace2/build/explorer_wanderer/build/lib/explorer_wanderer/wanderer_server.py -> /home/rithwik/ros2_workspace2/install/explorer_wanderer/lib/python3.10/site-packages/explorer_wanderer
[0.853s] byte-compiling /home/rithwik/ros2_workspace2/install/explorer_wanderer/lib/python3.10/site-packages/explorer_wanderer/wanderer_server.py to wanderer_server.cpython-310.pyc
[0.854s] running install_data
[0.854s] running install_egg_info
[0.855s] removing '/home/rithwik/ros2_workspace2/install/explorer_wanderer/lib/python3.10/site-packages/explorer_wanderer-0.0.0-py3.10.egg-info' (and everything under it)
[0.855s] Copying ../../../build/explorer_wanderer/explorer_wanderer.egg-info to /home/rithwik/ros2_workspace2/install/explorer_wanderer/lib/python3.10/site-packages/explorer_wanderer-0.0.0-py3.10.egg-info
[0.855s] running install_scripts
[0.867s] Installing discoverer_server script to /home/rithwik/ros2_workspace2/install/explorer_wanderer/lib/explorer_wanderer
[0.867s] Installing wanderer script to /home/rithwik/ros2_workspace2/install/explorer_wanderer/lib/explorer_wanderer
[0.867s] Installing wanderer_server script to /home/rithwik/ros2_workspace2/install/explorer_wanderer/lib/explorer_wanderer
[0.867s] writing list of installed files to '/home/rithwik/ros2_workspace2/build/explorer_wanderer/install.log'
[0.883s] Invoked command in '/home/rithwik/ros2_workspace2/src/ros2_explorer/explorer_wanderer' returned '0': PYTHONPATH=/home/rithwik/ros2_workspace2/build/explorer_wanderer/prefix_override:/usr/lib/python3/dist-packages/colcon_core/task/python/colcon_distutils_commands:/home/rithwik/ros2_workspace2/install/explorer_wanderer/lib/python3.10/site-packages:${PYTHONPATH} /usr/bin/python3 -W ignore:setup.py install is deprecated -W ignore:easy_install command is deprecated setup.py egg_info --egg-base ../../../build/explorer_wanderer build --build-base /home/rithwik/ros2_workspace2/build/explorer_wanderer/build install --record /home/rithwik/ros2_workspace2/build/explorer_wanderer/install.log --single-version-externally-managed install_data
