[0.277s] Invoking command in '/home/rithwik/ros2_workspace2/src/rover': PYTHONPATH=/home/rithwik/ros2_workspace2/build/rover/prefix_override:/usr/lib/python3/dist-packages/colcon_core/task/python/colcon_distutils_commands:/home/rithwik/ros2_workspace2/install/rover/lib/python3.10/site-packages:${PYTHONPATH} /usr/bin/python3 -W ignore:setup.py install is deprecated -W ignore:easy_install command is deprecated setup.py egg_info --egg-base ../../build/rover build --build-base /home/rithwik/ros2_workspace2/build/rover/build install --record /home/rithwik/ros2_workspace2/build/rover/install.log --single-version-externally-managed install_data
[0.387s] running egg_info
[0.387s] writing ../../build/rover/rover.egg-info/PKG-INFO
[0.387s] writing dependency_links to ../../build/rover/rover.egg-info/dependency_links.txt
[0.387s] writing entry points to ../../build/rover/rover.egg-info/entry_points.txt
[0.387s] writing requirements to ../../build/rover/rover.egg-info/requires.txt
[0.388s] writing top-level names to ../../build/rover/rover.egg-info/top_level.txt
[0.388s] reading manifest file '../../build/rover/rover.egg-info/SOURCES.txt'
[0.388s] adding license file 'LICENSE'
[0.389s] writing manifest file '../../build/rover/rover.egg-info/SOURCES.txt'
[0.389s] running build
[0.389s] running build_py
[0.389s] copying rover/wanderer.py -> /home/rithwik/ros2_workspace2/build/rover/build/lib/rover
[0.389s] running install
[0.389s] running install_lib
[0.389s] copying /home/rithwik/ros2_workspace2/build/rover/build/lib/rover/wanderer.py -> /home/rithwik/ros2_workspace2/install/rover/lib/python3.10/site-packages/rover
[0.389s] byte-compiling /home/rithwik/ros2_workspace2/install/rover/lib/python3.10/site-packages/rover/wanderer.py to wanderer.cpython-310.pyc
[0.390s] running install_data
[0.390s] running install_egg_info
[0.391s] removing '/home/rithwik/ros2_workspace2/install/rover/lib/python3.10/site-packages/rover-0.0.0-py3.10.egg-info' (and everything under it)
[0.391s] Copying ../../build/rover/rover.egg-info to /home/rithwik/ros2_workspace2/install/rover/lib/python3.10/site-packages/rover-0.0.0-py3.10.egg-info
[0.391s] running install_scripts
[0.400s] Installing avoid_obstacle script to /home/rithwik/ros2_workspace2/install/rover/lib/rover
[0.400s] Installing gap_follower script to /home/rithwik/ros2_workspace2/install/rover/lib/rover
[0.400s] Installing wall_follower script to /home/rithwik/ros2_workspace2/install/rover/lib/rover
[0.400s] Installing wanderer script to /home/rithwik/ros2_workspace2/install/rover/lib/rover
[0.400s] writing list of installed files to '/home/rithwik/ros2_workspace2/build/rover/install.log'
[0.410s] Invoked command in '/home/rithwik/ros2_workspace2/src/rover' returned '0': PYTHONPATH=/home/rithwik/ros2_workspace2/build/rover/prefix_override:/usr/lib/python3/dist-packages/colcon_core/task/python/colcon_distutils_commands:/home/rithwik/ros2_workspace2/install/rover/lib/python3.10/site-packages:${PYTHONPATH} /usr/bin/python3 -W ignore:setup.py install is deprecated -W ignore:easy_install command is deprecated setup.py egg_info --egg-base ../../build/rover build --build-base /home/rithwik/ros2_workspace2/build/rover/build install --record /home/rithwik/ros2_workspace2/build/rover/install.log --single-version-externally-managed install_data
