[0.084s] DEBUG:colcon:Command line arguments: ['/usr/bin/colcon', 'build']
[0.084s] DEBUG:colcon:Parsed command line arguments: Namespace(log_base=None, log_level=None, verb_name='build', build_base='build', install_base='install', merge_install=False, symlink_install=False, test_result_base=None, continue_on_error=False, executor='parallel', parallel_workers=32, event_handlers=None, ignore_user_meta=False, metas=['./colcon.meta'], base_paths=['.'], packages_ignore=None, packages_ignore_regex=None, paths=None, packages_up_to=None, packages_up_to_regex=None, packages_above=None, packages_above_and_dependencies=None, packages_above_depth=None, packages_select_by_dep=None, packages_skip_by_dep=None, packages_skip_up_to=None, packages_select_build_failed=False, packages_skip_build_finished=False, packages_select_test_failures=False, packages_skip_test_passed=False, packages_select=None, packages_skip=None, packages_select_regex=None, packages_skip_regex=None, packages_start=None, packages_end=None, allow_overriding=[], cmake_args=None, cmake_target=None, cmake_target_skip_unavailable=False, cmake_clean_cache=False, cmake_clean_first=False, cmake_force_configure=False, ament_cmake_args=None, catkin_cmake_args=None, catkin_skip_building_tests=False, verb_parser=<colcon_defaults.argument_parser.defaults.DefaultArgumentsDecorator object at 0x735eb7f7c520>, verb_extension=<colcon_core.verb.build.BuildVerb object at 0x735eb7f3ff70>, main=<bound method BuildVerb.main of <colcon_core.verb.build.BuildVerb object at 0x735eb7f3ff70>>)
[0.186s] Level 1:colcon.colcon_core.package_discovery:discover_packages(colcon_meta) check parameters
[0.186s] Level 1:colcon.colcon_core.package_discovery:discover_packages(recursive) check parameters
[0.187s] Level 1:colcon.colcon_core.package_discovery:discover_packages(ignore) check parameters
[0.187s] Level 1:colcon.colcon_core.package_discovery:discover_packages(path) check parameters
[0.187s] Level 1:colcon.colcon_core.package_discovery:discover_packages(colcon_meta) discover
[0.187s] Level 1:colcon.colcon_core.package_discovery:discover_packages(recursive) discover
[0.187s] INFO:colcon.colcon_core.package_discovery:Crawling recursively for packages in '/home/rithwik/ros2_workspace2'
[0.187s] Level 1:colcon.colcon_core.package_identification:_identify(.) by extensions ['ignore', 'ignore_ament_install']
[0.187s] Level 1:colcon.colcon_core.package_identification:_identify(.) by extension 'ignore'
[0.187s] Level 1:colcon.colcon_core.package_identification:_identify(.) by extension 'ignore_ament_install'
[0.187s] Level 1:colcon.colcon_core.package_identification:_identify(.) by extensions ['colcon_pkg']
[0.187s] Level 1:colcon.colcon_core.package_identification:_identify(.) by extension 'colcon_pkg'
[0.187s] Level 1:colcon.colcon_core.package_identification:_identify(.) by extensions ['colcon_meta']
[0.187s] Level 1:colcon.colcon_core.package_identification:_identify(.) by extension 'colcon_meta'
[0.187s] Level 1:colcon.colcon_core.package_identification:_identify(.) by extensions ['ros']
[0.187s] Level 1:colcon.colcon_core.package_identification:_identify(.) by extension 'ros'
[0.192s] Level 1:colcon.colcon_core.package_identification:_identify(.) by extensions ['cmake', 'python']
[0.192s] Level 1:colcon.colcon_core.package_identification:_identify(.) by extension 'cmake'
[0.192s] Level 1:colcon.colcon_core.package_identification:_identify(.) by extension 'python'
[0.192s] Level 1:colcon.colcon_core.package_identification:_identify(.) by extensions ['python_setup_py']
[0.192s] Level 1:colcon.colcon_core.package_identification:_identify(.) by extension 'python_setup_py'
[0.192s] Level 1:colcon.colcon_core.package_identification:_identify(build) by extensions ['ignore', 'ignore_ament_install']
[0.192s] Level 1:colcon.colcon_core.package_identification:_identify(build) by extension 'ignore'
[0.192s] Level 1:colcon.colcon_core.package_identification:_identify(build) ignored
[0.192s] Level 1:colcon.colcon_core.package_identification:_identify(install) by extensions ['ignore', 'ignore_ament_install']
[0.192s] Level 1:colcon.colcon_core.package_identification:_identify(install) by extension 'ignore'
[0.192s] Level 1:colcon.colcon_core.package_identification:_identify(install) ignored
[0.193s] Level 1:colcon.colcon_core.package_identification:_identify(log) by extensions ['ignore', 'ignore_ament_install']
[0.193s] Level 1:colcon.colcon_core.package_identification:_identify(log) by extension 'ignore'
[0.193s] Level 1:colcon.colcon_core.package_identification:_identify(log) ignored
[0.193s] Level 1:colcon.colcon_core.package_identification:_identify(plywood_mazes) by extensions ['ignore', 'ignore_ament_install']
[0.193s] Level 1:colcon.colcon_core.package_identification:_identify(plywood_mazes) by extension 'ignore'
[0.193s] Level 1:colcon.colcon_core.package_identification:_identify(plywood_mazes) ignored
[0.193s] Level 1:colcon.colcon_core.package_identification:_identify(src) by extensions ['ignore', 'ignore_ament_install']
[0.193s] Level 1:colcon.colcon_core.package_identification:_identify(src) by extension 'ignore'
[0.193s] Level 1:colcon.colcon_core.package_identification:_identify(src) by extension 'ignore_ament_install'
[0.193s] Level 1:colcon.colcon_core.package_identification:_identify(src) by extensions ['colcon_pkg']
[0.193s] Level 1:colcon.colcon_core.package_identification:_identify(src) by extension 'colcon_pkg'
[0.193s] Level 1:colcon.colcon_core.package_identification:_identify(src) by extensions ['colcon_meta']
[0.193s] Level 1:colcon.colcon_core.package_identification:_identify(src) by extension 'colcon_meta'
[0.193s] Level 1:colcon.colcon_core.package_identification:_identify(src) by extensions ['ros']
[0.193s] Level 1:colcon.colcon_core.package_identification:_identify(src) by extension 'ros'
[0.193s] Level 1:colcon.colcon_core.package_identification:_identify(src) by extensions ['cmake', 'python']
[0.193s] Level 1:colcon.colcon_core.package_identification:_identify(src) by extension 'cmake'
[0.193s] Level 1:colcon.colcon_core.package_identification:_identify(src) by extension 'python'
[0.193s] Level 1:colcon.colcon_core.package_identification:_identify(src) by extensions ['python_setup_py']
[0.193s] Level 1:colcon.colcon_core.package_identification:_identify(src) by extension 'python_setup_py'
[0.193s] Level 1:colcon.colcon_core.package_identification:_identify(src/ROS2-Autonomous-Driving-and-Navigation-SLAM-with-TurtleBot3) by extensions ['ignore', 'ignore_ament_install']
[0.193s] Level 1:colcon.colcon_core.package_identification:_identify(src/ROS2-Autonomous-Driving-and-Navigation-SLAM-with-TurtleBot3) by extension 'ignore'
[0.193s] Level 1:colcon.colcon_core.package_identification:_identify(src/ROS2-Autonomous-Driving-and-Navigation-SLAM-with-TurtleBot3) by extension 'ignore_ament_install'
[0.193s] Level 1:colcon.colcon_core.package_identification:_identify(src/ROS2-Autonomous-Driving-and-Navigation-SLAM-with-TurtleBot3) by extensions ['colcon_pkg']
[0.193s] Level 1:colcon.colcon_core.package_identification:_identify(src/ROS2-Autonomous-Driving-and-Navigation-SLAM-with-TurtleBot3) by extension 'colcon_pkg'
[0.193s] Level 1:colcon.colcon_core.package_identification:_identify(src/ROS2-Autonomous-Driving-and-Navigation-SLAM-with-TurtleBot3) by extensions ['colcon_meta']
[0.193s] Level 1:colcon.colcon_core.package_identification:_identify(src/ROS2-Autonomous-Driving-and-Navigation-SLAM-with-TurtleBot3) by extension 'colcon_meta'
[0.193s] Level 1:colcon.colcon_core.package_identification:_identify(src/ROS2-Autonomous-Driving-and-Navigation-SLAM-with-TurtleBot3) by extensions ['ros']
[0.193s] Level 1:colcon.colcon_core.package_identification:_identify(src/ROS2-Autonomous-Driving-and-Navigation-SLAM-with-TurtleBot3) by extension 'ros'
[0.193s] Level 1:colcon.colcon_core.package_identification:_identify(src/ROS2-Autonomous-Driving-and-Navigation-SLAM-with-TurtleBot3) by extensions ['cmake', 'python']
[0.193s] Level 1:colcon.colcon_core.package_identification:_identify(src/ROS2-Autonomous-Driving-and-Navigation-SLAM-with-TurtleBot3) by extension 'cmake'
[0.193s] Level 1:colcon.colcon_core.package_identification:_identify(src/ROS2-Autonomous-Driving-and-Navigation-SLAM-with-TurtleBot3) by extension 'python'
[0.193s] Level 1:colcon.colcon_core.package_identification:_identify(src/ROS2-Autonomous-Driving-and-Navigation-SLAM-with-TurtleBot3) by extensions ['python_setup_py']
[0.193s] Level 1:colcon.colcon_core.package_identification:_identify(src/ROS2-Autonomous-Driving-and-Navigation-SLAM-with-TurtleBot3) by extension 'python_setup_py'
[0.193s] Level 1:colcon.colcon_core.package_identification:_identify(src/ROS2-Autonomous-Driving-and-Navigation-SLAM-with-TurtleBot3/autonomous_tb3) by extensions ['ignore', 'ignore_ament_install']
[0.193s] Level 1:colcon.colcon_core.package_identification:_identify(src/ROS2-Autonomous-Driving-and-Navigation-SLAM-with-TurtleBot3/autonomous_tb3) by extension 'ignore'
[0.193s] Level 1:colcon.colcon_core.package_identification:_identify(src/ROS2-Autonomous-Driving-and-Navigation-SLAM-with-TurtleBot3/autonomous_tb3) by extension 'ignore_ament_install'
[0.193s] Level 1:colcon.colcon_core.package_identification:_identify(src/ROS2-Autonomous-Driving-and-Navigation-SLAM-with-TurtleBot3/autonomous_tb3) by extensions ['colcon_pkg']
[0.193s] Level 1:colcon.colcon_core.package_identification:_identify(src/ROS2-Autonomous-Driving-and-Navigation-SLAM-with-TurtleBot3/autonomous_tb3) by extension 'colcon_pkg'
[0.193s] Level 1:colcon.colcon_core.package_identification:_identify(src/ROS2-Autonomous-Driving-and-Navigation-SLAM-with-TurtleBot3/autonomous_tb3) by extensions ['colcon_meta']
[0.193s] Level 1:colcon.colcon_core.package_identification:_identify(src/ROS2-Autonomous-Driving-and-Navigation-SLAM-with-TurtleBot3/autonomous_tb3) by extension 'colcon_meta'
[0.193s] Level 1:colcon.colcon_core.package_identification:_identify(src/ROS2-Autonomous-Driving-and-Navigation-SLAM-with-TurtleBot3/autonomous_tb3) by extensions ['ros']
[0.193s] Level 1:colcon.colcon_core.package_identification:_identify(src/ROS2-Autonomous-Driving-and-Navigation-SLAM-with-TurtleBot3/autonomous_tb3) by extension 'ros'
[0.195s] DEBUG:colcon.colcon_core.package_identification:Package 'src/ROS2-Autonomous-Driving-and-Navigation-SLAM-with-TurtleBot3/autonomous_tb3' with type 'ros.ament_python' and name 'autonomous_tb3'
[0.195s] Level 1:colcon.colcon_core.package_identification:_identify(src/ROS2-Autonomous-Driving-and-Navigation-SLAM-with-TurtleBot3/image_resources) by extensions ['ignore', 'ignore_ament_install']
[0.195s] Level 1:colcon.colcon_core.package_identification:_identify(src/ROS2-Autonomous-Driving-and-Navigation-SLAM-with-TurtleBot3/image_resources) by extension 'ignore'
[0.195s] Level 1:colcon.colcon_core.package_identification:_identify(src/ROS2-Autonomous-Driving-and-Navigation-SLAM-with-TurtleBot3/image_resources) by extension 'ignore_ament_install'
[0.195s] Level 1:colcon.colcon_core.package_identification:_identify(src/ROS2-Autonomous-Driving-and-Navigation-SLAM-with-TurtleBot3/image_resources) by extensions ['colcon_pkg']
[0.195s] Level 1:colcon.colcon_core.package_identification:_identify(src/ROS2-Autonomous-Driving-and-Navigation-SLAM-with-TurtleBot3/image_resources) by extension 'colcon_pkg'
[0.195s] Level 1:colcon.colcon_core.package_identification:_identify(src/ROS2-Autonomous-Driving-and-Navigation-SLAM-with-TurtleBot3/image_resources) by extensions ['colcon_meta']
[0.195s] Level 1:colcon.colcon_core.package_identification:_identify(src/ROS2-Autonomous-Driving-and-Navigation-SLAM-with-TurtleBot3/image_resources) by extension 'colcon_meta'
[0.195s] Level 1:colcon.colcon_core.package_identification:_identify(src/ROS2-Autonomous-Driving-and-Navigation-SLAM-with-TurtleBot3/image_resources) by extensions ['ros']
[0.195s] Level 1:colcon.colcon_core.package_identification:_identify(src/ROS2-Autonomous-Driving-and-Navigation-SLAM-with-TurtleBot3/image_resources) by extension 'ros'
[0.195s] Level 1:colcon.colcon_core.package_identification:_identify(src/ROS2-Autonomous-Driving-and-Navigation-SLAM-with-TurtleBot3/image_resources) by extensions ['cmake', 'python']
[0.195s] Level 1:colcon.colcon_core.package_identification:_identify(src/ROS2-Autonomous-Driving-and-Navigation-SLAM-with-TurtleBot3/image_resources) by extension 'cmake'
[0.195s] Level 1:colcon.colcon_core.package_identification:_identify(src/ROS2-Autonomous-Driving-and-Navigation-SLAM-with-TurtleBot3/image_resources) by extension 'python'
[0.195s] Level 1:colcon.colcon_core.package_identification:_identify(src/ROS2-Autonomous-Driving-and-Navigation-SLAM-with-TurtleBot3/image_resources) by extensions ['python_setup_py']
[0.195s] Level 1:colcon.colcon_core.package_identification:_identify(src/ROS2-Autonomous-Driving-and-Navigation-SLAM-with-TurtleBot3/image_resources) by extension 'python_setup_py'
[0.195s] Level 1:colcon.colcon_core.package_identification:_identify(src/rover) by extensions ['ignore', 'ignore_ament_install']
[0.195s] Level 1:colcon.colcon_core.package_identification:_identify(src/rover) by extension 'ignore'
[0.195s] Level 1:colcon.colcon_core.package_identification:_identify(src/rover) by extension 'ignore_ament_install'
[0.195s] Level 1:colcon.colcon_core.package_identification:_identify(src/rover) by extensions ['colcon_pkg']
[0.195s] Level 1:colcon.colcon_core.package_identification:_identify(src/rover) by extension 'colcon_pkg'
[0.195s] Level 1:colcon.colcon_core.package_identification:_identify(src/rover) by extensions ['colcon_meta']
[0.195s] Level 1:colcon.colcon_core.package_identification:_identify(src/rover) by extension 'colcon_meta'
[0.195s] Level 1:colcon.colcon_core.package_identification:_identify(src/rover) by extensions ['ros']
[0.195s] Level 1:colcon.colcon_core.package_identification:_identify(src/rover) by extension 'ros'
[0.195s] DEBUG:colcon.colcon_core.package_identification:Package 'src/rover' with type 'ros.ament_python' and name 'rover'
[0.195s] Level 1:colcon.colcon_core.package_identification:_identify(src/urdf_tutorial) by extensions ['ignore', 'ignore_ament_install']
[0.195s] Level 1:colcon.colcon_core.package_identification:_identify(src/urdf_tutorial) by extension 'ignore'
[0.196s] Level 1:colcon.colcon_core.package_identification:_identify(src/urdf_tutorial) by extension 'ignore_ament_install'
[0.196s] Level 1:colcon.colcon_core.package_identification:_identify(src/urdf_tutorial) by extensions ['colcon_pkg']
[0.196s] Level 1:colcon.colcon_core.package_identification:_identify(src/urdf_tutorial) by extension 'colcon_pkg'
[0.196s] Level 1:colcon.colcon_core.package_identification:_identify(src/urdf_tutorial) by extensions ['colcon_meta']
[0.196s] Level 1:colcon.colcon_core.package_identification:_identify(src/urdf_tutorial) by extension 'colcon_meta'
[0.196s] Level 1:colcon.colcon_core.package_identification:_identify(src/urdf_tutorial) by extensions ['ros']
[0.196s] Level 1:colcon.colcon_core.package_identification:_identify(src/urdf_tutorial) by extension 'ros'
[0.196s] Level 1:colcon.colcon_core.package_identification:_identify(src/urdf_tutorial) by extensions ['cmake', 'python']
[0.196s] Level 1:colcon.colcon_core.package_identification:_identify(src/urdf_tutorial) by extension 'cmake'
[0.196s] Level 1:colcon.colcon_core.package_identification:_identify(src/urdf_tutorial) by extension 'python'
[0.196s] Level 1:colcon.colcon_core.package_identification:_identify(src/urdf_tutorial) by extensions ['python_setup_py']
[0.196s] Level 1:colcon.colcon_core.package_identification:_identify(src/urdf_tutorial) by extension 'python_setup_py'
[0.196s] Level 1:colcon.colcon_core.package_discovery:discover_packages(recursive) using defaults
[0.196s] Level 1:colcon.colcon_core.package_discovery:discover_packages(ignore) discover
[0.196s] Level 1:colcon.colcon_core.package_discovery:discover_packages(ignore) using defaults
[0.196s] Level 1:colcon.colcon_core.package_discovery:discover_packages(path) discover
[0.196s] Level 1:colcon.colcon_core.package_discovery:discover_packages(path) using defaults
[0.212s] Level 1:colcon.colcon_core.package_discovery:discover_packages(prefix_path) check parameters
[0.212s] Level 1:colcon.colcon_core.package_discovery:discover_packages(prefix_path) discover
[0.214s] DEBUG:colcon.colcon_installed_package_information.package_discovery:Found 403 installed packages in /opt/ros/humble
[0.214s] Level 1:colcon.colcon_core.package_discovery:discover_packages(prefix_path) using defaults
[0.234s] Level 5:colcon.colcon_core.verb:set package 'autonomous_tb3' build argument 'cmake_args' from command line to 'None'
[0.234s] Level 5:colcon.colcon_core.verb:set package 'autonomous_tb3' build argument 'cmake_target' from command line to 'None'
[0.234s] Level 5:colcon.colcon_core.verb:set package 'autonomous_tb3' build argument 'cmake_target_skip_unavailable' from command line to 'False'
[0.234s] Level 5:colcon.colcon_core.verb:set package 'autonomous_tb3' build argument 'cmake_clean_cache' from command line to 'False'
[0.234s] Level 5:colcon.colcon_core.verb:set package 'autonomous_tb3' build argument 'cmake_clean_first' from command line to 'False'
[0.234s] Level 5:colcon.colcon_core.verb:set package 'autonomous_tb3' build argument 'cmake_force_configure' from command line to 'False'
[0.234s] Level 5:colcon.colcon_core.verb:set package 'autonomous_tb3' build argument 'ament_cmake_args' from command line to 'None'
[0.234s] Level 5:colcon.colcon_core.verb:set package 'autonomous_tb3' build argument 'catkin_cmake_args' from command line to 'None'
[0.234s] Level 5:colcon.colcon_core.verb:set package 'autonomous_tb3' build argument 'catkin_skip_building_tests' from command line to 'False'
[0.234s] DEBUG:colcon.colcon_core.verb:Building package 'autonomous_tb3' with the following arguments: {'ament_cmake_args': None, 'build_base': '/home/rithwik/ros2_workspace2/build/autonomous_tb3', 'catkin_cmake_args': None, 'catkin_skip_building_tests': False, 'cmake_args': None, 'cmake_clean_cache': False, 'cmake_clean_first': False, 'cmake_force_configure': False, 'cmake_target': None, 'cmake_target_skip_unavailable': False, 'install_base': '/home/rithwik/ros2_workspace2/install/autonomous_tb3', 'merge_install': False, 'path': '/home/rithwik/ros2_workspace2/src/ROS2-Autonomous-Driving-and-Navigation-SLAM-with-TurtleBot3/autonomous_tb3', 'symlink_install': False, 'test_result_base': None}
[0.234s] Level 5:colcon.colcon_core.verb:set package 'rover' build argument 'cmake_args' from command line to 'None'
[0.234s] Level 5:colcon.colcon_core.verb:set package 'rover' build argument 'cmake_target' from command line to 'None'
[0.234s] Level 5:colcon.colcon_core.verb:set package 'rover' build argument 'cmake_target_skip_unavailable' from command line to 'False'
[0.234s] Level 5:colcon.colcon_core.verb:set package 'rover' build argument 'cmake_clean_cache' from command line to 'False'
[0.234s] Level 5:colcon.colcon_core.verb:set package 'rover' build argument 'cmake_clean_first' from command line to 'False'
[0.234s] Level 5:colcon.colcon_core.verb:set package 'rover' build argument 'cmake_force_configure' from command line to 'False'
[0.234s] Level 5:colcon.colcon_core.verb:set package 'rover' build argument 'ament_cmake_args' from command line to 'None'
[0.234s] Level 5:colcon.colcon_core.verb:set package 'rover' build argument 'catkin_cmake_args' from command line to 'None'
[0.234s] Level 5:colcon.colcon_core.verb:set package 'rover' build argument 'catkin_skip_building_tests' from command line to 'False'
[0.234s] DEBUG:colcon.colcon_core.verb:Building package 'rover' with the following arguments: {'ament_cmake_args': None, 'build_base': '/home/rithwik/ros2_workspace2/build/rover', 'catkin_cmake_args': None, 'catkin_skip_building_tests': False, 'cmake_args': None, 'cmake_clean_cache': False, 'cmake_clean_first': False, 'cmake_force_configure': False, 'cmake_target': None, 'cmake_target_skip_unavailable': False, 'install_base': '/home/rithwik/ros2_workspace2/install/rover', 'merge_install': False, 'path': '/home/rithwik/ros2_workspace2/src/rover', 'symlink_install': False, 'test_result_base': None}
[0.234s] INFO:colcon.colcon_core.executor:Executing jobs using 'parallel' executor
[0.235s] DEBUG:colcon.colcon_parallel_executor.executor.parallel:run_until_complete
[0.235s] INFO:colcon.colcon_ros.task.ament_python.build:Building ROS package in '/home/rithwik/ros2_workspace2/src/ROS2-Autonomous-Driving-and-Navigation-SLAM-with-TurtleBot3/autonomous_tb3' with build type 'ament_python'
[0.235s] Level 1:colcon.colcon_core.shell:create_environment_hook('autonomous_tb3', 'ament_prefix_path')
[0.237s] INFO:colcon.colcon_core.plugin_system:Skipping extension 'colcon_core.shell.bat': Not used on non-Windows systems
[0.237s] INFO:colcon.colcon_core.shell:Creating environment hook '/home/rithwik/ros2_workspace2/install/autonomous_tb3/share/autonomous_tb3/hook/ament_prefix_path.ps1'
[0.237s] INFO:colcon.colcon_core.shell:Creating environment descriptor '/home/rithwik/ros2_workspace2/install/autonomous_tb3/share/autonomous_tb3/hook/ament_prefix_path.dsv'
[0.238s] INFO:colcon.colcon_core.shell:Creating environment hook '/home/rithwik/ros2_workspace2/install/autonomous_tb3/share/autonomous_tb3/hook/ament_prefix_path.sh'
[0.238s] INFO:colcon.colcon_core.shell:Skip shell extension 'powershell' for command environment: Not usable outside of PowerShell
[0.238s] DEBUG:colcon.colcon_core.shell:Skip shell extension 'dsv' for command environment
[0.240s] INFO:colcon.colcon_ros.task.ament_python.build:Building ROS package in '/home/rithwik/ros2_workspace2/src/rover' with build type 'ament_python'
[0.240s] Level 1:colcon.colcon_core.shell:create_environment_hook('rover', 'ament_prefix_path')
[0.240s] INFO:colcon.colcon_core.shell:Creating environment hook '/home/rithwik/ros2_workspace2/install/rover/share/rover/hook/ament_prefix_path.ps1'
[0.240s] INFO:colcon.colcon_core.shell:Creating environment descriptor '/home/rithwik/ros2_workspace2/install/rover/share/rover/hook/ament_prefix_path.dsv'
[0.240s] INFO:colcon.colcon_core.shell:Creating environment hook '/home/rithwik/ros2_workspace2/install/rover/share/rover/hook/ament_prefix_path.sh'
[0.240s] INFO:colcon.colcon_core.shell:Skip shell extension 'powershell' for command environment: Not usable outside of PowerShell
[0.240s] DEBUG:colcon.colcon_core.shell:Skip shell extension 'dsv' for command environment
[0.352s] INFO:colcon.colcon_core.task.python.build:Building Python package in '/home/rithwik/ros2_workspace2/src/ROS2-Autonomous-Driving-and-Navigation-SLAM-with-TurtleBot3/autonomous_tb3'
[0.352s] INFO:colcon.colcon_core.shell:Skip shell extension 'powershell' for command environment: Not usable outside of PowerShell
[0.352s] DEBUG:colcon.colcon_core.shell:Skip shell extension 'dsv' for command environment
[0.464s] INFO:colcon.colcon_core.task.python.build:Building Python package in '/home/rithwik/ros2_workspace2/src/rover'
[0.464s] INFO:colcon.colcon_core.shell:Skip shell extension 'powershell' for command environment: Not usable outside of PowerShell
[0.464s] DEBUG:colcon.colcon_core.shell:Skip shell extension 'dsv' for command environment
[0.640s] DEBUG:colcon.colcon_core.event_handler.log_command:Invoking command in '/home/rithwik/ros2_workspace2/build/rover': PYTHONPATH=/home/rithwik/ros2_workspace2/build/rover/prefix_override:/usr/lib/python3/dist-packages/colcon_core/task/python/colcon_distutils_commands:/home/rithwik/ros2_workspace2/install/rover/lib/python3.10/site-packages:${PYTHONPATH} /usr/bin/python3 -W ignore:setup.py install is deprecated -W ignore:easy_install command is deprecated setup.py develop --uninstall --editable --build-directory /home/rithwik/ros2_workspace2/build/rover/build
[0.642s] DEBUG:colcon.colcon_core.event_handler.log_command:Invoking command in '/home/rithwik/ros2_workspace2/src/ROS2-Autonomous-Driving-and-Navigation-SLAM-with-TurtleBot3/autonomous_tb3': PYTHONPATH=/home/rithwik/ros2_workspace2/build/autonomous_tb3/prefix_override:/usr/lib/python3/dist-packages/colcon_core/task/python/colcon_distutils_commands:/home/rithwik/ros2_workspace2/install/autonomous_tb3/lib/python3.10/site-packages:${PYTHONPATH} /usr/bin/python3 -W ignore:setup.py install is deprecated -W ignore:easy_install command is deprecated setup.py egg_info --egg-base ../../../build/autonomous_tb3 build --build-base /home/rithwik/ros2_workspace2/build/autonomous_tb3/build install --record /home/rithwik/ros2_workspace2/build/autonomous_tb3/install.log --single-version-externally-managed install_data
[0.783s] DEBUG:colcon.colcon_core.event_handler.log_command:Invoked command in '/home/rithwik/ros2_workspace2/src/ROS2-Autonomous-Driving-and-Navigation-SLAM-with-TurtleBot3/autonomous_tb3' returned '0': PYTHONPATH=/home/rithwik/ros2_workspace2/build/autonomous_tb3/prefix_override:/usr/lib/python3/dist-packages/colcon_core/task/python/colcon_distutils_commands:/home/rithwik/ros2_workspace2/install/autonomous_tb3/lib/python3.10/site-packages:${PYTHONPATH} /usr/bin/python3 -W ignore:setup.py install is deprecated -W ignore:easy_install command is deprecated setup.py egg_info --egg-base ../../../build/autonomous_tb3 build --build-base /home/rithwik/ros2_workspace2/build/autonomous_tb3/build install --record /home/rithwik/ros2_workspace2/build/autonomous_tb3/install.log --single-version-externally-managed install_data
[0.785s] Level 1:colcon.colcon_core.environment:checking '/home/rithwik/ros2_workspace2/install/autonomous_tb3' for CMake module files
[0.785s] Level 1:colcon.colcon_core.environment:checking '/home/rithwik/ros2_workspace2/install/autonomous_tb3' for CMake config files
[0.786s] Level 1:colcon.colcon_core.environment:checking '/home/rithwik/ros2_workspace2/install/autonomous_tb3/lib'
[0.786s] Level 1:colcon.colcon_core.environment:checking '/home/rithwik/ros2_workspace2/install/autonomous_tb3/bin'
[0.786s] Level 1:colcon.colcon_core.environment:checking '/home/rithwik/ros2_workspace2/install/autonomous_tb3/lib/pkgconfig/autonomous_tb3.pc'
[0.786s] Level 1:colcon.colcon_core.environment:checking '/home/rithwik/ros2_workspace2/install/autonomous_tb3/lib/python3.10/site-packages'
[0.786s] Level 1:colcon.colcon_core.shell:create_environment_hook('autonomous_tb3', 'pythonpath')
[0.786s] INFO:colcon.colcon_core.shell:Creating environment hook '/home/rithwik/ros2_workspace2/install/autonomous_tb3/share/autonomous_tb3/hook/pythonpath.ps1'
[0.786s] INFO:colcon.colcon_core.shell:Creating environment descriptor '/home/rithwik/ros2_workspace2/install/autonomous_tb3/share/autonomous_tb3/hook/pythonpath.dsv'
[0.786s] INFO:colcon.colcon_core.shell:Creating environment hook '/home/rithwik/ros2_workspace2/install/autonomous_tb3/share/autonomous_tb3/hook/pythonpath.sh'
[0.787s] Level 1:colcon.colcon_core.environment:checking '/home/rithwik/ros2_workspace2/install/autonomous_tb3/bin'
[0.787s] Level 1:colcon.colcon_core.environment:create_environment_scripts_only(autonomous_tb3)
[0.787s] INFO:colcon.colcon_core.shell:Creating package script '/home/rithwik/ros2_workspace2/install/autonomous_tb3/share/autonomous_tb3/package.ps1'
[0.787s] INFO:colcon.colcon_core.shell:Creating package descriptor '/home/rithwik/ros2_workspace2/install/autonomous_tb3/share/autonomous_tb3/package.dsv'
[0.788s] INFO:colcon.colcon_core.shell:Creating package script '/home/rithwik/ros2_workspace2/install/autonomous_tb3/share/autonomous_tb3/package.sh'
[0.788s] INFO:colcon.colcon_core.shell:Creating package script '/home/rithwik/ros2_workspace2/install/autonomous_tb3/share/autonomous_tb3/package.bash'
[0.788s] INFO:colcon.colcon_core.shell:Creating package script '/home/rithwik/ros2_workspace2/install/autonomous_tb3/share/autonomous_tb3/package.zsh'
[0.789s] Level 1:colcon.colcon_core.environment:create_file_with_runtime_dependencies(/home/rithwik/ros2_workspace2/install/autonomous_tb3/share/colcon-core/packages/autonomous_tb3)
[0.842s] DEBUG:colcon.colcon_core.event_handler.log_command:Invoked command in '/home/rithwik/ros2_workspace2/build/rover' returned '0': PYTHONPATH=/home/rithwik/ros2_workspace2/build/rover/prefix_override:/usr/lib/python3/dist-packages/colcon_core/task/python/colcon_distutils_commands:/home/rithwik/ros2_workspace2/install/rover/lib/python3.10/site-packages:${PYTHONPATH} /usr/bin/python3 -W ignore:setup.py install is deprecated -W ignore:easy_install command is deprecated setup.py develop --uninstall --editable --build-directory /home/rithwik/ros2_workspace2/build/rover/build
[0.843s] DEBUG:colcon.colcon_core.event_handler.log_command:Invoking command in '/home/rithwik/ros2_workspace2/src/rover': PYTHONPATH=/home/rithwik/ros2_workspace2/build/rover/prefix_override:/usr/lib/python3/dist-packages/colcon_core/task/python/colcon_distutils_commands:/home/rithwik/ros2_workspace2/install/rover/lib/python3.10/site-packages:${PYTHONPATH} /usr/bin/python3 -W ignore:setup.py install is deprecated -W ignore:easy_install command is deprecated setup.py egg_info --egg-base ../../build/rover build --build-base /home/rithwik/ros2_workspace2/build/rover/build install --record /home/rithwik/ros2_workspace2/build/rover/install.log --single-version-externally-managed install_data --force
[0.973s] Level 1:colcon.colcon_core.environment:checking '/home/rithwik/ros2_workspace2/install/rover' for CMake module files
[0.973s] DEBUG:colcon.colcon_core.event_handler.log_command:Invoked command in '/home/rithwik/ros2_workspace2/src/rover' returned '0': PYTHONPATH=/home/rithwik/ros2_workspace2/build/rover/prefix_override:/usr/lib/python3/dist-packages/colcon_core/task/python/colcon_distutils_commands:/home/rithwik/ros2_workspace2/install/rover/lib/python3.10/site-packages:${PYTHONPATH} /usr/bin/python3 -W ignore:setup.py install is deprecated -W ignore:easy_install command is deprecated setup.py egg_info --egg-base ../../build/rover build --build-base /home/rithwik/ros2_workspace2/build/rover/build install --record /home/rithwik/ros2_workspace2/build/rover/install.log --single-version-externally-managed install_data --force
[0.973s] Level 1:colcon.colcon_core.environment:checking '/home/rithwik/ros2_workspace2/install/rover' for CMake config files
[0.974s] Level 1:colcon.colcon_core.environment:checking '/home/rithwik/ros2_workspace2/install/rover/lib'
[0.974s] Level 1:colcon.colcon_core.environment:checking '/home/rithwik/ros2_workspace2/install/rover/bin'
[0.974s] Level 1:colcon.colcon_core.environment:checking '/home/rithwik/ros2_workspace2/install/rover/lib/pkgconfig/rover.pc'
[0.974s] Level 1:colcon.colcon_core.environment:checking '/home/rithwik/ros2_workspace2/install/rover/lib/python3.10/site-packages'
[0.974s] Level 1:colcon.colcon_core.shell:create_environment_hook('rover', 'pythonpath')
[0.974s] INFO:colcon.colcon_core.shell:Creating environment hook '/home/rithwik/ros2_workspace2/install/rover/share/rover/hook/pythonpath.ps1'
[0.975s] INFO:colcon.colcon_core.shell:Creating environment descriptor '/home/rithwik/ros2_workspace2/install/rover/share/rover/hook/pythonpath.dsv'
[0.975s] INFO:colcon.colcon_core.shell:Creating environment hook '/home/rithwik/ros2_workspace2/install/rover/share/rover/hook/pythonpath.sh'
[0.976s] Level 1:colcon.colcon_core.environment:checking '/home/rithwik/ros2_workspace2/install/rover/bin'
[0.976s] Level 1:colcon.colcon_core.environment:create_environment_scripts_only(rover)
[0.976s] INFO:colcon.colcon_core.shell:Creating package script '/home/rithwik/ros2_workspace2/install/rover/share/rover/package.ps1'
[0.976s] INFO:colcon.colcon_core.shell:Creating package descriptor '/home/rithwik/ros2_workspace2/install/rover/share/rover/package.dsv'
[0.977s] INFO:colcon.colcon_core.shell:Creating package script '/home/rithwik/ros2_workspace2/install/rover/share/rover/package.sh'
[0.977s] INFO:colcon.colcon_core.shell:Creating package script '/home/rithwik/ros2_workspace2/install/rover/share/rover/package.bash'
[0.977s] INFO:colcon.colcon_core.shell:Creating package script '/home/rithwik/ros2_workspace2/install/rover/share/rover/package.zsh'
[0.977s] Level 1:colcon.colcon_core.environment:create_file_with_runtime_dependencies(/home/rithwik/ros2_workspace2/install/rover/share/colcon-core/packages/rover)
[0.978s] DEBUG:colcon.colcon_parallel_executor.executor.parallel:closing loop
[0.978s] DEBUG:colcon.colcon_parallel_executor.executor.parallel:loop closed
[0.978s] DEBUG:colcon.colcon_parallel_executor.executor.parallel:run_until_complete finished with '0'
[0.978s] DEBUG:colcon.colcon_core.event_reactor:joining thread
[0.981s] INFO:colcon.colcon_core.plugin_system:Skipping extension 'colcon_notification.desktop_notification.terminal_notifier': Not used on non-Darwin systems
[0.981s] INFO:colcon.colcon_core.plugin_system:Skipping extension 'colcon_notification.desktop_notification.win32': Not used on non-Windows systems
[0.981s] INFO:colcon.colcon_notification.desktop_notification:Sending desktop notification using 'notify2'
[0.989s] DEBUG:colcon.colcon_core.event_reactor:joined thread
[0.990s] INFO:colcon.colcon_core.shell:Creating prefix script '/home/rithwik/ros2_workspace2/install/local_setup.ps1'
[0.990s] INFO:colcon.colcon_core.shell:Creating prefix util module '/home/rithwik/ros2_workspace2/install/_local_setup_util_ps1.py'
[0.991s] INFO:colcon.colcon_core.shell:Creating prefix chain script '/home/rithwik/ros2_workspace2/install/setup.ps1'
[0.991s] INFO:colcon.colcon_core.shell:Creating prefix script '/home/rithwik/ros2_workspace2/install/local_setup.sh'
[0.992s] INFO:colcon.colcon_core.shell:Creating prefix util module '/home/rithwik/ros2_workspace2/install/_local_setup_util_sh.py'
[0.992s] INFO:colcon.colcon_core.shell:Creating prefix chain script '/home/rithwik/ros2_workspace2/install/setup.sh'
[0.993s] INFO:colcon.colcon_core.shell:Creating prefix script '/home/rithwik/ros2_workspace2/install/local_setup.bash'
[0.993s] INFO:colcon.colcon_core.shell:Creating prefix chain script '/home/rithwik/ros2_workspace2/install/setup.bash'
[0.994s] INFO:colcon.colcon_core.shell:Creating prefix script '/home/rithwik/ros2_workspace2/install/local_setup.zsh'
[0.994s] INFO:colcon.colcon_core.shell:Creating prefix chain script '/home/rithwik/ros2_workspace2/install/setup.zsh'
