[0.240s] Invoking command in '/home/rithwik/ros2_workspace2/build/explorer_interfaces': CMAKE_PREFIX_PATH=/home/rithwik/ros2_workspace2/install/rover:/home/rithwik/ros2_workspace2/install/autonomous_tb3:/opt/ros/humble /usr/bin/cmake /home/rithwik/ros2_workspace2/src/ros2_explorer/explorer_interfaces -DCMAKE_INSTALL_PREFIX=/home/rithwik/ros2_workspace2/install/explorer_interfaces
[0.483s] -- The C compiler identification is GNU 11.4.0
[0.483s] -- The CXX compiler identification is GNU 11.4.0
[0.483s] -- Detecting C compiler ABI info
[0.483s] -- Detecting C compiler ABI info - done
[0.483s] -- Check for working C compiler: /usr/bin/cc - skipped
[0.483s] -- Detecting C compile features
[0.483s] -- Detecting C compile features - done
[0.483s] -- Detecting CXX compiler ABI info
[0.483s] -- Detecting CXX compiler ABI info - done
[0.483s] -- Check for working CXX compiler: /usr/bin/c++ - skipped
[0.483s] -- Detecting CXX compile features
[0.483s] -- Detecting CXX compile features - done
[0.483s] -- Found ament_cmake: 1.3.12 (/opt/ros/humble/share/ament_cmake/cmake)
[0.558s] -- Found Python3: /usr/bin/python3 (found version "3.10.12") found components: Interpreter 
[0.607s] -- Found ament_lint_auto: 0.12.14 (/opt/ros/humble/share/ament_lint_auto/cmake)
[0.650s] -- Found rosidl_default_generators: 1.2.0 (/opt/ros/humble/share/rosidl_default_generators/cmake)
[0.652s] -- Using all available rosidl_typesupport_c: rosidl_typesupport_fastrtps_c;rosidl_typesupport_introspection_c
[0.657s] -- Found rosidl_adapter: 3.1.7 (/opt/ros/humble/share/rosidl_adapter/cmake)
[0.685s] -- Using all available rosidl_typesupport_cpp: rosidl_typesupport_fastrtps_cpp;rosidl_typesupport_introspection_cpp
[0.709s] -- Found geometry_msgs: 4.9.0 (/opt/ros/humble/share/geometry_msgs/cmake)
[0.747s] -- Found nav_msgs: 4.9.0 (/opt/ros/humble/share/nav_msgs/cmake)
[0.888s] -- Found ament_cmake_ros: 0.10.0 (/opt/ros/humble/share/ament_cmake_ros/cmake)
[1.002s] -- Using all available rosidl_typesupport_c: rosidl_typesupport_fastrtps_c;rosidl_typesupport_introspection_c
[1.222s] -- Using all available rosidl_typesupport_cpp: rosidl_typesupport_fastrtps_cpp;rosidl_typesupport_introspection_cpp
[1.236s] -- Found PythonInterp: /usr/bin/python3 (found suitable version "3.10.12", minimum required is "3.6") 
[1.236s] -- Found python_cmake_module: 0.10.0 (/opt/ros/humble/share/python_cmake_module/cmake)
[1.259s] -- Found PythonLibs: /usr/lib/x86_64-linux-gnu/libpython3.10.so (found suitable version "3.10.12", minimum required is "3.5") 
[1.259s] -- Using PYTHON_EXECUTABLE: /usr/bin/python3
[1.260s] -- Using PYTHON_INCLUDE_DIRS: /usr/include/python3.10
[1.260s] -- Using PYTHON_LIBRARIES: /usr/lib/x86_64-linux-gnu/libpython3.10.so
[1.282s] -- Found PythonExtra: .so  
[1.311s] -- Added test 'copyright' to check source files copyright and LICENSE
[1.312s] -- Added test 'lint_cmake' to check CMake code style
[1.313s] -- Added test 'xmllint' to check XML markup files
[1.316s] -- Configuring done
[1.329s] -- Generating done
[1.334s] -- Build files have been written to: /home/rithwik/ros2_workspace2/build/explorer_interfaces
[1.339s] Invoked command in '/home/rithwik/ros2_workspace2/build/explorer_interfaces' returned '0': CMAKE_PREFIX_PATH=/home/rithwik/ros2_workspace2/install/rover:/home/rithwik/ros2_workspace2/install/autonomous_tb3:/opt/ros/humble /usr/bin/cmake /home/rithwik/ros2_workspace2/src/ros2_explorer/explorer_interfaces -DCMAKE_INSTALL_PREFIX=/home/rithwik/ros2_workspace2/install/explorer_interfaces
[1.341s] Invoking command in '/home/rithwik/ros2_workspace2/build/explorer_interfaces': CMAKE_PREFIX_PATH=/home/rithwik/ros2_workspace2/install/rover:/home/rithwik/ros2_workspace2/install/autonomous_tb3:/opt/ros/humble /usr/bin/cmake --build /home/rithwik/ros2_workspace2/build/explorer_interfaces -- -j32 -l32
[1.368s] [  2%] [34m[1mGenerating C code for ROS interfaces[0m
[1.373s] [  5%] [34m[1mGenerating C++ code for ROS interfaces[0m
[1.381s] [  5%] Built target ament_cmake_python_copy_explorer_interfaces
[1.497s] running egg_info
[1.497s] creating explorer_interfaces.egg-info
[1.497s] writing explorer_interfaces.egg-info/PKG-INFO
[1.498s] writing dependency_links to explorer_interfaces.egg-info/dependency_links.txt
[1.498s] writing top-level names to explorer_interfaces.egg-info/top_level.txt
[1.498s] writing manifest file 'explorer_interfaces.egg-info/SOURCES.txt'
[1.499s] reading manifest file 'explorer_interfaces.egg-info/SOURCES.txt'
[1.499s] writing manifest file 'explorer_interfaces.egg-info/SOURCES.txt'
[1.515s] [  5%] Built target ament_cmake_python_build_explorer_interfaces_egg
[1.676s] [  5%] Built target explorer_interfaces__cpp
[1.681s] [  7%] [32mBuilding C object CMakeFiles/explorer_interfaces__rosidl_generator_c.dir/rosidl_generator_c/explorer_interfaces/action/detail/wander__functions.c.o[0m
[1.682s] [ 10%] [34m[1mGenerating C++ type support dispatch for ROS interfaces[0m
[1.682s] [ 15%] [34m[1mGenerating C++ type support for eProsima Fast-RTPS[0m
[1.682s] [ 15%] [32mBuilding C object CMakeFiles/explorer_interfaces__rosidl_generator_c.dir/rosidl_generator_c/explorer_interfaces/action/detail/discover__functions.c.o[0m
[1.682s] [ 17%] [34m[1mGenerating C++ introspection for ROS interfaces[0m
[1.759s] [ 20%] [32m[1mLinking C shared library libexplorer_interfaces__rosidl_generator_c.so[0m
[1.787s] [ 20%] Built target explorer_interfaces__rosidl_generator_c
[1.793s] [ 23%] [34m[1mGenerating C type support for eProsima Fast-RTPS[0m
[1.793s] [ 28%] [34m[1mGenerating C introspection for ROS interfaces[0m
[1.794s] [ 28%] [34m[1mGenerating C type support dispatch for ROS interfaces[0m
[1.878s] [ 30%] [32mBuilding CXX object CMakeFiles/explorer_interfaces__rosidl_typesupport_cpp.dir/rosidl_typesupport_cpp/explorer_interfaces/action/wander__type_support.cpp.o[0m
[1.878s] [ 33%] [32mBuilding CXX object CMakeFiles/explorer_interfaces__rosidl_typesupport_cpp.dir/rosidl_typesupport_cpp/explorer_interfaces/action/discover__type_support.cpp.o[0m
[1.916s] [ 35%] [32mBuilding CXX object CMakeFiles/explorer_interfaces__rosidl_typesupport_introspection_cpp.dir/rosidl_typesupport_introspection_cpp/explorer_interfaces/action/detail/wander__type_support.cpp.o[0m
[1.916s] [ 38%] [32mBuilding CXX object CMakeFiles/explorer_interfaces__rosidl_typesupport_introspection_cpp.dir/rosidl_typesupport_introspection_cpp/explorer_interfaces/action/detail/discover__type_support.cpp.o[0m
[1.963s] [ 43%] [32mBuilding CXX object CMakeFiles/explorer_interfaces__rosidl_typesupport_fastrtps_cpp.dir/rosidl_typesupport_fastrtps_cpp/explorer_interfaces/action/detail/dds_fastrtps/discover__type_support.cpp.o[0m
[1.963s] [ 43%] [32mBuilding CXX object CMakeFiles/explorer_interfaces__rosidl_typesupport_fastrtps_cpp.dir/rosidl_typesupport_fastrtps_cpp/explorer_interfaces/action/detail/dds_fastrtps/wander__type_support.cpp.o[0m
[1.989s] [ 46%] [32mBuilding CXX object CMakeFiles/explorer_interfaces__rosidl_typesupport_c.dir/rosidl_typesupport_c/explorer_interfaces/action/discover__type_support.cpp.o[0m
[1.989s] [ 48%] [32mBuilding CXX object CMakeFiles/explorer_interfaces__rosidl_typesupport_c.dir/rosidl_typesupport_c/explorer_interfaces/action/wander__type_support.cpp.o[0m
[2.017s] [ 51%] [32m[1mLinking CXX shared library libexplorer_interfaces__rosidl_typesupport_c.so[0m
[2.048s] [ 51%] Built target explorer_interfaces__rosidl_typesupport_c
[2.053s] [ 56%] [32mBuilding C object CMakeFiles/explorer_interfaces__rosidl_typesupport_introspection_c.dir/rosidl_typesupport_introspection_c/explorer_interfaces/action/detail/wander__type_support.c.o[0m
[2.053s] [ 56%] [32mBuilding C object CMakeFiles/explorer_interfaces__rosidl_typesupport_introspection_c.dir/rosidl_typesupport_introspection_c/explorer_interfaces/action/detail/discover__type_support.c.o[0m
[2.077s] [ 61%] [32mBuilding CXX object CMakeFiles/explorer_interfaces__rosidl_typesupport_fastrtps_c.dir/rosidl_typesupport_fastrtps_c/explorer_interfaces/action/detail/discover__type_support_c.cpp.o[0m
[2.077s] [ 61%] [32mBuilding CXX object CMakeFiles/explorer_interfaces__rosidl_typesupport_fastrtps_c.dir/rosidl_typesupport_fastrtps_c/explorer_interfaces/action/detail/wander__type_support_c.cpp.o[0m
[2.088s] [ 64%] [32m[1mLinking C shared library libexplorer_interfaces__rosidl_typesupport_introspection_c.so[0m
[2.112s] [ 64%] Built target explorer_interfaces__rosidl_typesupport_introspection_c
[2.142s] [ 66%] [32m[1mLinking CXX shared library libexplorer_interfaces__rosidl_typesupport_cpp.so[0m
[2.170s] [ 66%] Built target explorer_interfaces__rosidl_typesupport_cpp
[2.215s] [ 69%] [32m[1mLinking CXX shared library libexplorer_interfaces__rosidl_typesupport_fastrtps_cpp.so[0m
[2.249s] [ 71%] [32m[1mLinking CXX shared library libexplorer_interfaces__rosidl_typesupport_introspection_cpp.so[0m
[2.256s] [ 71%] Built target explorer_interfaces__rosidl_typesupport_fastrtps_cpp
[2.256s] [ 74%] [32m[1mLinking CXX shared library libexplorer_interfaces__rosidl_typesupport_fastrtps_c.so[0m
[2.289s] [ 74%] Built target explorer_interfaces__rosidl_typesupport_introspection_cpp
[2.296s] [ 74%] Built target explorer_interfaces__rosidl_typesupport_fastrtps_c
[2.309s] [ 74%] Built target explorer_interfaces
[2.327s] [ 76%] [34m[1mGenerating Python code for ROS interfaces[0m
[2.874s] [ 76%] Built target explorer_interfaces__py
[2.889s] [ 79%] [32mBuilding C object CMakeFiles/explorer_interfaces__rosidl_generator_py.dir/rosidl_generator_py/explorer_interfaces/action/_wander_s.c.o[0m
[2.892s] [ 82%] [32mBuilding C object CMakeFiles/explorer_interfaces__rosidl_generator_py.dir/rosidl_generator_py/explorer_interfaces/action/_discover_s.c.o[0m
[2.982s] [ 84%] [32m[1mLinking C shared library rosidl_generator_py/explorer_interfaces/libexplorer_interfaces__rosidl_generator_py.so[0m
[3.015s] [ 84%] Built target explorer_interfaces__rosidl_generator_py
[3.044s] [ 89%] [32mBuilding C object CMakeFiles/explorer_interfaces__rosidl_typesupport_introspection_c__pyext.dir/rosidl_generator_py/explorer_interfaces/_explorer_interfaces_s.ep.rosidl_typesupport_introspection_c.c.o[0m
[3.045s] [ 89%] [32mBuilding C object CMakeFiles/explorer_interfaces__rosidl_typesupport_fastrtps_c__pyext.dir/rosidl_generator_py/explorer_interfaces/_explorer_interfaces_s.ep.rosidl_typesupport_fastrtps_c.c.o[0m
[3.045s] [ 92%] [32mBuilding C object CMakeFiles/explorer_interfaces__rosidl_typesupport_c__pyext.dir/rosidl_generator_py/explorer_interfaces/_explorer_interfaces_s.ep.rosidl_typesupport_c.c.o[0m
[3.128s] [ 94%] [32m[1mLinking C shared library rosidl_generator_py/explorer_interfaces/explorer_interfaces_s__rosidl_typesupport_introspection_c.cpython-310-x86_64-linux-gnu.so[0m
[3.128s] [ 97%] [32m[1mLinking C shared library rosidl_generator_py/explorer_interfaces/explorer_interfaces_s__rosidl_typesupport_c.cpython-310-x86_64-linux-gnu.so[0m
[3.128s] [100%] [32m[1mLinking C shared library rosidl_generator_py/explorer_interfaces/explorer_interfaces_s__rosidl_typesupport_fastrtps_c.cpython-310-x86_64-linux-gnu.so[0m
[3.150s] [100%] Built target explorer_interfaces__rosidl_typesupport_c__pyext
[3.151s] [100%] Built target explorer_interfaces__rosidl_typesupport_fastrtps_c__pyext
[3.152s] [100%] Built target explorer_interfaces__rosidl_typesupport_introspection_c__pyext
[3.160s] Invoked command in '/home/rithwik/ros2_workspace2/build/explorer_interfaces' returned '0': CMAKE_PREFIX_PATH=/home/rithwik/ros2_workspace2/install/rover:/home/rithwik/ros2_workspace2/install/autonomous_tb3:/opt/ros/humble /usr/bin/cmake --build /home/rithwik/ros2_workspace2/build/explorer_interfaces -- -j32 -l32
[3.162s] Invoking command in '/home/rithwik/ros2_workspace2/build/explorer_interfaces': CMAKE_PREFIX_PATH=/home/rithwik/ros2_workspace2/install/rover:/home/rithwik/ros2_workspace2/install/autonomous_tb3:/opt/ros/humble /usr/bin/cmake --install /home/rithwik/ros2_workspace2/build/explorer_interfaces
[3.171s] -- Install configuration: ""
[3.171s] -- Installing: /home/rithwik/ros2_workspace2/install/explorer_interfaces/share/ament_index/resource_index/rosidl_interfaces/explorer_interfaces
[3.171s] -- Installing: /home/rithwik/ros2_workspace2/install/explorer_interfaces/include/explorer_interfaces/explorer_interfaces
[3.171s] -- Installing: /home/rithwik/ros2_workspace2/install/explorer_interfaces/include/explorer_interfaces/explorer_interfaces/action
[3.172s] -- Installing: /home/rithwik/ros2_workspace2/install/explorer_interfaces/include/explorer_interfaces/explorer_interfaces/action/wander.h
[3.172s] -- Installing: /home/rithwik/ros2_workspace2/install/explorer_interfaces/include/explorer_interfaces/explorer_interfaces/action/detail
[3.172s] -- Installing: /home/rithwik/ros2_workspace2/install/explorer_interfaces/include/explorer_interfaces/explorer_interfaces/action/detail/discover__functions.h
[3.172s] -- Installing: /home/rithwik/ros2_workspace2/install/explorer_interfaces/include/explorer_interfaces/explorer_interfaces/action/detail/wander__type_support.h
[3.172s] -- Installing: /home/rithwik/ros2_workspace2/install/explorer_interfaces/include/explorer_interfaces/explorer_interfaces/action/detail/discover__functions.c
[3.172s] -- Installing: /home/rithwik/ros2_workspace2/install/explorer_interfaces/include/explorer_interfaces/explorer_interfaces/action/detail/discover__type_support.h
[3.172s] -- Installing: /home/rithwik/ros2_workspace2/install/explorer_interfaces/include/explorer_interfaces/explorer_interfaces/action/detail/wander__struct.h
[3.172s] -- Installing: /home/rithwik/ros2_workspace2/install/explorer_interfaces/include/explorer_interfaces/explorer_interfaces/action/detail/discover__struct.h
[3.173s] -- Installing: /home/rithwik/ros2_workspace2/install/explorer_interfaces/include/explorer_interfaces/explorer_interfaces/action/detail/wander__functions.h
[3.173s] -- Installing: /home/rithwik/ros2_workspace2/install/explorer_interfaces/include/explorer_interfaces/explorer_interfaces/action/detail/wander__functions.c
[3.173s] -- Installing: /home/rithwik/ros2_workspace2/install/explorer_interfaces/include/explorer_interfaces/explorer_interfaces/action/discover.h
[3.173s] -- Installing: /home/rithwik/ros2_workspace2/install/explorer_interfaces/include/explorer_interfaces/explorer_interfaces/msg
[3.173s] -- Installing: /home/rithwik/ros2_workspace2/install/explorer_interfaces/include/explorer_interfaces/explorer_interfaces/msg/rosidl_generator_c__visibility_control.h
[3.173s] -- Installing: /home/rithwik/ros2_workspace2/install/explorer_interfaces/share/explorer_interfaces/environment/library_path.sh
[3.173s] -- Installing: /home/rithwik/ros2_workspace2/install/explorer_interfaces/share/explorer_interfaces/environment/library_path.dsv
[3.173s] -- Installing: /home/rithwik/ros2_workspace2/install/explorer_interfaces/lib/libexplorer_interfaces__rosidl_generator_c.so
[3.173s] -- Set runtime path of "/home/rithwik/ros2_workspace2/install/explorer_interfaces/lib/libexplorer_interfaces__rosidl_generator_c.so" to ""
[3.173s] -- Up-to-date: /home/rithwik/ros2_workspace2/install/explorer_interfaces/include/explorer_interfaces/explorer_interfaces
[3.173s] -- Up-to-date: /home/rithwik/ros2_workspace2/install/explorer_interfaces/include/explorer_interfaces/explorer_interfaces/action
[3.173s] -- Up-to-date: /home/rithwik/ros2_workspace2/install/explorer_interfaces/include/explorer_interfaces/explorer_interfaces/action/detail
[3.173s] -- Installing: /home/rithwik/ros2_workspace2/install/explorer_interfaces/include/explorer_interfaces/explorer_interfaces/action/detail/wander__rosidl_typesupport_fastrtps_c.h
[3.173s] -- Installing: /home/rithwik/ros2_workspace2/install/explorer_interfaces/include/explorer_interfaces/explorer_interfaces/action/detail/discover__rosidl_typesupport_fastrtps_c.h
[3.173s] -- Up-to-date: /home/rithwik/ros2_workspace2/install/explorer_interfaces/include/explorer_interfaces/explorer_interfaces/msg
[3.173s] -- Installing: /home/rithwik/ros2_workspace2/install/explorer_interfaces/include/explorer_interfaces/explorer_interfaces/msg/rosidl_typesupport_fastrtps_c__visibility_control.h
[3.173s] -- Installing: /home/rithwik/ros2_workspace2/install/explorer_interfaces/lib/libexplorer_interfaces__rosidl_typesupport_fastrtps_c.so
[3.173s] -- Set runtime path of "/home/rithwik/ros2_workspace2/install/explorer_interfaces/lib/libexplorer_interfaces__rosidl_typesupport_fastrtps_c.so" to ""
[3.173s] -- Up-to-date: /home/rithwik/ros2_workspace2/install/explorer_interfaces/include/explorer_interfaces/explorer_interfaces
[3.173s] -- Up-to-date: /home/rithwik/ros2_workspace2/install/explorer_interfaces/include/explorer_interfaces/explorer_interfaces/action
[3.173s] -- Up-to-date: /home/rithwik/ros2_workspace2/install/explorer_interfaces/include/explorer_interfaces/explorer_interfaces/action/detail
[3.173s] -- Installing: /home/rithwik/ros2_workspace2/install/explorer_interfaces/include/explorer_interfaces/explorer_interfaces/action/detail/wander__rosidl_typesupport_introspection_c.h
[3.173s] -- Installing: /home/rithwik/ros2_workspace2/install/explorer_interfaces/include/explorer_interfaces/explorer_interfaces/action/detail/wander__type_support.c
[3.173s] -- Installing: /home/rithwik/ros2_workspace2/install/explorer_interfaces/include/explorer_interfaces/explorer_interfaces/action/detail/discover__type_support.c
[3.173s] -- Installing: /home/rithwik/ros2_workspace2/install/explorer_interfaces/include/explorer_interfaces/explorer_interfaces/action/detail/discover__rosidl_typesupport_introspection_c.h
[3.174s] -- Up-to-date: /home/rithwik/ros2_workspace2/install/explorer_interfaces/include/explorer_interfaces/explorer_interfaces/msg
[3.174s] -- Installing: /home/rithwik/ros2_workspace2/install/explorer_interfaces/include/explorer_interfaces/explorer_interfaces/msg/rosidl_typesupport_introspection_c__visibility_control.h
[3.174s] -- Installing: /home/rithwik/ros2_workspace2/install/explorer_interfaces/lib/libexplorer_interfaces__rosidl_typesupport_introspection_c.so
[3.174s] -- Set runtime path of "/home/rithwik/ros2_workspace2/install/explorer_interfaces/lib/libexplorer_interfaces__rosidl_typesupport_introspection_c.so" to ""
[3.174s] -- Installing: /home/rithwik/ros2_workspace2/install/explorer_interfaces/lib/libexplorer_interfaces__rosidl_typesupport_c.so
[3.174s] -- Set runtime path of "/home/rithwik/ros2_workspace2/install/explorer_interfaces/lib/libexplorer_interfaces__rosidl_typesupport_c.so" to ""
[3.174s] -- Up-to-date: /home/rithwik/ros2_workspace2/install/explorer_interfaces/include/explorer_interfaces/explorer_interfaces
[3.174s] -- Up-to-date: /home/rithwik/ros2_workspace2/install/explorer_interfaces/include/explorer_interfaces/explorer_interfaces/action
[3.174s] -- Up-to-date: /home/rithwik/ros2_workspace2/install/explorer_interfaces/include/explorer_interfaces/explorer_interfaces/action/detail
[3.174s] -- Installing: /home/rithwik/ros2_workspace2/install/explorer_interfaces/include/explorer_interfaces/explorer_interfaces/action/detail/discover__struct.hpp
[3.174s] -- Installing: /home/rithwik/ros2_workspace2/install/explorer_interfaces/include/explorer_interfaces/explorer_interfaces/action/detail/discover__type_support.hpp
[3.174s] -- Installing: /home/rithwik/ros2_workspace2/install/explorer_interfaces/include/explorer_interfaces/explorer_interfaces/action/detail/wander__type_support.hpp
[3.174s] -- Installing: /home/rithwik/ros2_workspace2/install/explorer_interfaces/include/explorer_interfaces/explorer_interfaces/action/detail/wander__builder.hpp
[3.174s] -- Installing: /home/rithwik/ros2_workspace2/install/explorer_interfaces/include/explorer_interfaces/explorer_interfaces/action/detail/discover__builder.hpp
[3.174s] -- Installing: /home/rithwik/ros2_workspace2/install/explorer_interfaces/include/explorer_interfaces/explorer_interfaces/action/detail/wander__struct.hpp
[3.174s] -- Installing: /home/rithwik/ros2_workspace2/install/explorer_interfaces/include/explorer_interfaces/explorer_interfaces/action/detail/discover__traits.hpp
[3.174s] -- Installing: /home/rithwik/ros2_workspace2/install/explorer_interfaces/include/explorer_interfaces/explorer_interfaces/action/detail/wander__traits.hpp
[3.174s] -- Installing: /home/rithwik/ros2_workspace2/install/explorer_interfaces/include/explorer_interfaces/explorer_interfaces/action/wander.hpp
[3.174s] -- Installing: /home/rithwik/ros2_workspace2/install/explorer_interfaces/include/explorer_interfaces/explorer_interfaces/action/discover.hpp
[3.174s] -- Up-to-date: /home/rithwik/ros2_workspace2/install/explorer_interfaces/include/explorer_interfaces/explorer_interfaces/msg
[3.174s] -- Installing: /home/rithwik/ros2_workspace2/install/explorer_interfaces/include/explorer_interfaces/explorer_interfaces/msg/rosidl_generator_cpp__visibility_control.hpp
[3.174s] -- Up-to-date: /home/rithwik/ros2_workspace2/install/explorer_interfaces/include/explorer_interfaces/explorer_interfaces
[3.174s] -- Up-to-date: /home/rithwik/ros2_workspace2/install/explorer_interfaces/include/explorer_interfaces/explorer_interfaces/action
[3.174s] -- Up-to-date: /home/rithwik/ros2_workspace2/install/explorer_interfaces/include/explorer_interfaces/explorer_interfaces/action/detail
[3.174s] -- Installing: /home/rithwik/ros2_workspace2/install/explorer_interfaces/include/explorer_interfaces/explorer_interfaces/action/detail/discover__rosidl_typesupport_fastrtps_cpp.hpp
[3.174s] -- Installing: /home/rithwik/ros2_workspace2/install/explorer_interfaces/include/explorer_interfaces/explorer_interfaces/action/detail/wander__rosidl_typesupport_fastrtps_cpp.hpp
[3.174s] -- Installing: /home/rithwik/ros2_workspace2/install/explorer_interfaces/include/explorer_interfaces/explorer_interfaces/action/detail/dds_fastrtps
[3.174s] -- Up-to-date: /home/rithwik/ros2_workspace2/install/explorer_interfaces/include/explorer_interfaces/explorer_interfaces/msg
[3.174s] -- Installing: /home/rithwik/ros2_workspace2/install/explorer_interfaces/include/explorer_interfaces/explorer_interfaces/msg/rosidl_typesupport_fastrtps_cpp__visibility_control.h
[3.175s] -- Installing: /home/rithwik/ros2_workspace2/install/explorer_interfaces/lib/libexplorer_interfaces__rosidl_typesupport_fastrtps_cpp.so
[3.175s] -- Set runtime path of "/home/rithwik/ros2_workspace2/install/explorer_interfaces/lib/libexplorer_interfaces__rosidl_typesupport_fastrtps_cpp.so" to ""
[3.175s] -- Up-to-date: /home/rithwik/ros2_workspace2/install/explorer_interfaces/include/explorer_interfaces/explorer_interfaces
[3.175s] -- Up-to-date: /home/rithwik/ros2_workspace2/install/explorer_interfaces/include/explorer_interfaces/explorer_interfaces/action
[3.175s] -- Up-to-date: /home/rithwik/ros2_workspace2/install/explorer_interfaces/include/explorer_interfaces/explorer_interfaces/action/detail
[3.175s] -- Installing: /home/rithwik/ros2_workspace2/install/explorer_interfaces/include/explorer_interfaces/explorer_interfaces/action/detail/discover__type_support.cpp
[3.175s] -- Installing: /home/rithwik/ros2_workspace2/install/explorer_interfaces/include/explorer_interfaces/explorer_interfaces/action/detail/wander__type_support.cpp
[3.175s] -- Installing: /home/rithwik/ros2_workspace2/install/explorer_interfaces/include/explorer_interfaces/explorer_interfaces/action/detail/wander__rosidl_typesupport_introspection_cpp.hpp
[3.175s] -- Installing: /home/rithwik/ros2_workspace2/install/explorer_interfaces/include/explorer_interfaces/explorer_interfaces/action/detail/discover__rosidl_typesupport_introspection_cpp.hpp
[3.175s] -- Installing: /home/rithwik/ros2_workspace2/install/explorer_interfaces/lib/libexplorer_interfaces__rosidl_typesupport_introspection_cpp.so
[3.175s] -- Set runtime path of "/home/rithwik/ros2_workspace2/install/explorer_interfaces/lib/libexplorer_interfaces__rosidl_typesupport_introspection_cpp.so" to ""
[3.175s] -- Installing: /home/rithwik/ros2_workspace2/install/explorer_interfaces/lib/libexplorer_interfaces__rosidl_typesupport_cpp.so
[3.175s] -- Set runtime path of "/home/rithwik/ros2_workspace2/install/explorer_interfaces/lib/libexplorer_interfaces__rosidl_typesupport_cpp.so" to ""
[3.175s] -- Installing: /home/rithwik/ros2_workspace2/install/explorer_interfaces/share/explorer_interfaces/environment/pythonpath.sh
[3.175s] -- Installing: /home/rithwik/ros2_workspace2/install/explorer_interfaces/share/explorer_interfaces/environment/pythonpath.dsv
[3.175s] -- Installing: /home/rithwik/ros2_workspace2/install/explorer_interfaces/local/lib/python3.10/dist-packages/explorer_interfaces-0.0.0-py3.10.egg-info
[3.175s] -- Installing: /home/rithwik/ros2_workspace2/install/explorer_interfaces/local/lib/python3.10/dist-packages/explorer_interfaces-0.0.0-py3.10.egg-info/dependency_links.txt
[3.175s] -- Installing: /home/rithwik/ros2_workspace2/install/explorer_interfaces/local/lib/python3.10/dist-packages/explorer_interfaces-0.0.0-py3.10.egg-info/PKG-INFO
[3.175s] -- Installing: /home/rithwik/ros2_workspace2/install/explorer_interfaces/local/lib/python3.10/dist-packages/explorer_interfaces-0.0.0-py3.10.egg-info/top_level.txt
[3.175s] -- Installing: /home/rithwik/ros2_workspace2/install/explorer_interfaces/local/lib/python3.10/dist-packages/explorer_interfaces-0.0.0-py3.10.egg-info/SOURCES.txt
[3.175s] -- Installing: /home/rithwik/ros2_workspace2/install/explorer_interfaces/local/lib/python3.10/dist-packages/explorer_interfaces
[3.175s] -- Installing: /home/rithwik/ros2_workspace2/install/explorer_interfaces/local/lib/python3.10/dist-packages/explorer_interfaces/action
[3.175s] -- Installing: /home/rithwik/ros2_workspace2/install/explorer_interfaces/local/lib/python3.10/dist-packages/explorer_interfaces/action/_wander.py
[3.176s] -- Installing: /home/rithwik/ros2_workspace2/install/explorer_interfaces/local/lib/python3.10/dist-packages/explorer_interfaces/action/_discover_s.c
[3.176s] -- Installing: /home/rithwik/ros2_workspace2/install/explorer_interfaces/local/lib/python3.10/dist-packages/explorer_interfaces/action/_discover.py
[3.176s] -- Installing: /home/rithwik/ros2_workspace2/install/explorer_interfaces/local/lib/python3.10/dist-packages/explorer_interfaces/action/__init__.py
[3.176s] -- Installing: /home/rithwik/ros2_workspace2/install/explorer_interfaces/local/lib/python3.10/dist-packages/explorer_interfaces/action/_wander_s.c
[3.176s] -- Installing: /home/rithwik/ros2_workspace2/install/explorer_interfaces/local/lib/python3.10/dist-packages/explorer_interfaces/_explorer_interfaces_s.ep.rosidl_typesupport_introspection_c.c
[3.176s] -- Installing: /home/rithwik/ros2_workspace2/install/explorer_interfaces/local/lib/python3.10/dist-packages/explorer_interfaces/explorer_interfaces_s__rosidl_typesupport_introspection_c.cpython-310-x86_64-linux-gnu.so
[3.176s] -- Installing: /home/rithwik/ros2_workspace2/install/explorer_interfaces/local/lib/python3.10/dist-packages/explorer_interfaces/explorer_interfaces_s__rosidl_typesupport_c.cpython-310-x86_64-linux-gnu.so
[3.176s] -- Installing: /home/rithwik/ros2_workspace2/install/explorer_interfaces/local/lib/python3.10/dist-packages/explorer_interfaces/__init__.py
[3.176s] -- Installing: /home/rithwik/ros2_workspace2/install/explorer_interfaces/local/lib/python3.10/dist-packages/explorer_interfaces/libexplorer_interfaces__rosidl_generator_py.so
[3.176s] -- Installing: /home/rithwik/ros2_workspace2/install/explorer_interfaces/local/lib/python3.10/dist-packages/explorer_interfaces/_explorer_interfaces_s.ep.rosidl_typesupport_fastrtps_c.c
[3.176s] -- Installing: /home/rithwik/ros2_workspace2/install/explorer_interfaces/local/lib/python3.10/dist-packages/explorer_interfaces/_explorer_interfaces_s.ep.rosidl_typesupport_c.c
[3.176s] -- Installing: /home/rithwik/ros2_workspace2/install/explorer_interfaces/local/lib/python3.10/dist-packages/explorer_interfaces/explorer_interfaces_s__rosidl_typesupport_fastrtps_c.cpython-310-x86_64-linux-gnu.so
[3.198s] Listing '/home/rithwik/ros2_workspace2/install/explorer_interfaces/local/lib/python3.10/dist-packages/explorer_interfaces'...
[3.198s] Compiling '/home/rithwik/ros2_workspace2/install/explorer_interfaces/local/lib/python3.10/dist-packages/explorer_interfaces/__init__.py'...
[3.198s] Listing '/home/rithwik/ros2_workspace2/install/explorer_interfaces/local/lib/python3.10/dist-packages/explorer_interfaces/action'...
[3.198s] Compiling '/home/rithwik/ros2_workspace2/install/explorer_interfaces/local/lib/python3.10/dist-packages/explorer_interfaces/action/__init__.py'...
[3.198s] Compiling '/home/rithwik/ros2_workspace2/install/explorer_interfaces/local/lib/python3.10/dist-packages/explorer_interfaces/action/_discover.py'...
[3.198s] Compiling '/home/rithwik/ros2_workspace2/install/explorer_interfaces/local/lib/python3.10/dist-packages/explorer_interfaces/action/_wander.py'...
[3.200s] -- Installing: /home/rithwik/ros2_workspace2/install/explorer_interfaces/local/lib/python3.10/dist-packages/explorer_interfaces/explorer_interfaces_s__rosidl_typesupport_fastrtps_c.cpython-310-x86_64-linux-gnu.so
[3.200s] -- Set runtime path of "/home/rithwik/ros2_workspace2/install/explorer_interfaces/local/lib/python3.10/dist-packages/explorer_interfaces/explorer_interfaces_s__rosidl_typesupport_fastrtps_c.cpython-310-x86_64-linux-gnu.so" to ""
[3.200s] -- Installing: /home/rithwik/ros2_workspace2/install/explorer_interfaces/local/lib/python3.10/dist-packages/explorer_interfaces/explorer_interfaces_s__rosidl_typesupport_introspection_c.cpython-310-x86_64-linux-gnu.so
[3.200s] -- Set runtime path of "/home/rithwik/ros2_workspace2/install/explorer_interfaces/local/lib/python3.10/dist-packages/explorer_interfaces/explorer_interfaces_s__rosidl_typesupport_introspection_c.cpython-310-x86_64-linux-gnu.so" to ""
[3.201s] -- Installing: /home/rithwik/ros2_workspace2/install/explorer_interfaces/local/lib/python3.10/dist-packages/explorer_interfaces/explorer_interfaces_s__rosidl_typesupport_c.cpython-310-x86_64-linux-gnu.so
[3.201s] -- Set runtime path of "/home/rithwik/ros2_workspace2/install/explorer_interfaces/local/lib/python3.10/dist-packages/explorer_interfaces/explorer_interfaces_s__rosidl_typesupport_c.cpython-310-x86_64-linux-gnu.so" to ""
[3.201s] -- Installing: /home/rithwik/ros2_workspace2/install/explorer_interfaces/lib/libexplorer_interfaces__rosidl_generator_py.so
[3.201s] -- Set runtime path of "/home/rithwik/ros2_workspace2/install/explorer_interfaces/lib/libexplorer_interfaces__rosidl_generator_py.so" to ""
[3.201s] -- Installing: /home/rithwik/ros2_workspace2/install/explorer_interfaces/share/explorer_interfaces/action/Wander.idl
[3.201s] -- Installing: /home/rithwik/ros2_workspace2/install/explorer_interfaces/share/explorer_interfaces/action/Discover.idl
[3.201s] -- Installing: /home/rithwik/ros2_workspace2/install/explorer_interfaces/share/explorer_interfaces/action/Wander.action
[3.201s] -- Installing: /home/rithwik/ros2_workspace2/install/explorer_interfaces/share/explorer_interfaces/action/Discover.action
[3.201s] -- Installing: /home/rithwik/ros2_workspace2/install/explorer_interfaces/share/ament_index/resource_index/package_run_dependencies/explorer_interfaces
[3.201s] -- Installing: /home/rithwik/ros2_workspace2/install/explorer_interfaces/share/ament_index/resource_index/parent_prefix_path/explorer_interfaces
[3.201s] -- Installing: /home/rithwik/ros2_workspace2/install/explorer_interfaces/share/explorer_interfaces/environment/ament_prefix_path.sh
[3.201s] -- Installing: /home/rithwik/ros2_workspace2/install/explorer_interfaces/share/explorer_interfaces/environment/ament_prefix_path.dsv
[3.201s] -- Installing: /home/rithwik/ros2_workspace2/install/explorer_interfaces/share/explorer_interfaces/environment/path.sh
[3.201s] -- Installing: /home/rithwik/ros2_workspace2/install/explorer_interfaces/share/explorer_interfaces/environment/path.dsv
[3.201s] -- Installing: /home/rithwik/ros2_workspace2/install/explorer_interfaces/share/explorer_interfaces/local_setup.bash
[3.201s] -- Installing: /home/rithwik/ros2_workspace2/install/explorer_interfaces/share/explorer_interfaces/local_setup.sh
[3.201s] -- Installing: /home/rithwik/ros2_workspace2/install/explorer_interfaces/share/explorer_interfaces/local_setup.zsh
[3.202s] -- Installing: /home/rithwik/ros2_workspace2/install/explorer_interfaces/share/explorer_interfaces/local_setup.dsv
[3.202s] -- Installing: /home/rithwik/ros2_workspace2/install/explorer_interfaces/share/explorer_interfaces/package.dsv
[3.202s] -- Installing: /home/rithwik/ros2_workspace2/install/explorer_interfaces/share/ament_index/resource_index/packages/explorer_interfaces
[3.202s] -- Installing: /home/rithwik/ros2_workspace2/install/explorer_interfaces/share/explorer_interfaces/cmake/export_explorer_interfaces__rosidl_generator_cExport.cmake
[3.202s] -- Installing: /home/rithwik/ros2_workspace2/install/explorer_interfaces/share/explorer_interfaces/cmake/export_explorer_interfaces__rosidl_generator_cExport-noconfig.cmake
[3.202s] -- Installing: /home/rithwik/ros2_workspace2/install/explorer_interfaces/share/explorer_interfaces/cmake/export_explorer_interfaces__rosidl_typesupport_fastrtps_cExport.cmake
[3.202s] -- Installing: /home/rithwik/ros2_workspace2/install/explorer_interfaces/share/explorer_interfaces/cmake/export_explorer_interfaces__rosidl_typesupport_fastrtps_cExport-noconfig.cmake
[3.202s] -- Installing: /home/rithwik/ros2_workspace2/install/explorer_interfaces/share/explorer_interfaces/cmake/explorer_interfaces__rosidl_typesupport_introspection_cExport.cmake
[3.202s] -- Installing: /home/rithwik/ros2_workspace2/install/explorer_interfaces/share/explorer_interfaces/cmake/explorer_interfaces__rosidl_typesupport_introspection_cExport-noconfig.cmake
[3.202s] -- Installing: /home/rithwik/ros2_workspace2/install/explorer_interfaces/share/explorer_interfaces/cmake/explorer_interfaces__rosidl_typesupport_cExport.cmake
[3.202s] -- Installing: /home/rithwik/ros2_workspace2/install/explorer_interfaces/share/explorer_interfaces/cmake/explorer_interfaces__rosidl_typesupport_cExport-noconfig.cmake
[3.202s] -- Installing: /home/rithwik/ros2_workspace2/install/explorer_interfaces/share/explorer_interfaces/cmake/export_explorer_interfaces__rosidl_generator_cppExport.cmake
[3.202s] -- Installing: /home/rithwik/ros2_workspace2/install/explorer_interfaces/share/explorer_interfaces/cmake/export_explorer_interfaces__rosidl_typesupport_fastrtps_cppExport.cmake
[3.202s] -- Installing: /home/rithwik/ros2_workspace2/install/explorer_interfaces/share/explorer_interfaces/cmake/export_explorer_interfaces__rosidl_typesupport_fastrtps_cppExport-noconfig.cmake
[3.202s] -- Installing: /home/rithwik/ros2_workspace2/install/explorer_interfaces/share/explorer_interfaces/cmake/explorer_interfaces__rosidl_typesupport_introspection_cppExport.cmake
[3.202s] -- Installing: /home/rithwik/ros2_workspace2/install/explorer_interfaces/share/explorer_interfaces/cmake/explorer_interfaces__rosidl_typesupport_introspection_cppExport-noconfig.cmake
[3.202s] -- Installing: /home/rithwik/ros2_workspace2/install/explorer_interfaces/share/explorer_interfaces/cmake/explorer_interfaces__rosidl_typesupport_cppExport.cmake
[3.202s] -- Installing: /home/rithwik/ros2_workspace2/install/explorer_interfaces/share/explorer_interfaces/cmake/explorer_interfaces__rosidl_typesupport_cppExport-noconfig.cmake
[3.202s] -- Installing: /home/rithwik/ros2_workspace2/install/explorer_interfaces/share/explorer_interfaces/cmake/export_explorer_interfaces__rosidl_generator_pyExport.cmake
[3.202s] -- Installing: /home/rithwik/ros2_workspace2/install/explorer_interfaces/share/explorer_interfaces/cmake/export_explorer_interfaces__rosidl_generator_pyExport-noconfig.cmake
[3.202s] -- Installing: /home/rithwik/ros2_workspace2/install/explorer_interfaces/share/explorer_interfaces/cmake/rosidl_cmake-extras.cmake
[3.202s] -- Installing: /home/rithwik/ros2_workspace2/install/explorer_interfaces/share/explorer_interfaces/cmake/ament_cmake_export_dependencies-extras.cmake
[3.202s] -- Installing: /home/rithwik/ros2_workspace2/install/explorer_interfaces/share/explorer_interfaces/cmake/ament_cmake_export_include_directories-extras.cmake
[3.202s] -- Installing: /home/rithwik/ros2_workspace2/install/explorer_interfaces/share/explorer_interfaces/cmake/ament_cmake_export_libraries-extras.cmake
[3.202s] -- Installing: /home/rithwik/ros2_workspace2/install/explorer_interfaces/share/explorer_interfaces/cmake/ament_cmake_export_targets-extras.cmake
[3.202s] -- Installing: /home/rithwik/ros2_workspace2/install/explorer_interfaces/share/explorer_interfaces/cmake/rosidl_cmake_export_typesupport_targets-extras.cmake
[3.202s] -- Installing: /home/rithwik/ros2_workspace2/install/explorer_interfaces/share/explorer_interfaces/cmake/rosidl_cmake_export_typesupport_libraries-extras.cmake
[3.202s] -- Installing: /home/rithwik/ros2_workspace2/install/explorer_interfaces/share/explorer_interfaces/cmake/explorer_interfacesConfig.cmake
[3.202s] -- Installing: /home/rithwik/ros2_workspace2/install/explorer_interfaces/share/explorer_interfaces/cmake/explorer_interfacesConfig-version.cmake
[3.202s] -- Installing: /home/rithwik/ros2_workspace2/install/explorer_interfaces/share/explorer_interfaces/package.xml
[3.204s] Invoked command in '/home/rithwik/ros2_workspace2/build/explorer_interfaces' returned '0': CMAKE_PREFIX_PATH=/home/rithwik/ros2_workspace2/install/rover:/home/rithwik/ros2_workspace2/install/autonomous_tb3:/opt/ros/humble /usr/bin/cmake --install /home/rithwik/ros2_workspace2/build/explorer_interfaces
