[0.766s] Invoking command in '/home/rithwik/ros2_workspace2/src/ros2_explorer/explorer_map_utils': PYTHONPATH=/home/rithwik/ros2_workspace2/build/explorer_map_utils/prefix_override:/usr/lib/python3/dist-packages/colcon_core/task/python/colcon_distutils_commands:/home/rithwik/ros2_workspace2/install/explorer_map_utils/lib/python3.10/site-packages:${PYTHONPATH} /usr/bin/python3 -W ignore:setup.py install is deprecated -W ignore:easy_install command is deprecated setup.py egg_info --egg-base ../../../build/explorer_map_utils build --build-base /home/rithwik/ros2_workspace2/build/explorer_map_utils/build install --record /home/rithwik/ros2_workspace2/build/explorer_map_utils/install.log --single-version-externally-managed install_data
[0.871s] running egg_info
[0.872s] creating ../../../build/explorer_map_utils/explorer_map_utils.egg-info
[0.872s] writing ../../../build/explorer_map_utils/explorer_map_utils.egg-info/PKG-INFO
[0.872s] writing dependency_links to ../../../build/explorer_map_utils/explorer_map_utils.egg-info/dependency_links.txt
[0.872s] writing entry points to ../../../build/explorer_map_utils/explorer_map_utils.egg-info/entry_points.txt
[0.872s] writing requirements to ../../../build/explorer_map_utils/explorer_map_utils.egg-info/requires.txt
[0.872s] writing top-level names to ../../../build/explorer_map_utils/explorer_map_utils.egg-info/top_level.txt
[0.872s] writing manifest file '../../../build/explorer_map_utils/explorer_map_utils.egg-info/SOURCES.txt'
[0.873s] reading manifest file '../../../build/explorer_map_utils/explorer_map_utils.egg-info/SOURCES.txt'
[0.873s] writing manifest file '../../../build/explorer_map_utils/explorer_map_utils.egg-info/SOURCES.txt'
[0.873s] running build
[0.873s] running build_py
[0.873s] creating /home/rithwik/ros2_workspace2/build/explorer_map_utils/build
[0.873s] creating /home/rithwik/ros2_workspace2/build/explorer_map_utils/build/lib
[0.873s] creating /home/rithwik/ros2_workspace2/build/explorer_map_utils/build/lib/explorer_map_utils
[0.873s] copying explorer_map_utils/__init__.py -> /home/rithwik/ros2_workspace2/build/explorer_map_utils/build/lib/explorer_map_utils
[0.874s] copying explorer_map_utils/watchtower.py -> /home/rithwik/ros2_workspace2/build/explorer_map_utils/build/lib/explorer_map_utils
[0.874s] running install
[0.874s] running install_lib
[0.874s] creating /home/rithwik/ros2_workspace2/install/explorer_map_utils/lib/python3.10/site-packages/explorer_map_utils
[0.874s] copying /home/rithwik/ros2_workspace2/build/explorer_map_utils/build/lib/explorer_map_utils/__init__.py -> /home/rithwik/ros2_workspace2/install/explorer_map_utils/lib/python3.10/site-packages/explorer_map_utils
[0.875s] copying /home/rithwik/ros2_workspace2/build/explorer_map_utils/build/lib/explorer_map_utils/watchtower.py -> /home/rithwik/ros2_workspace2/install/explorer_map_utils/lib/python3.10/site-packages/explorer_map_utils
[0.875s] byte-compiling /home/rithwik/ros2_workspace2/install/explorer_map_utils/lib/python3.10/site-packages/explorer_map_utils/__init__.py to __init__.cpython-310.pyc
[0.875s] byte-compiling /home/rithwik/ros2_workspace2/install/explorer_map_utils/lib/python3.10/site-packages/explorer_map_utils/watchtower.py to watchtower.cpython-310.pyc
[0.875s] running install_data
[0.875s] creating /home/rithwik/ros2_workspace2/install/explorer_map_utils/share/ament_index
[0.875s] creating /home/rithwik/ros2_workspace2/install/explorer_map_utils/share/ament_index/resource_index
[0.875s] creating /home/rithwik/ros2_workspace2/install/explorer_map_utils/share/ament_index/resource_index/packages
[0.875s] copying resource/explorer_map_utils -> /home/rithwik/ros2_workspace2/install/explorer_map_utils/share/ament_index/resource_index/packages
[0.875s] copying package.xml -> /home/rithwik/ros2_workspace2/install/explorer_map_utils/share/explorer_map_utils
[0.875s] running install_egg_info
[0.876s] Copying ../../../build/explorer_map_utils/explorer_map_utils.egg-info to /home/rithwik/ros2_workspace2/install/explorer_map_utils/lib/python3.10/site-packages/explorer_map_utils-0.0.0-py3.10.egg-info
[0.876s] running install_scripts
[0.888s] Installing watchtower script to /home/rithwik/ros2_workspace2/install/explorer_map_utils/lib/explorer_map_utils
[0.888s] writing list of installed files to '/home/rithwik/ros2_workspace2/build/explorer_map_utils/install.log'
[0.913s] Invoked command in '/home/rithwik/ros2_workspace2/src/ros2_explorer/explorer_map_utils' returned '0': PYTHONPATH=/home/rithwik/ros2_workspace2/build/explorer_map_utils/prefix_override:/usr/lib/python3/dist-packages/colcon_core/task/python/colcon_distutils_commands:/home/rithwik/ros2_workspace2/install/explorer_map_utils/lib/python3.10/site-packages:${PYTHONPATH} /usr/bin/python3 -W ignore:setup.py install is deprecated -W ignore:easy_install command is deprecated setup.py egg_info --egg-base ../../../build/explorer_map_utils build --build-base /home/rithwik/ros2_workspace2/build/explorer_map_utils/build install --record /home/rithwik/ros2_workspace2/build/explorer_map_utils/install.log --single-version-externally-managed install_data
