[0.133s] Invoking command in '/home/rithwik/ros2_workspace2/build/explorer_cartographer': CMAKE_PREFIX_PATH=${CMAKE_PREFIX_PATH}:/home/rithwik/ros2_workspace2/install/rover:/home/rithwik/ros2_workspace2/install/explorer_wanderer:/home/rithwik/ros2_workspace2/install/explorer_map_utils:/home/rithwik/ros2_workspace2/install/explorer_bringup:/home/rithwik/ros2_workspace2/install/autonomous_tb3:/opt/ros/humble /usr/bin/cmake --build /home/rithwik/ros2_workspace2/build/explorer_cartographer -- -j32 -l32
[0.500s] Invoked command in '/home/rithwik/ros2_workspace2/build/explorer_cartographer' returned '0': CMAKE_PREFIX_PATH=${CMAKE_PREFIX_PATH}:/home/rithwik/ros2_workspace2/install/rover:/home/rithwik/ros2_workspace2/install/explorer_wanderer:/home/rithwik/ros2_workspace2/install/explorer_map_utils:/home/rithwik/ros2_workspace2/install/explorer_bringup:/home/rithwik/ros2_workspace2/install/autonomous_tb3:/opt/ros/humble /usr/bin/cmake --build /home/rithwik/ros2_workspace2/build/explorer_cartographer -- -j32 -l32
[0.507s] Invoking command in '/home/rithwik/ros2_workspace2/build/explorer_cartographer': CMAKE_PREFIX_PATH=${CMAKE_PREFIX_PATH}:/home/rithwik/ros2_workspace2/install/rover:/home/rithwik/ros2_workspace2/install/explorer_wanderer:/home/rithwik/ros2_workspace2/install/explorer_map_utils:/home/rithwik/ros2_workspace2/install/explorer_bringup:/home/rithwik/ros2_workspace2/install/autonomous_tb3:/opt/ros/humble /usr/bin/cmake --install /home/rithwik/ros2_workspace2/build/explorer_cartographer
[0.513s] -- Install configuration: ""
[0.513s] -- Up-to-date: /home/rithwik/ros2_workspace2/install/explorer_cartographer/share/explorer_cartographer/config
[0.513s] -- Up-to-date: /home/rithwik/ros2_workspace2/install/explorer_cartographer/share/explorer_cartographer/config/turtlebot3_lds_2d.lua
[0.513s] -- Up-to-date: /home/rithwik/ros2_workspace2/install/explorer_cartographer/share/explorer_cartographer/launch
[0.514s] -- Up-to-date: /home/rithwik/ros2_workspace2/install/explorer_cartographer/share/explorer_cartographer/launch/occupancy_grid.launch.py
[0.514s] -- Up-to-date: /home/rithwik/ros2_workspace2/install/explorer_cartographer/share/explorer_cartographer/launch/cartographer.launch.py
[0.515s] -- Up-to-date: /home/rithwik/ros2_workspace2/install/explorer_cartographer/share/explorer_cartographer/rviz
[0.515s] -- Up-to-date: /home/rithwik/ros2_workspace2/install/explorer_cartographer/share/explorer_cartographer/rviz/tb3_cartographer.rviz
[0.515s] -- Up-to-date: /home/rithwik/ros2_workspace2/install/explorer_cartographer/share/ament_index/resource_index/package_run_dependencies/explorer_cartographer
[0.515s] -- Up-to-date: /home/rithwik/ros2_workspace2/install/explorer_cartographer/share/ament_index/resource_index/parent_prefix_path/explorer_cartographer
[0.515s] -- Up-to-date: /home/rithwik/ros2_workspace2/install/explorer_cartographer/share/explorer_cartographer/environment/ament_prefix_path.sh
[0.515s] -- Up-to-date: /home/rithwik/ros2_workspace2/install/explorer_cartographer/share/explorer_cartographer/environment/ament_prefix_path.dsv
[0.515s] -- Up-to-date: /home/rithwik/ros2_workspace2/install/explorer_cartographer/share/explorer_cartographer/environment/path.sh
[0.516s] -- Up-to-date: /home/rithwik/ros2_workspace2/install/explorer_cartographer/share/explorer_cartographer/environment/path.dsv
[0.516s] -- Up-to-date: /home/rithwik/ros2_workspace2/install/explorer_cartographer/share/explorer_cartographer/local_setup.bash
[0.516s] -- Up-to-date: /home/rithwik/ros2_workspace2/install/explorer_cartographer/share/explorer_cartographer/local_setup.sh
[0.516s] -- Up-to-date: /home/rithwik/ros2_workspace2/install/explorer_cartographer/share/explorer_cartographer/local_setup.zsh
[0.516s] -- Up-to-date: /home/rithwik/ros2_workspace2/install/explorer_cartographer/share/explorer_cartographer/local_setup.dsv
[0.516s] -- Installing: /home/rithwik/ros2_workspace2/install/explorer_cartographer/share/explorer_cartographer/package.dsv
[0.516s] -- Up-to-date: /home/rithwik/ros2_workspace2/install/explorer_cartographer/share/ament_index/resource_index/packages/explorer_cartographer
[0.517s] -- Up-to-date: /home/rithwik/ros2_workspace2/install/explorer_cartographer/share/explorer_cartographer/cmake/explorer_cartographerConfig.cmake
[0.517s] -- Up-to-date: /home/rithwik/ros2_workspace2/install/explorer_cartographer/share/explorer_cartographer/cmake/explorer_cartographerConfig-version.cmake
[0.517s] -- Up-to-date: /home/rithwik/ros2_workspace2/install/explorer_cartographer/share/explorer_cartographer/package.xml
[0.522s] Invoked command in '/home/rithwik/ros2_workspace2/build/explorer_cartographer' returned '0': CMAKE_PREFIX_PATH=${CMAKE_PREFIX_PATH}:/home/rithwik/ros2_workspace2/install/rover:/home/rithwik/ros2_workspace2/install/explorer_wanderer:/home/rithwik/ros2_workspace2/install/explorer_map_utils:/home/rithwik/ros2_workspace2/install/explorer_bringup:/home/rithwik/ros2_workspace2/install/autonomous_tb3:/opt/ros/humble /usr/bin/cmake --install /home/rithwik/ros2_workspace2/build/explorer_cartographer
