[0.351s] Invoking command in '/home/rithwik/ros2_workspace2/src/rover': PYTHONPATH=/home/rithwik/ros2_workspace2/build/rover/prefix_override:/usr/lib/python3/dist-packages/colcon_core/task/python/colcon_distutils_commands:/home/rithwik/ros2_workspace2/install/rover/lib/python3.10/site-packages:${PYTHONPATH} /usr/bin/python3 -W ignore:setup.py install is deprecated -W ignore:easy_install command is deprecated setup.py egg_info --egg-base ../../build/rover build --build-base /home/rithwik/ros2_workspace2/build/rover/build install --record /home/rithwik/ros2_workspace2/build/rover/install.log --single-version-externally-managed install_data
[0.457s] running egg_info
[0.457s] writing ../../build/rover/rover.egg-info/PKG-INFO
[0.457s] writing dependency_links to ../../build/rover/rover.egg-info/dependency_links.txt
[0.458s] writing entry points to ../../build/rover/rover.egg-info/entry_points.txt
[0.458s] writing requirements to ../../build/rover/rover.egg-info/requires.txt
[0.458s] writing top-level names to ../../build/rover/rover.egg-info/top_level.txt
[0.459s] reading manifest file '../../build/rover/rover.egg-info/SOURCES.txt'
[0.459s] adding license file 'LICENSE'
[0.459s] writing manifest file '../../build/rover/rover.egg-info/SOURCES.txt'
[0.459s] running build
[0.459s] running build_py
[0.459s] copying rover/wall_follower.py -> /home/rithwik/ros2_workspace2/build/rover/build/lib/rover
[0.459s] running install
[0.460s] running install_lib
[0.460s] copying /home/rithwik/ros2_workspace2/build/rover/build/lib/rover/wall_follower.py -> /home/rithwik/ros2_workspace2/install/rover/lib/python3.10/site-packages/rover
[0.460s] byte-compiling /home/rithwik/ros2_workspace2/install/rover/lib/python3.10/site-packages/rover/wall_follower.py to wall_follower.cpython-310.pyc
[0.461s] running install_data
[0.461s] running install_egg_info
[0.462s] removing '/home/rithwik/ros2_workspace2/install/rover/lib/python3.10/site-packages/rover-0.0.0-py3.10.egg-info' (and everything under it)
[0.462s] Copying ../../build/rover/rover.egg-info to /home/rithwik/ros2_workspace2/install/rover/lib/python3.10/site-packages/rover-0.0.0-py3.10.egg-info
[0.462s] running install_scripts
[0.473s] Installing avoid_obstacle script to /home/rithwik/ros2_workspace2/install/rover/lib/rover
[0.473s] Installing gap_follower script to /home/rithwik/ros2_workspace2/install/rover/lib/rover
[0.473s] Installing wall_follower script to /home/rithwik/ros2_workspace2/install/rover/lib/rover
[0.473s] writing list of installed files to '/home/rithwik/ros2_workspace2/build/rover/install.log'
[0.488s] Invoked command in '/home/rithwik/ros2_workspace2/src/rover' returned '0': PYTHONPATH=/home/rithwik/ros2_workspace2/build/rover/prefix_override:/usr/lib/python3/dist-packages/colcon_core/task/python/colcon_distutils_commands:/home/rithwik/ros2_workspace2/install/rover/lib/python3.10/site-packages:${PYTHONPATH} /usr/bin/python3 -W ignore:setup.py install is deprecated -W ignore:easy_install command is deprecated setup.py egg_info --egg-base ../../build/rover build --build-base /home/rithwik/ros2_workspace2/build/rover/build install --record /home/rithwik/ros2_workspace2/build/rover/install.log --single-version-externally-managed install_data
