running egg_info
creating ../../../build/autonomous_tb3/autonomous_tb3.egg-info
writing ../../../build/autonomous_tb3/autonomous_tb3.egg-info/PKG-INFO
writing dependency_links to ../../../build/autonomous_tb3/autonomous_tb3.egg-info/dependency_links.txt
writing entry points to ../../../build/autonomous_tb3/autonomous_tb3.egg-info/entry_points.txt
writing requirements to ../../../build/autonomous_tb3/autonomous_tb3.egg-info/requires.txt
writing top-level names to ../../../build/autonomous_tb3/autonomous_tb3.egg-info/top_level.txt
writing manifest file '../../../build/autonomous_tb3/autonomous_tb3.egg-info/SOURCES.txt'
reading manifest file '../../../build/autonomous_tb3/autonomous_tb3.egg-info/SOURCES.txt'
writing manifest file '../../../build/autonomous_tb3/autonomous_tb3.egg-info/SOURCES.txt'
running build
running build_py
creating /home/rithwik/ros2_workspace2/build/autonomous_tb3/build
creating /home/rithwik/ros2_workspace2/build/autonomous_tb3/build/lib
creating /home/rithwik/ros2_workspace2/build/autonomous_tb3/build/lib/autonomous_tb3
copying autonomous_tb3/hotel_waiter_multi_button.py -> /home/rithwik/ros2_workspace2/build/autonomous_tb3/build/lib/autonomous_tb3
copying autonomous_tb3/maze_solver.py -> /home/rithwik/ros2_workspace2/build/autonomous_tb3/build/lib/autonomous_tb3
copying autonomous_tb3/spawn_entity.py -> /home/rithwik/ros2_workspace2/build/autonomous_tb3/build/lib/autonomous_tb3
copying autonomous_tb3/hotel_waiter_single_goal.py -> /home/rithwik/ros2_workspace2/build/autonomous_tb3/build/lib/autonomous_tb3
copying autonomous_tb3/__init__.py -> /home/rithwik/ros2_workspace2/build/autonomous_tb3/build/lib/autonomous_tb3
copying autonomous_tb3/occupancy_grid_pub.py -> /home/rithwik/ros2_workspace2/build/autonomous_tb3/build/lib/autonomous_tb3
running install
running install_lib
creating /home/rithwik/ros2_workspace2/install/autonomous_tb3/lib/python3.10/site-packages/autonomous_tb3
copying /home/rithwik/ros2_workspace2/build/autonomous_tb3/build/lib/autonomous_tb3/hotel_waiter_multi_button.py -> /home/rithwik/ros2_workspace2/install/autonomous_tb3/lib/python3.10/site-packages/autonomous_tb3
copying /home/rithwik/ros2_workspace2/build/autonomous_tb3/build/lib/autonomous_tb3/maze_solver.py -> /home/rithwik/ros2_workspace2/install/autonomous_tb3/lib/python3.10/site-packages/autonomous_tb3
copying /home/rithwik/ros2_workspace2/build/autonomous_tb3/build/lib/autonomous_tb3/spawn_entity.py -> /home/rithwik/ros2_workspace2/install/autonomous_tb3/lib/python3.10/site-packages/autonomous_tb3
copying /home/rithwik/ros2_workspace2/build/autonomous_tb3/build/lib/autonomous_tb3/hotel_waiter_single_goal.py -> /home/rithwik/ros2_workspace2/install/autonomous_tb3/lib/python3.10/site-packages/autonomous_tb3
copying /home/rithwik/ros2_workspace2/build/autonomous_tb3/build/lib/autonomous_tb3/__init__.py -> /home/rithwik/ros2_workspace2/install/autonomous_tb3/lib/python3.10/site-packages/autonomous_tb3
copying /home/rithwik/ros2_workspace2/build/autonomous_tb3/build/lib/autonomous_tb3/occupancy_grid_pub.py -> /home/rithwik/ros2_workspace2/install/autonomous_tb3/lib/python3.10/site-packages/autonomous_tb3
byte-compiling /home/rithwik/ros2_workspace2/install/autonomous_tb3/lib/python3.10/site-packages/autonomous_tb3/hotel_waiter_multi_button.py to hotel_waiter_multi_button.cpython-310.pyc
byte-compiling /home/rithwik/ros2_workspace2/install/autonomous_tb3/lib/python3.10/site-packages/autonomous_tb3/maze_solver.py to maze_solver.cpython-310.pyc
byte-compiling /home/rithwik/ros2_workspace2/install/autonomous_tb3/lib/python3.10/site-packages/autonomous_tb3/spawn_entity.py to spawn_entity.cpython-310.pyc
byte-compiling /home/rithwik/ros2_workspace2/install/autonomous_tb3/lib/python3.10/site-packages/autonomous_tb3/hotel_waiter_single_goal.py to hotel_waiter_single_goal.cpython-310.pyc
byte-compiling /home/rithwik/ros2_workspace2/install/autonomous_tb3/lib/python3.10/site-packages/autonomous_tb3/__init__.py to __init__.cpython-310.pyc
byte-compiling /home/rithwik/ros2_workspace2/install/autonomous_tb3/lib/python3.10/site-packages/autonomous_tb3/occupancy_grid_pub.py to occupancy_grid_pub.cpython-310.pyc
running install_data
creating /home/rithwik/ros2_workspace2/install/autonomous_tb3/share/ament_index
creating /home/rithwik/ros2_workspace2/install/autonomous_tb3/share/ament_index/resource_index
creating /home/rithwik/ros2_workspace2/install/autonomous_tb3/share/ament_index/resource_index/packages
copying resource/autonomous_tb3 -> /home/rithwik/ros2_workspace2/install/autonomous_tb3/share/ament_index/resource_index/packages
copying package.xml -> /home/rithwik/ros2_workspace2/install/autonomous_tb3/share/autonomous_tb3
creating /home/rithwik/ros2_workspace2/install/autonomous_tb3/share/autonomous_tb3/launch
copying launch/maze_navigation.launch.py -> /home/rithwik/ros2_workspace2/install/autonomous_tb3/share/autonomous_tb3/launch
copying launch/tb3_world_navigation.launch.py -> /home/rithwik/ros2_workspace2/install/autonomous_tb3/share/autonomous_tb3/launch
copying launch/mapping.launch.py -> /home/rithwik/ros2_workspace2/install/autonomous_tb3/share/autonomous_tb3/launch
copying launch/hotel_waiter.launch.py -> /home/rithwik/ros2_workspace2/install/autonomous_tb3/share/autonomous_tb3/launch
creating /home/rithwik/ros2_workspace2/install/autonomous_tb3/share/autonomous_tb3/config
copying config/tb3_cartographer.lua -> /home/rithwik/ros2_workspace2/install/autonomous_tb3/share/autonomous_tb3/config
copying config/tb3_nav_params.yaml -> /home/rithwik/ros2_workspace2/install/autonomous_tb3/share/autonomous_tb3/config
copying config/mapping.rviz -> /home/rithwik/ros2_workspace2/install/autonomous_tb3/share/autonomous_tb3/config
copying config/tb3_nav.rviz -> /home/rithwik/ros2_workspace2/install/autonomous_tb3/share/autonomous_tb3/config
copying config/maze.pgm -> /home/rithwik/ros2_workspace2/install/autonomous_tb3/share/autonomous_tb3/config
copying config/hotel_map.pgm -> /home/rithwik/ros2_workspace2/install/autonomous_tb3/share/autonomous_tb3/config
copying config/maze.yaml -> /home/rithwik/ros2_workspace2/install/autonomous_tb3/share/autonomous_tb3/config
copying config/tb3_world.pgm -> /home/rithwik/ros2_workspace2/install/autonomous_tb3/share/autonomous_tb3/config
copying config/tb3_world.yaml -> /home/rithwik/ros2_workspace2/install/autonomous_tb3/share/autonomous_tb3/config
copying config/hotel_map.yaml -> /home/rithwik/ros2_workspace2/install/autonomous_tb3/share/autonomous_tb3/config
creating /home/rithwik/ros2_workspace2/install/autonomous_tb3/share/autonomous_tb3/world
creating /home/rithwik/ros2_workspace2/install/autonomous_tb3/share/autonomous_tb3/world/maze
copying world/maze/model.config -> /home/rithwik/ros2_workspace2/install/autonomous_tb3/share/autonomous_tb3/world/maze
copying world/maze/model.sdf -> /home/rithwik/ros2_workspace2/install/autonomous_tb3/share/autonomous_tb3/world/maze
creating /home/rithwik/ros2_workspace2/install/autonomous_tb3/share/autonomous_tb3/models
creating /home/rithwik/ros2_workspace2/install/autonomous_tb3/share/autonomous_tb3/models/actor
copying models/actor/model.config -> /home/rithwik/ros2_workspace2/install/autonomous_tb3/share/autonomous_tb3/models/actor
copying models/actor/model.sdf -> /home/rithwik/ros2_workspace2/install/autonomous_tb3/share/autonomous_tb3/models/actor
creating /home/rithwik/ros2_workspace2/install/autonomous_tb3/share/autonomous_tb3/models/table
copying models/table/model-1_2.sdf -> /home/rithwik/ros2_workspace2/install/autonomous_tb3/share/autonomous_tb3/models/table
copying models/table/model.config -> /home/rithwik/ros2_workspace2/install/autonomous_tb3/share/autonomous_tb3/models/table
copying models/table/model-1_4.sdf -> /home/rithwik/ros2_workspace2/install/autonomous_tb3/share/autonomous_tb3/models/table
copying models/table/model.sdf -> /home/rithwik/ros2_workspace2/install/autonomous_tb3/share/autonomous_tb3/models/table
copying models/table/model-1_3.sdf -> /home/rithwik/ros2_workspace2/install/autonomous_tb3/share/autonomous_tb3/models/table
creating /home/rithwik/ros2_workspace2/install/autonomous_tb3/share/autonomous_tb3/models/beer
copying models/beer/model-1_4.sdf -> /home/rithwik/ros2_workspace2/install/autonomous_tb3/share/autonomous_tb3/models/beer
copying models/beer/model.sdf -> /home/rithwik/ros2_workspace2/install/autonomous_tb3/share/autonomous_tb3/models/beer
copying models/beer/model.config -> /home/rithwik/ros2_workspace2/install/autonomous_tb3/share/autonomous_tb3/models/beer
creating /home/rithwik/ros2_workspace2/install/autonomous_tb3/share/autonomous_tb3/models/beer/scripts
creating /home/rithwik/ros2_workspace2/install/autonomous_tb3/share/autonomous_tb3/models/beer/texutres
running install_egg_info
Copying ../../../build/autonomous_tb3/autonomous_tb3.egg-info to /home/rithwik/ros2_workspace2/install/autonomous_tb3/lib/python3.10/site-packages/autonomous_tb3-0.0.0-py3.10.egg-info
running install_scripts
Installing autonomous_waiter script to /home/rithwik/ros2_workspace2/install/autonomous_tb3/lib/autonomous_tb3
Installing autonomous_waiter_lite script to /home/rithwik/ros2_workspace2/install/autonomous_tb3/lib/autonomous_tb3
Installing maze_solver script to /home/rithwik/ros2_workspace2/install/autonomous_tb3/lib/autonomous_tb3
Installing occupancy_grid_pub script to /home/rithwik/ros2_workspace2/install/autonomous_tb3/lib/autonomous_tb3
Installing sdf_spawner script to /home/rithwik/ros2_workspace2/install/autonomous_tb3/lib/autonomous_tb3
writing list of installed files to '/home/rithwik/ros2_workspace2/build/autonomous_tb3/install.log'
