[0.407s] Invoking command in '/home/rithwik/ros2_workspace2/src/ROS2-Autonomous-Driving-and-Navigation-SLAM-with-TurtleBot3/autonomous_tb3': PYTHONPATH=/home/rithwik/ros2_workspace2/build/autonomous_tb3/prefix_override:/usr/lib/python3/dist-packages/colcon_core/task/python/colcon_distutils_commands:/home/rithwik/ros2_workspace2/install/autonomous_tb3/lib/python3.10/site-packages:${PYTHONPATH} /usr/bin/python3 -W ignore:setup.py install is deprecated -W ignore:easy_install command is deprecated setup.py egg_info --egg-base ../../../build/autonomous_tb3 build --build-base /home/rithwik/ros2_workspace2/build/autonomous_tb3/build install --record /home/rithwik/ros2_workspace2/build/autonomous_tb3/install.log --single-version-externally-managed install_data
[0.519s] running egg_info
[0.519s] creating ../../../build/autonomous_tb3/autonomous_tb3.egg-info
[0.519s] writing ../../../build/autonomous_tb3/autonomous_tb3.egg-info/PKG-INFO
[0.519s] writing dependency_links to ../../../build/autonomous_tb3/autonomous_tb3.egg-info/dependency_links.txt
[0.519s] writing entry points to ../../../build/autonomous_tb3/autonomous_tb3.egg-info/entry_points.txt
[0.519s] writing requirements to ../../../build/autonomous_tb3/autonomous_tb3.egg-info/requires.txt
[0.519s] writing top-level names to ../../../build/autonomous_tb3/autonomous_tb3.egg-info/top_level.txt
[0.519s] writing manifest file '../../../build/autonomous_tb3/autonomous_tb3.egg-info/SOURCES.txt'
[0.520s] reading manifest file '../../../build/autonomous_tb3/autonomous_tb3.egg-info/SOURCES.txt'
[0.520s] writing manifest file '../../../build/autonomous_tb3/autonomous_tb3.egg-info/SOURCES.txt'
[0.520s] running build
[0.520s] running build_py
[0.520s] creating /home/rithwik/ros2_workspace2/build/autonomous_tb3/build
[0.520s] creating /home/rithwik/ros2_workspace2/build/autonomous_tb3/build/lib
[0.520s] creating /home/rithwik/ros2_workspace2/build/autonomous_tb3/build/lib/autonomous_tb3
[0.520s] copying autonomous_tb3/hotel_waiter_multi_button.py -> /home/rithwik/ros2_workspace2/build/autonomous_tb3/build/lib/autonomous_tb3
[0.521s] copying autonomous_tb3/maze_solver.py -> /home/rithwik/ros2_workspace2/build/autonomous_tb3/build/lib/autonomous_tb3
[0.521s] copying autonomous_tb3/spawn_entity.py -> /home/rithwik/ros2_workspace2/build/autonomous_tb3/build/lib/autonomous_tb3
[0.521s] copying autonomous_tb3/hotel_waiter_single_goal.py -> /home/rithwik/ros2_workspace2/build/autonomous_tb3/build/lib/autonomous_tb3
[0.521s] copying autonomous_tb3/__init__.py -> /home/rithwik/ros2_workspace2/build/autonomous_tb3/build/lib/autonomous_tb3
[0.521s] copying autonomous_tb3/occupancy_grid_pub.py -> /home/rithwik/ros2_workspace2/build/autonomous_tb3/build/lib/autonomous_tb3
[0.521s] running install
[0.521s] running install_lib
[0.522s] creating /home/rithwik/ros2_workspace2/install/autonomous_tb3/lib/python3.10/site-packages/autonomous_tb3
[0.522s] copying /home/rithwik/ros2_workspace2/build/autonomous_tb3/build/lib/autonomous_tb3/hotel_waiter_multi_button.py -> /home/rithwik/ros2_workspace2/install/autonomous_tb3/lib/python3.10/site-packages/autonomous_tb3
[0.522s] copying /home/rithwik/ros2_workspace2/build/autonomous_tb3/build/lib/autonomous_tb3/maze_solver.py -> /home/rithwik/ros2_workspace2/install/autonomous_tb3/lib/python3.10/site-packages/autonomous_tb3
[0.522s] copying /home/rithwik/ros2_workspace2/build/autonomous_tb3/build/lib/autonomous_tb3/spawn_entity.py -> /home/rithwik/ros2_workspace2/install/autonomous_tb3/lib/python3.10/site-packages/autonomous_tb3
[0.522s] copying /home/rithwik/ros2_workspace2/build/autonomous_tb3/build/lib/autonomous_tb3/hotel_waiter_single_goal.py -> /home/rithwik/ros2_workspace2/install/autonomous_tb3/lib/python3.10/site-packages/autonomous_tb3
[0.522s] copying /home/rithwik/ros2_workspace2/build/autonomous_tb3/build/lib/autonomous_tb3/__init__.py -> /home/rithwik/ros2_workspace2/install/autonomous_tb3/lib/python3.10/site-packages/autonomous_tb3
[0.522s] copying /home/rithwik/ros2_workspace2/build/autonomous_tb3/build/lib/autonomous_tb3/occupancy_grid_pub.py -> /home/rithwik/ros2_workspace2/install/autonomous_tb3/lib/python3.10/site-packages/autonomous_tb3
[0.522s] byte-compiling /home/rithwik/ros2_workspace2/install/autonomous_tb3/lib/python3.10/site-packages/autonomous_tb3/hotel_waiter_multi_button.py to hotel_waiter_multi_button.cpython-310.pyc
[0.522s] byte-compiling /home/rithwik/ros2_workspace2/install/autonomous_tb3/lib/python3.10/site-packages/autonomous_tb3/maze_solver.py to maze_solver.cpython-310.pyc
[0.523s] byte-compiling /home/rithwik/ros2_workspace2/install/autonomous_tb3/lib/python3.10/site-packages/autonomous_tb3/spawn_entity.py to spawn_entity.cpython-310.pyc
[0.523s] byte-compiling /home/rithwik/ros2_workspace2/install/autonomous_tb3/lib/python3.10/site-packages/autonomous_tb3/hotel_waiter_single_goal.py to hotel_waiter_single_goal.cpython-310.pyc
[0.523s] byte-compiling /home/rithwik/ros2_workspace2/install/autonomous_tb3/lib/python3.10/site-packages/autonomous_tb3/__init__.py to __init__.cpython-310.pyc
[0.523s] byte-compiling /home/rithwik/ros2_workspace2/install/autonomous_tb3/lib/python3.10/site-packages/autonomous_tb3/occupancy_grid_pub.py to occupancy_grid_pub.cpython-310.pyc
[0.523s] running install_data
[0.523s] creating /home/rithwik/ros2_workspace2/install/autonomous_tb3/share/ament_index
[0.523s] creating /home/rithwik/ros2_workspace2/install/autonomous_tb3/share/ament_index/resource_index
[0.523s] creating /home/rithwik/ros2_workspace2/install/autonomous_tb3/share/ament_index/resource_index/packages
[0.523s] copying resource/autonomous_tb3 -> /home/rithwik/ros2_workspace2/install/autonomous_tb3/share/ament_index/resource_index/packages
[0.523s] copying package.xml -> /home/rithwik/ros2_workspace2/install/autonomous_tb3/share/autonomous_tb3
[0.523s] creating /home/rithwik/ros2_workspace2/install/autonomous_tb3/share/autonomous_tb3/launch
[0.523s] copying launch/maze_navigation.launch.py -> /home/rithwik/ros2_workspace2/install/autonomous_tb3/share/autonomous_tb3/launch
[0.523s] copying launch/tb3_world_navigation.launch.py -> /home/rithwik/ros2_workspace2/install/autonomous_tb3/share/autonomous_tb3/launch
[0.523s] copying launch/mapping.launch.py -> /home/rithwik/ros2_workspace2/install/autonomous_tb3/share/autonomous_tb3/launch
[0.523s] copying launch/hotel_waiter.launch.py -> /home/rithwik/ros2_workspace2/install/autonomous_tb3/share/autonomous_tb3/launch
[0.524s] creating /home/rithwik/ros2_workspace2/install/autonomous_tb3/share/autonomous_tb3/config
[0.524s] copying config/tb3_cartographer.lua -> /home/rithwik/ros2_workspace2/install/autonomous_tb3/share/autonomous_tb3/config
[0.524s] copying config/tb3_nav_params.yaml -> /home/rithwik/ros2_workspace2/install/autonomous_tb3/share/autonomous_tb3/config
[0.524s] copying config/mapping.rviz -> /home/rithwik/ros2_workspace2/install/autonomous_tb3/share/autonomous_tb3/config
[0.524s] copying config/tb3_nav.rviz -> /home/rithwik/ros2_workspace2/install/autonomous_tb3/share/autonomous_tb3/config
[0.524s] copying config/maze.pgm -> /home/rithwik/ros2_workspace2/install/autonomous_tb3/share/autonomous_tb3/config
[0.524s] copying config/hotel_map.pgm -> /home/rithwik/ros2_workspace2/install/autonomous_tb3/share/autonomous_tb3/config
[0.524s] copying config/maze.yaml -> /home/rithwik/ros2_workspace2/install/autonomous_tb3/share/autonomous_tb3/config
[0.524s] copying config/tb3_world.pgm -> /home/rithwik/ros2_workspace2/install/autonomous_tb3/share/autonomous_tb3/config
[0.524s] copying config/tb3_world.yaml -> /home/rithwik/ros2_workspace2/install/autonomous_tb3/share/autonomous_tb3/config
[0.524s] copying config/hotel_map.yaml -> /home/rithwik/ros2_workspace2/install/autonomous_tb3/share/autonomous_tb3/config
[0.524s] creating /home/rithwik/ros2_workspace2/install/autonomous_tb3/share/autonomous_tb3/world
[0.524s] creating /home/rithwik/ros2_workspace2/install/autonomous_tb3/share/autonomous_tb3/world/maze
[0.524s] copying world/maze/model.config -> /home/rithwik/ros2_workspace2/install/autonomous_tb3/share/autonomous_tb3/world/maze
[0.524s] copying world/maze/model.sdf -> /home/rithwik/ros2_workspace2/install/autonomous_tb3/share/autonomous_tb3/world/maze
[0.524s] creating /home/rithwik/ros2_workspace2/install/autonomous_tb3/share/autonomous_tb3/models
[0.524s] creating /home/rithwik/ros2_workspace2/install/autonomous_tb3/share/autonomous_tb3/models/actor
[0.524s] copying models/actor/model.config -> /home/rithwik/ros2_workspace2/install/autonomous_tb3/share/autonomous_tb3/models/actor
[0.524s] copying models/actor/model.sdf -> /home/rithwik/ros2_workspace2/install/autonomous_tb3/share/autonomous_tb3/models/actor
[0.524s] creating /home/rithwik/ros2_workspace2/install/autonomous_tb3/share/autonomous_tb3/models/table
[0.524s] copying models/table/model-1_2.sdf -> /home/rithwik/ros2_workspace2/install/autonomous_tb3/share/autonomous_tb3/models/table
[0.524s] copying models/table/model.config -> /home/rithwik/ros2_workspace2/install/autonomous_tb3/share/autonomous_tb3/models/table
[0.524s] copying models/table/model-1_4.sdf -> /home/rithwik/ros2_workspace2/install/autonomous_tb3/share/autonomous_tb3/models/table
[0.524s] copying models/table/model.sdf -> /home/rithwik/ros2_workspace2/install/autonomous_tb3/share/autonomous_tb3/models/table
[0.524s] copying models/table/model-1_3.sdf -> /home/rithwik/ros2_workspace2/install/autonomous_tb3/share/autonomous_tb3/models/table
[0.524s] creating /home/rithwik/ros2_workspace2/install/autonomous_tb3/share/autonomous_tb3/models/beer
[0.524s] copying models/beer/model-1_4.sdf -> /home/rithwik/ros2_workspace2/install/autonomous_tb3/share/autonomous_tb3/models/beer
[0.524s] copying models/beer/model.sdf -> /home/rithwik/ros2_workspace2/install/autonomous_tb3/share/autonomous_tb3/models/beer
[0.524s] copying models/beer/model.config -> /home/rithwik/ros2_workspace2/install/autonomous_tb3/share/autonomous_tb3/models/beer
[0.524s] creating /home/rithwik/ros2_workspace2/install/autonomous_tb3/share/autonomous_tb3/models/beer/scripts
[0.524s] creating /home/rithwik/ros2_workspace2/install/autonomous_tb3/share/autonomous_tb3/models/beer/texutres
[0.524s] running install_egg_info
[0.525s] Copying ../../../build/autonomous_tb3/autonomous_tb3.egg-info to /home/rithwik/ros2_workspace2/install/autonomous_tb3/lib/python3.10/site-packages/autonomous_tb3-0.0.0-py3.10.egg-info
[0.525s] running install_scripts
[0.535s] Installing autonomous_waiter script to /home/rithwik/ros2_workspace2/install/autonomous_tb3/lib/autonomous_tb3
[0.535s] Installing autonomous_waiter_lite script to /home/rithwik/ros2_workspace2/install/autonomous_tb3/lib/autonomous_tb3
[0.535s] Installing maze_solver script to /home/rithwik/ros2_workspace2/install/autonomous_tb3/lib/autonomous_tb3
[0.535s] Installing occupancy_grid_pub script to /home/rithwik/ros2_workspace2/install/autonomous_tb3/lib/autonomous_tb3
[0.535s] Installing sdf_spawner script to /home/rithwik/ros2_workspace2/install/autonomous_tb3/lib/autonomous_tb3
[0.536s] writing list of installed files to '/home/rithwik/ros2_workspace2/build/autonomous_tb3/install.log'
[0.548s] Invoked command in '/home/rithwik/ros2_workspace2/src/ROS2-Autonomous-Driving-and-Navigation-SLAM-with-TurtleBot3/autonomous_tb3' returned '0': PYTHONPATH=/home/rithwik/ros2_workspace2/build/autonomous_tb3/prefix_override:/usr/lib/python3/dist-packages/colcon_core/task/python/colcon_distutils_commands:/home/rithwik/ros2_workspace2/install/autonomous_tb3/lib/python3.10/site-packages:${PYTHONPATH} /usr/bin/python3 -W ignore:setup.py install is deprecated -W ignore:easy_install command is deprecated setup.py egg_info --egg-base ../../../build/autonomous_tb3 build --build-base /home/rithwik/ros2_workspace2/build/autonomous_tb3/build install --record /home/rithwik/ros2_workspace2/build/autonomous_tb3/install.log --single-version-externally-managed install_data
