running develop
Removing /home/rithwik/ros2_workspace2/install/rover/lib/python3.10/site-packages/rover.egg-link (link to .)
running egg_info
writing ../../build/rover/rover.egg-info/PKG-INFO
writing dependency_links to ../../build/rover/rover.egg-info/dependency_links.txt
writing entry points to ../../build/rover/rover.egg-info/entry_points.txt
writing requirements to ../../build/rover/rover.egg-info/requires.txt
writing top-level names to ../../build/rover/rover.egg-info/top_level.txt
reading manifest file '../../build/rover/rover.egg-info/SOURCES.txt'
adding license file 'LICENSE'
writing manifest file '../../build/rover/rover.egg-info/SOURCES.txt'
running build
running build_py
copying rover/wall_follower.py -> /home/rithwik/ros2_workspace2/build/rover/build/lib/rover
running install
running install_lib
creating /home/rithwik/ros2_workspace2/install/rover/lib/python3.10/site-packages/rover
copying /home/rithwik/ros2_workspace2/build/rover/build/lib/rover/obstacle_avoiding.py -> /home/rithwik/ros2_workspace2/install/rover/lib/python3.10/site-packages/rover
copying /home/rithwik/ros2_workspace2/build/rover/build/lib/rover/wall_follower.py -> /home/rithwik/ros2_workspace2/install/rover/lib/python3.10/site-packages/rover
copying /home/rithwik/ros2_workspace2/build/rover/build/lib/rover/__init__.py -> /home/rithwik/ros2_workspace2/install/rover/lib/python3.10/site-packages/rover
copying /home/rithwik/ros2_workspace2/build/rover/build/lib/rover/gap_follower.py -> /home/rithwik/ros2_workspace2/install/rover/lib/python3.10/site-packages/rover
byte-compiling /home/rithwik/ros2_workspace2/install/rover/lib/python3.10/site-packages/rover/obstacle_avoiding.py to obstacle_avoiding.cpython-310.pyc
byte-compiling /home/rithwik/ros2_workspace2/install/rover/lib/python3.10/site-packages/rover/wall_follower.py to wall_follower.cpython-310.pyc
byte-compiling /home/rithwik/ros2_workspace2/install/rover/lib/python3.10/site-packages/rover/__init__.py to __init__.cpython-310.pyc
byte-compiling /home/rithwik/ros2_workspace2/install/rover/lib/python3.10/site-packages/rover/gap_follower.py to gap_follower.cpython-310.pyc
running install_data
copying resource/rover -> /home/rithwik/ros2_workspace2/install/rover/share/ament_index/resource_index/packages
copying package.xml -> /home/rithwik/ros2_workspace2/install/rover/share/rover
copying launch/2_gazebo.launch.py -> /home/rithwik/ros2_workspace2/install/rover/share/rover/launch
copying launch/1_rviz.launch.py -> /home/rithwik/ros2_workspace2/install/rover/share/rover/launch
copying launch/2D_mapping.launch.py -> /home/rithwik/ros2_workspace2/install/rover/share/rover/launch
copying launch/slam.launch.py -> /home/rithwik/ros2_workspace2/install/rover/share/rover/launch
copying urdf/rover.urdf -> /home/rithwik/ros2_workspace2/install/rover/share/rover/urdf
copying worlds/maze_1_6x5.world -> /home/rithwik/ros2_workspace2/install/rover/share/rover/worlds
copying worlds/wide_maze.world -> /home/rithwik/ros2_workspace2/install/rover/share/rover/worlds
running install_egg_info
Copying ../../build/rover/rover.egg-info to /home/rithwik/ros2_workspace2/install/rover/lib/python3.10/site-packages/rover-0.0.0-py3.10.egg-info
running install_scripts
Installing avoid_obstacle script to /home/rithwik/ros2_workspace2/install/rover/lib/rover
Installing gap_follower script to /home/rithwik/ros2_workspace2/install/rover/lib/rover
Installing wall_follower script to /home/rithwik/ros2_workspace2/install/rover/lib/rover
writing list of installed files to '/home/rithwik/ros2_workspace2/build/rover/install.log'
