running egg_info
writing ../../build/rover/rover.egg-info/PKG-INFO
writing dependency_links to ../../build/rover/rover.egg-info/dependency_links.txt
writing entry points to ../../build/rover/rover.egg-info/entry_points.txt
writing requirements to ../../build/rover/rover.egg-info/requires.txt
writing top-level names to ../../build/rover/rover.egg-info/top_level.txt
reading manifest file '../../build/rover/rover.egg-info/SOURCES.txt'
adding license file 'LICENSE'
writing manifest file '../../build/rover/rover.egg-info/SOURCES.txt'
running build
running build_py
running install
running install_lib
running install_data
running install_egg_info
removing '/home/rithwik/ros2_workspace2/install/rover/lib/python3.10/site-packages/rover-0.0.0-py3.10.egg-info' (and everything under it)
Copying ../../build/rover/rover.egg-info to /home/rithwik/ros2_workspace2/install/rover/lib/python3.10/site-packages/rover-0.0.0-py3.10.egg-info
running install_scripts
Installing avoid_obstacle script to /home/rithwik/ros2_workspace2/install/rover/lib/rover
Installing gap_follower script to /home/rithwik/ros2_workspace2/install/rover/lib/rover
Installing wall_follower script to /home/rithwik/ros2_workspace2/install/rover/lib/rover
writing list of installed files to '/home/rithwik/ros2_workspace2/build/rover/install.log'
