[0.070s] DEBUG:colcon:Command line arguments: ['/usr/bin/colcon', 'build']
[0.070s] DEBUG:colcon:Parsed command line arguments: Namespace(log_base=None, log_level=None, verb_name='build', build_base='build', install_base='install', merge_install=False, symlink_install=False, test_result_base=None, continue_on_error=False, executor='parallel', parallel_workers=32, event_handlers=None, ignore_user_meta=False, metas=['./colcon.meta'], base_paths=['.'], packages_ignore=None, packages_ignore_regex=None, paths=None, packages_up_to=None, packages_up_to_regex=None, packages_above=None, packages_above_and_dependencies=None, packages_above_depth=None, packages_select_by_dep=None, packages_skip_by_dep=None, packages_skip_up_to=None, packages_select_build_failed=False, packages_skip_build_finished=False, packages_select_test_failures=False, packages_skip_test_passed=False, packages_select=None, packages_skip=None, packages_select_regex=None, packages_skip_regex=None, packages_start=None, packages_end=None, allow_overriding=[], cmake_args=None, cmake_target=None, cmake_target_skip_unavailable=False, cmake_clean_cache=False, cmake_clean_first=False, cmake_force_configure=False, ament_cmake_args=None, catkin_cmake_args=None, catkin_skip_building_tests=False, verb_parser=<colcon_defaults.argument_parser.defaults.DefaultArgumentsDecorator object at 0x74f1e797c760>, verb_extension=<colcon_core.verb.build.BuildVerb object at 0x74f1e797c1f0>, main=<bound method BuildVerb.main of <colcon_core.verb.build.BuildVerb object at 0x74f1e797c1f0>>)
[0.169s] Level 1:colcon.colcon_core.package_discovery:discover_packages(colcon_meta) check parameters
[0.170s] Level 1:colcon.colcon_core.package_discovery:discover_packages(recursive) check parameters
[0.170s] Level 1:colcon.colcon_core.package_discovery:discover_packages(ignore) check parameters
[0.170s] Level 1:colcon.colcon_core.package_discovery:discover_packages(path) check parameters
[0.170s] Level 1:colcon.colcon_core.package_discovery:discover_packages(colcon_meta) discover
[0.170s] Level 1:colcon.colcon_core.package_discovery:discover_packages(recursive) discover
[0.170s] INFO:colcon.colcon_core.package_discovery:Crawling recursively for packages in '/home/rithwik/ros2_workspace2'
[0.170s] Level 1:colcon.colcon_core.package_identification:_identify(.) by extensions ['ignore', 'ignore_ament_install']
[0.170s] Level 1:colcon.colcon_core.package_identification:_identify(.) by extension 'ignore'
[0.170s] Level 1:colcon.colcon_core.package_identification:_identify(.) by extension 'ignore_ament_install'
[0.170s] Level 1:colcon.colcon_core.package_identification:_identify(.) by extensions ['colcon_pkg']
[0.170s] Level 1:colcon.colcon_core.package_identification:_identify(.) by extension 'colcon_pkg'
[0.170s] Level 1:colcon.colcon_core.package_identification:_identify(.) by extensions ['colcon_meta']
[0.170s] Level 1:colcon.colcon_core.package_identification:_identify(.) by extension 'colcon_meta'
[0.170s] Level 1:colcon.colcon_core.package_identification:_identify(.) by extensions ['ros']
[0.170s] Level 1:colcon.colcon_core.package_identification:_identify(.) by extension 'ros'
[0.176s] Level 1:colcon.colcon_core.package_identification:_identify(.) by extensions ['cmake', 'python']
[0.176s] Level 1:colcon.colcon_core.package_identification:_identify(.) by extension 'cmake'
[0.176s] Level 1:colcon.colcon_core.package_identification:_identify(.) by extension 'python'
[0.176s] Level 1:colcon.colcon_core.package_identification:_identify(.) by extensions ['python_setup_py']
[0.176s] Level 1:colcon.colcon_core.package_identification:_identify(.) by extension 'python_setup_py'
[0.176s] Level 1:colcon.colcon_core.package_identification:_identify(build) by extensions ['ignore', 'ignore_ament_install']
[0.176s] Level 1:colcon.colcon_core.package_identification:_identify(build) by extension 'ignore'
[0.176s] Level 1:colcon.colcon_core.package_identification:_identify(build) ignored
[0.176s] Level 1:colcon.colcon_core.package_identification:_identify(install) by extensions ['ignore', 'ignore_ament_install']
[0.176s] Level 1:colcon.colcon_core.package_identification:_identify(install) by extension 'ignore'
[0.176s] Level 1:colcon.colcon_core.package_identification:_identify(install) ignored
[0.176s] Level 1:colcon.colcon_core.package_identification:_identify(log) by extensions ['ignore', 'ignore_ament_install']
[0.176s] Level 1:colcon.colcon_core.package_identification:_identify(log) by extension 'ignore'
[0.176s] Level 1:colcon.colcon_core.package_identification:_identify(log) ignored
[0.176s] Level 1:colcon.colcon_core.package_identification:_identify(plywood_mazes) by extensions ['ignore', 'ignore_ament_install']
[0.176s] Level 1:colcon.colcon_core.package_identification:_identify(plywood_mazes) by extension 'ignore'
[0.176s] Level 1:colcon.colcon_core.package_identification:_identify(plywood_mazes) ignored
[0.176s] Level 1:colcon.colcon_core.package_identification:_identify(src) by extensions ['ignore', 'ignore_ament_install']
[0.176s] Level 1:colcon.colcon_core.package_identification:_identify(src) by extension 'ignore'
[0.176s] Level 1:colcon.colcon_core.package_identification:_identify(src) by extension 'ignore_ament_install'
[0.176s] Level 1:colcon.colcon_core.package_identification:_identify(src) by extensions ['colcon_pkg']
[0.176s] Level 1:colcon.colcon_core.package_identification:_identify(src) by extension 'colcon_pkg'
[0.176s] Level 1:colcon.colcon_core.package_identification:_identify(src) by extensions ['colcon_meta']
[0.176s] Level 1:colcon.colcon_core.package_identification:_identify(src) by extension 'colcon_meta'
[0.176s] Level 1:colcon.colcon_core.package_identification:_identify(src) by extensions ['ros']
[0.176s] Level 1:colcon.colcon_core.package_identification:_identify(src) by extension 'ros'
[0.176s] Level 1:colcon.colcon_core.package_identification:_identify(src) by extensions ['cmake', 'python']
[0.176s] Level 1:colcon.colcon_core.package_identification:_identify(src) by extension 'cmake'
[0.176s] Level 1:colcon.colcon_core.package_identification:_identify(src) by extension 'python'
[0.176s] Level 1:colcon.colcon_core.package_identification:_identify(src) by extensions ['python_setup_py']
[0.176s] Level 1:colcon.colcon_core.package_identification:_identify(src) by extension 'python_setup_py'
[0.176s] Level 1:colcon.colcon_core.package_identification:_identify(src/ros2_explorer) by extensions ['ignore', 'ignore_ament_install']
[0.176s] Level 1:colcon.colcon_core.package_identification:_identify(src/ros2_explorer) by extension 'ignore'
[0.176s] Level 1:colcon.colcon_core.package_identification:_identify(src/ros2_explorer) by extension 'ignore_ament_install'
[0.176s] Level 1:colcon.colcon_core.package_identification:_identify(src/ros2_explorer) by extensions ['colcon_pkg']
[0.176s] Level 1:colcon.colcon_core.package_identification:_identify(src/ros2_explorer) by extension 'colcon_pkg'
[0.176s] Level 1:colcon.colcon_core.package_identification:_identify(src/ros2_explorer) by extensions ['colcon_meta']
[0.176s] Level 1:colcon.colcon_core.package_identification:_identify(src/ros2_explorer) by extension 'colcon_meta'
[0.177s] Level 1:colcon.colcon_core.package_identification:_identify(src/ros2_explorer) by extensions ['ros']
[0.177s] Level 1:colcon.colcon_core.package_identification:_identify(src/ros2_explorer) by extension 'ros'
[0.177s] Level 1:colcon.colcon_core.package_identification:_identify(src/ros2_explorer) by extensions ['cmake', 'python']
[0.177s] Level 1:colcon.colcon_core.package_identification:_identify(src/ros2_explorer) by extension 'cmake'
[0.177s] Level 1:colcon.colcon_core.package_identification:_identify(src/ros2_explorer) by extension 'python'
[0.177s] Level 1:colcon.colcon_core.package_identification:_identify(src/ros2_explorer) by extensions ['python_setup_py']
[0.177s] Level 1:colcon.colcon_core.package_identification:_identify(src/ros2_explorer) by extension 'python_setup_py'
[0.177s] Level 1:colcon.colcon_core.package_identification:_identify(src/ros2_explorer/explorer_bringup) by extensions ['ignore', 'ignore_ament_install']
[0.177s] Level 1:colcon.colcon_core.package_identification:_identify(src/ros2_explorer/explorer_bringup) by extension 'ignore'
[0.177s] Level 1:colcon.colcon_core.package_identification:_identify(src/ros2_explorer/explorer_bringup) by extension 'ignore_ament_install'
[0.177s] Level 1:colcon.colcon_core.package_identification:_identify(src/ros2_explorer/explorer_bringup) by extensions ['colcon_pkg']
[0.177s] Level 1:colcon.colcon_core.package_identification:_identify(src/ros2_explorer/explorer_bringup) by extension 'colcon_pkg'
[0.177s] Level 1:colcon.colcon_core.package_identification:_identify(src/ros2_explorer/explorer_bringup) by extensions ['colcon_meta']
[0.177s] Level 1:colcon.colcon_core.package_identification:_identify(src/ros2_explorer/explorer_bringup) by extension 'colcon_meta'
[0.177s] Level 1:colcon.colcon_core.package_identification:_identify(src/ros2_explorer/explorer_bringup) by extensions ['ros']
[0.177s] Level 1:colcon.colcon_core.package_identification:_identify(src/ros2_explorer/explorer_bringup) by extension 'ros'
[0.178s] DEBUG:colcon.colcon_core.package_identification:Package 'src/ros2_explorer/explorer_bringup' with type 'ros.ament_python' and name 'explorer_bringup'
[0.178s] Level 1:colcon.colcon_core.package_identification:_identify(src/ros2_explorer/explorer_cartographer) by extensions ['ignore', 'ignore_ament_install']
[0.178s] Level 1:colcon.colcon_core.package_identification:_identify(src/ros2_explorer/explorer_cartographer) by extension 'ignore'
[0.178s] Level 1:colcon.colcon_core.package_identification:_identify(src/ros2_explorer/explorer_cartographer) by extension 'ignore_ament_install'
[0.178s] Level 1:colcon.colcon_core.package_identification:_identify(src/ros2_explorer/explorer_cartographer) by extensions ['colcon_pkg']
[0.178s] Level 1:colcon.colcon_core.package_identification:_identify(src/ros2_explorer/explorer_cartographer) by extension 'colcon_pkg'
[0.178s] Level 1:colcon.colcon_core.package_identification:_identify(src/ros2_explorer/explorer_cartographer) by extensions ['colcon_meta']
[0.178s] Level 1:colcon.colcon_core.package_identification:_identify(src/ros2_explorer/explorer_cartographer) by extension 'colcon_meta'
[0.178s] Level 1:colcon.colcon_core.package_identification:_identify(src/ros2_explorer/explorer_cartographer) by extensions ['ros']
[0.178s] Level 1:colcon.colcon_core.package_identification:_identify(src/ros2_explorer/explorer_cartographer) by extension 'ros'
[0.179s] DEBUG:colcon.colcon_core.package_identification:Package 'src/ros2_explorer/explorer_cartographer' with type 'ros.ament_cmake' and name 'explorer_cartographer'
[0.179s] Level 1:colcon.colcon_core.package_identification:_identify(src/ros2_explorer/explorer_gazebo) by extensions ['ignore', 'ignore_ament_install']
[0.179s] Level 1:colcon.colcon_core.package_identification:_identify(src/ros2_explorer/explorer_gazebo) by extension 'ignore'
[0.179s] Level 1:colcon.colcon_core.package_identification:_identify(src/ros2_explorer/explorer_gazebo) by extension 'ignore_ament_install'
[0.179s] Level 1:colcon.colcon_core.package_identification:_identify(src/ros2_explorer/explorer_gazebo) by extensions ['colcon_pkg']
[0.179s] Level 1:colcon.colcon_core.package_identification:_identify(src/ros2_explorer/explorer_gazebo) by extension 'colcon_pkg'
[0.179s] Level 1:colcon.colcon_core.package_identification:_identify(src/ros2_explorer/explorer_gazebo) by extensions ['colcon_meta']
[0.179s] Level 1:colcon.colcon_core.package_identification:_identify(src/ros2_explorer/explorer_gazebo) by extension 'colcon_meta'
[0.179s] Level 1:colcon.colcon_core.package_identification:_identify(src/ros2_explorer/explorer_gazebo) by extensions ['ros']
[0.179s] Level 1:colcon.colcon_core.package_identification:_identify(src/ros2_explorer/explorer_gazebo) by extension 'ros'
[0.179s] DEBUG:colcon.colcon_core.package_identification:Package 'src/ros2_explorer/explorer_gazebo' with type 'ros.ament_cmake' and name 'explorer_gazebo'
[0.179s] Level 1:colcon.colcon_core.package_identification:_identify(src/ros2_explorer/explorer_interfaces) by extensions ['ignore', 'ignore_ament_install']
[0.179s] Level 1:colcon.colcon_core.package_identification:_identify(src/ros2_explorer/explorer_interfaces) by extension 'ignore'
[0.179s] Level 1:colcon.colcon_core.package_identification:_identify(src/ros2_explorer/explorer_interfaces) by extension 'ignore_ament_install'
[0.179s] Level 1:colcon.colcon_core.package_identification:_identify(src/ros2_explorer/explorer_interfaces) by extensions ['colcon_pkg']
[0.179s] Level 1:colcon.colcon_core.package_identification:_identify(src/ros2_explorer/explorer_interfaces) by extension 'colcon_pkg'
[0.179s] Level 1:colcon.colcon_core.package_identification:_identify(src/ros2_explorer/explorer_interfaces) by extensions ['colcon_meta']
[0.179s] Level 1:colcon.colcon_core.package_identification:_identify(src/ros2_explorer/explorer_interfaces) by extension 'colcon_meta'
[0.179s] Level 1:colcon.colcon_core.package_identification:_identify(src/ros2_explorer/explorer_interfaces) by extensions ['ros']
[0.179s] Level 1:colcon.colcon_core.package_identification:_identify(src/ros2_explorer/explorer_interfaces) by extension 'ros'
[0.180s] DEBUG:colcon.colcon_core.package_identification:Package 'src/ros2_explorer/explorer_interfaces' with type 'ros.ament_cmake' and name 'explorer_interfaces'
[0.180s] Level 1:colcon.colcon_core.package_identification:_identify(src/ros2_explorer/explorer_map_utils) by extensions ['ignore', 'ignore_ament_install']
[0.180s] Level 1:colcon.colcon_core.package_identification:_identify(src/ros2_explorer/explorer_map_utils) by extension 'ignore'
[0.180s] Level 1:colcon.colcon_core.package_identification:_identify(src/ros2_explorer/explorer_map_utils) by extension 'ignore_ament_install'
[0.180s] Level 1:colcon.colcon_core.package_identification:_identify(src/ros2_explorer/explorer_map_utils) by extensions ['colcon_pkg']
[0.180s] Level 1:colcon.colcon_core.package_identification:_identify(src/ros2_explorer/explorer_map_utils) by extension 'colcon_pkg'
[0.180s] Level 1:colcon.colcon_core.package_identification:_identify(src/ros2_explorer/explorer_map_utils) by extensions ['colcon_meta']
[0.180s] Level 1:colcon.colcon_core.package_identification:_identify(src/ros2_explorer/explorer_map_utils) by extension 'colcon_meta'
[0.180s] Level 1:colcon.colcon_core.package_identification:_identify(src/ros2_explorer/explorer_map_utils) by extensions ['ros']
[0.180s] Level 1:colcon.colcon_core.package_identification:_identify(src/ros2_explorer/explorer_map_utils) by extension 'ros'
[0.180s] DEBUG:colcon.colcon_core.package_identification:Package 'src/ros2_explorer/explorer_map_utils' with type 'ros.ament_python' and name 'explorer_map_utils'
[0.180s] Level 1:colcon.colcon_core.package_identification:_identify(src/ros2_explorer/explorer_wanderer) by extensions ['ignore', 'ignore_ament_install']
[0.180s] Level 1:colcon.colcon_core.package_identification:_identify(src/ros2_explorer/explorer_wanderer) by extension 'ignore'
[0.180s] Level 1:colcon.colcon_core.package_identification:_identify(src/ros2_explorer/explorer_wanderer) by extension 'ignore_ament_install'
[0.180s] Level 1:colcon.colcon_core.package_identification:_identify(src/ros2_explorer/explorer_wanderer) by extensions ['colcon_pkg']
[0.180s] Level 1:colcon.colcon_core.package_identification:_identify(src/ros2_explorer/explorer_wanderer) by extension 'colcon_pkg'
[0.180s] Level 1:colcon.colcon_core.package_identification:_identify(src/ros2_explorer/explorer_wanderer) by extensions ['colcon_meta']
[0.180s] Level 1:colcon.colcon_core.package_identification:_identify(src/ros2_explorer/explorer_wanderer) by extension 'colcon_meta'
[0.180s] Level 1:colcon.colcon_core.package_identification:_identify(src/ros2_explorer/explorer_wanderer) by extensions ['ros']
[0.180s] Level 1:colcon.colcon_core.package_identification:_identify(src/ros2_explorer/explorer_wanderer) by extension 'ros'
[0.180s] DEBUG:colcon.colcon_core.package_identification:Package 'src/ros2_explorer/explorer_wanderer' with type 'ros.ament_python' and name 'explorer_wanderer'
[0.180s] Level 1:colcon.colcon_core.package_identification:_identify(src/rover) by extensions ['ignore', 'ignore_ament_install']
[0.180s] Level 1:colcon.colcon_core.package_identification:_identify(src/rover) by extension 'ignore'
[0.181s] Level 1:colcon.colcon_core.package_identification:_identify(src/rover) by extension 'ignore_ament_install'
[0.181s] Level 1:colcon.colcon_core.package_identification:_identify(src/rover) by extensions ['colcon_pkg']
[0.181s] Level 1:colcon.colcon_core.package_identification:_identify(src/rover) by extension 'colcon_pkg'
[0.181s] Level 1:colcon.colcon_core.package_identification:_identify(src/rover) by extensions ['colcon_meta']
[0.181s] Level 1:colcon.colcon_core.package_identification:_identify(src/rover) by extension 'colcon_meta'
[0.181s] Level 1:colcon.colcon_core.package_identification:_identify(src/rover) by extensions ['ros']
[0.181s] Level 1:colcon.colcon_core.package_identification:_identify(src/rover) by extension 'ros'
[0.181s] DEBUG:colcon.colcon_core.package_identification:Package 'src/rover' with type 'ros.ament_python' and name 'rover'
[0.181s] Level 1:colcon.colcon_core.package_identification:_identify(src/urdf_tutorial) by extensions ['ignore', 'ignore_ament_install']
[0.181s] Level 1:colcon.colcon_core.package_identification:_identify(src/urdf_tutorial) by extension 'ignore'
[0.181s] Level 1:colcon.colcon_core.package_identification:_identify(src/urdf_tutorial) by extension 'ignore_ament_install'
[0.181s] Level 1:colcon.colcon_core.package_identification:_identify(src/urdf_tutorial) by extensions ['colcon_pkg']
[0.181s] Level 1:colcon.colcon_core.package_identification:_identify(src/urdf_tutorial) by extension 'colcon_pkg'
[0.181s] Level 1:colcon.colcon_core.package_identification:_identify(src/urdf_tutorial) by extensions ['colcon_meta']
[0.181s] Level 1:colcon.colcon_core.package_identification:_identify(src/urdf_tutorial) by extension 'colcon_meta'
[0.181s] Level 1:colcon.colcon_core.package_identification:_identify(src/urdf_tutorial) by extensions ['ros']
[0.181s] Level 1:colcon.colcon_core.package_identification:_identify(src/urdf_tutorial) by extension 'ros'
[0.181s] Level 1:colcon.colcon_core.package_identification:_identify(src/urdf_tutorial) by extensions ['cmake', 'python']
[0.181s] Level 1:colcon.colcon_core.package_identification:_identify(src/urdf_tutorial) by extension 'cmake'
[0.181s] Level 1:colcon.colcon_core.package_identification:_identify(src/urdf_tutorial) by extension 'python'
[0.181s] Level 1:colcon.colcon_core.package_identification:_identify(src/urdf_tutorial) by extensions ['python_setup_py']
[0.181s] Level 1:colcon.colcon_core.package_identification:_identify(src/urdf_tutorial) by extension 'python_setup_py'
[0.181s] Level 1:colcon.colcon_core.package_discovery:discover_packages(recursive) using defaults
[0.181s] Level 1:colcon.colcon_core.package_discovery:discover_packages(ignore) discover
[0.181s] Level 1:colcon.colcon_core.package_discovery:discover_packages(ignore) using defaults
[0.181s] Level 1:colcon.colcon_core.package_discovery:discover_packages(path) discover
[0.181s] Level 1:colcon.colcon_core.package_discovery:discover_packages(path) using defaults
[0.197s] Level 1:colcon.colcon_core.package_discovery:discover_packages(prefix_path) check parameters
[0.197s] Level 1:colcon.colcon_core.package_discovery:discover_packages(prefix_path) discover
[0.199s] DEBUG:colcon.colcon_installed_package_information.package_discovery:Found 418 installed packages in /opt/ros/humble
[0.200s] Level 1:colcon.colcon_core.package_discovery:discover_packages(prefix_path) using defaults
[0.219s] Level 5:colcon.colcon_core.verb:set package 'explorer_bringup' build argument 'cmake_args' from command line to 'None'
[0.219s] Level 5:colcon.colcon_core.verb:set package 'explorer_bringup' build argument 'cmake_target' from command line to 'None'
[0.219s] Level 5:colcon.colcon_core.verb:set package 'explorer_bringup' build argument 'cmake_target_skip_unavailable' from command line to 'False'
[0.219s] Level 5:colcon.colcon_core.verb:set package 'explorer_bringup' build argument 'cmake_clean_cache' from command line to 'False'
[0.219s] Level 5:colcon.colcon_core.verb:set package 'explorer_bringup' build argument 'cmake_clean_first' from command line to 'False'
[0.219s] Level 5:colcon.colcon_core.verb:set package 'explorer_bringup' build argument 'cmake_force_configure' from command line to 'False'
[0.219s] Level 5:colcon.colcon_core.verb:set package 'explorer_bringup' build argument 'ament_cmake_args' from command line to 'None'
[0.219s] Level 5:colcon.colcon_core.verb:set package 'explorer_bringup' build argument 'catkin_cmake_args' from command line to 'None'
[0.219s] Level 5:colcon.colcon_core.verb:set package 'explorer_bringup' build argument 'catkin_skip_building_tests' from command line to 'False'
[0.219s] DEBUG:colcon.colcon_core.verb:Building package 'explorer_bringup' with the following arguments: {'ament_cmake_args': None, 'build_base': '/home/rithwik/ros2_workspace2/build/explorer_bringup', 'catkin_cmake_args': None, 'catkin_skip_building_tests': False, 'cmake_args': None, 'cmake_clean_cache': False, 'cmake_clean_first': False, 'cmake_force_configure': False, 'cmake_target': None, 'cmake_target_skip_unavailable': False, 'install_base': '/home/rithwik/ros2_workspace2/install/explorer_bringup', 'merge_install': False, 'path': '/home/rithwik/ros2_workspace2/src/ros2_explorer/explorer_bringup', 'symlink_install': False, 'test_result_base': None}
[0.220s] Level 5:colcon.colcon_core.verb:set package 'explorer_cartographer' build argument 'cmake_args' from command line to 'None'
[0.220s] Level 5:colcon.colcon_core.verb:set package 'explorer_cartographer' build argument 'cmake_target' from command line to 'None'
[0.220s] Level 5:colcon.colcon_core.verb:set package 'explorer_cartographer' build argument 'cmake_target_skip_unavailable' from command line to 'False'
[0.220s] Level 5:colcon.colcon_core.verb:set package 'explorer_cartographer' build argument 'cmake_clean_cache' from command line to 'False'
[0.220s] Level 5:colcon.colcon_core.verb:set package 'explorer_cartographer' build argument 'cmake_clean_first' from command line to 'False'
[0.220s] Level 5:colcon.colcon_core.verb:set package 'explorer_cartographer' build argument 'cmake_force_configure' from command line to 'False'
[0.220s] Level 5:colcon.colcon_core.verb:set package 'explorer_cartographer' build argument 'ament_cmake_args' from command line to 'None'
[0.220s] Level 5:colcon.colcon_core.verb:set package 'explorer_cartographer' build argument 'catkin_cmake_args' from command line to 'None'
[0.220s] Level 5:colcon.colcon_core.verb:set package 'explorer_cartographer' build argument 'catkin_skip_building_tests' from command line to 'False'
[0.220s] DEBUG:colcon.colcon_core.verb:Building package 'explorer_cartographer' with the following arguments: {'ament_cmake_args': None, 'build_base': '/home/rithwik/ros2_workspace2/build/explorer_cartographer', 'catkin_cmake_args': None, 'catkin_skip_building_tests': False, 'cmake_args': None, 'cmake_clean_cache': False, 'cmake_clean_first': False, 'cmake_force_configure': False, 'cmake_target': None, 'cmake_target_skip_unavailable': False, 'install_base': '/home/rithwik/ros2_workspace2/install/explorer_cartographer', 'merge_install': False, 'path': '/home/rithwik/ros2_workspace2/src/ros2_explorer/explorer_cartographer', 'symlink_install': False, 'test_result_base': None}
[0.220s] Level 5:colcon.colcon_core.verb:set package 'explorer_gazebo' build argument 'cmake_args' from command line to 'None'
[0.220s] Level 5:colcon.colcon_core.verb:set package 'explorer_gazebo' build argument 'cmake_target' from command line to 'None'
[0.220s] Level 5:colcon.colcon_core.verb:set package 'explorer_gazebo' build argument 'cmake_target_skip_unavailable' from command line to 'False'
[0.220s] Level 5:colcon.colcon_core.verb:set package 'explorer_gazebo' build argument 'cmake_clean_cache' from command line to 'False'
[0.220s] Level 5:colcon.colcon_core.verb:set package 'explorer_gazebo' build argument 'cmake_clean_first' from command line to 'False'
[0.220s] Level 5:colcon.colcon_core.verb:set package 'explorer_gazebo' build argument 'cmake_force_configure' from command line to 'False'
[0.220s] Level 5:colcon.colcon_core.verb:set package 'explorer_gazebo' build argument 'ament_cmake_args' from command line to 'None'
[0.220s] Level 5:colcon.colcon_core.verb:set package 'explorer_gazebo' build argument 'catkin_cmake_args' from command line to 'None'
[0.220s] Level 5:colcon.colcon_core.verb:set package 'explorer_gazebo' build argument 'catkin_skip_building_tests' from command line to 'False'
[0.220s] DEBUG:colcon.colcon_core.verb:Building package 'explorer_gazebo' with the following arguments: {'ament_cmake_args': None, 'build_base': '/home/rithwik/ros2_workspace2/build/explorer_gazebo', 'catkin_cmake_args': None, 'catkin_skip_building_tests': False, 'cmake_args': None, 'cmake_clean_cache': False, 'cmake_clean_first': False, 'cmake_force_configure': False, 'cmake_target': None, 'cmake_target_skip_unavailable': False, 'install_base': '/home/rithwik/ros2_workspace2/install/explorer_gazebo', 'merge_install': False, 'path': '/home/rithwik/ros2_workspace2/src/ros2_explorer/explorer_gazebo', 'symlink_install': False, 'test_result_base': None}
[0.220s] Level 5:colcon.colcon_core.verb:set package 'explorer_interfaces' build argument 'cmake_args' from command line to 'None'
[0.220s] Level 5:colcon.colcon_core.verb:set package 'explorer_interfaces' build argument 'cmake_target' from command line to 'None'
[0.220s] Level 5:colcon.colcon_core.verb:set package 'explorer_interfaces' build argument 'cmake_target_skip_unavailable' from command line to 'False'
[0.220s] Level 5:colcon.colcon_core.verb:set package 'explorer_interfaces' build argument 'cmake_clean_cache' from command line to 'False'
[0.220s] Level 5:colcon.colcon_core.verb:set package 'explorer_interfaces' build argument 'cmake_clean_first' from command line to 'False'
[0.220s] Level 5:colcon.colcon_core.verb:set package 'explorer_interfaces' build argument 'cmake_force_configure' from command line to 'False'
[0.220s] Level 5:colcon.colcon_core.verb:set package 'explorer_interfaces' build argument 'ament_cmake_args' from command line to 'None'
[0.220s] Level 5:colcon.colcon_core.verb:set package 'explorer_interfaces' build argument 'catkin_cmake_args' from command line to 'None'
[0.220s] Level 5:colcon.colcon_core.verb:set package 'explorer_interfaces' build argument 'catkin_skip_building_tests' from command line to 'False'
[0.220s] DEBUG:colcon.colcon_core.verb:Building package 'explorer_interfaces' with the following arguments: {'ament_cmake_args': None, 'build_base': '/home/rithwik/ros2_workspace2/build/explorer_interfaces', 'catkin_cmake_args': None, 'catkin_skip_building_tests': False, 'cmake_args': None, 'cmake_clean_cache': False, 'cmake_clean_first': False, 'cmake_force_configure': False, 'cmake_target': None, 'cmake_target_skip_unavailable': False, 'install_base': '/home/rithwik/ros2_workspace2/install/explorer_interfaces', 'merge_install': False, 'path': '/home/rithwik/ros2_workspace2/src/ros2_explorer/explorer_interfaces', 'symlink_install': False, 'test_result_base': None}
[0.220s] Level 5:colcon.colcon_core.verb:set package 'explorer_map_utils' build argument 'cmake_args' from command line to 'None'
[0.220s] Level 5:colcon.colcon_core.verb:set package 'explorer_map_utils' build argument 'cmake_target' from command line to 'None'
[0.220s] Level 5:colcon.colcon_core.verb:set package 'explorer_map_utils' build argument 'cmake_target_skip_unavailable' from command line to 'False'
[0.220s] Level 5:colcon.colcon_core.verb:set package 'explorer_map_utils' build argument 'cmake_clean_cache' from command line to 'False'
[0.220s] Level 5:colcon.colcon_core.verb:set package 'explorer_map_utils' build argument 'cmake_clean_first' from command line to 'False'
[0.220s] Level 5:colcon.colcon_core.verb:set package 'explorer_map_utils' build argument 'cmake_force_configure' from command line to 'False'
[0.220s] Level 5:colcon.colcon_core.verb:set package 'explorer_map_utils' build argument 'ament_cmake_args' from command line to 'None'
[0.220s] Level 5:colcon.colcon_core.verb:set package 'explorer_map_utils' build argument 'catkin_cmake_args' from command line to 'None'
[0.220s] Level 5:colcon.colcon_core.verb:set package 'explorer_map_utils' build argument 'catkin_skip_building_tests' from command line to 'False'
[0.220s] DEBUG:colcon.colcon_core.verb:Building package 'explorer_map_utils' with the following arguments: {'ament_cmake_args': None, 'build_base': '/home/rithwik/ros2_workspace2/build/explorer_map_utils', 'catkin_cmake_args': None, 'catkin_skip_building_tests': False, 'cmake_args': None, 'cmake_clean_cache': False, 'cmake_clean_first': False, 'cmake_force_configure': False, 'cmake_target': None, 'cmake_target_skip_unavailable': False, 'install_base': '/home/rithwik/ros2_workspace2/install/explorer_map_utils', 'merge_install': False, 'path': '/home/rithwik/ros2_workspace2/src/ros2_explorer/explorer_map_utils', 'symlink_install': False, 'test_result_base': None}
[0.220s] Level 5:colcon.colcon_core.verb:set package 'explorer_wanderer' build argument 'cmake_args' from command line to 'None'
[0.221s] Level 5:colcon.colcon_core.verb:set package 'explorer_wanderer' build argument 'cmake_target' from command line to 'None'
[0.221s] Level 5:colcon.colcon_core.verb:set package 'explorer_wanderer' build argument 'cmake_target_skip_unavailable' from command line to 'False'
[0.221s] Level 5:colcon.colcon_core.verb:set package 'explorer_wanderer' build argument 'cmake_clean_cache' from command line to 'False'
[0.221s] Level 5:colcon.colcon_core.verb:set package 'explorer_wanderer' build argument 'cmake_clean_first' from command line to 'False'
[0.221s] Level 5:colcon.colcon_core.verb:set package 'explorer_wanderer' build argument 'cmake_force_configure' from command line to 'False'
[0.221s] Level 5:colcon.colcon_core.verb:set package 'explorer_wanderer' build argument 'ament_cmake_args' from command line to 'None'
[0.221s] Level 5:colcon.colcon_core.verb:set package 'explorer_wanderer' build argument 'catkin_cmake_args' from command line to 'None'
[0.221s] Level 5:colcon.colcon_core.verb:set package 'explorer_wanderer' build argument 'catkin_skip_building_tests' from command line to 'False'
[0.221s] DEBUG:colcon.colcon_core.verb:Building package 'explorer_wanderer' with the following arguments: {'ament_cmake_args': None, 'build_base': '/home/rithwik/ros2_workspace2/build/explorer_wanderer', 'catkin_cmake_args': None, 'catkin_skip_building_tests': False, 'cmake_args': None, 'cmake_clean_cache': False, 'cmake_clean_first': False, 'cmake_force_configure': False, 'cmake_target': None, 'cmake_target_skip_unavailable': False, 'install_base': '/home/rithwik/ros2_workspace2/install/explorer_wanderer', 'merge_install': False, 'path': '/home/rithwik/ros2_workspace2/src/ros2_explorer/explorer_wanderer', 'symlink_install': False, 'test_result_base': None}
[0.221s] Level 5:colcon.colcon_core.verb:set package 'rover' build argument 'cmake_args' from command line to 'None'
[0.221s] Level 5:colcon.colcon_core.verb:set package 'rover' build argument 'cmake_target' from command line to 'None'
[0.221s] Level 5:colcon.colcon_core.verb:set package 'rover' build argument 'cmake_target_skip_unavailable' from command line to 'False'
[0.221s] Level 5:colcon.colcon_core.verb:set package 'rover' build argument 'cmake_clean_cache' from command line to 'False'
[0.221s] Level 5:colcon.colcon_core.verb:set package 'rover' build argument 'cmake_clean_first' from command line to 'False'
[0.221s] Level 5:colcon.colcon_core.verb:set package 'rover' build argument 'cmake_force_configure' from command line to 'False'
[0.221s] Level 5:colcon.colcon_core.verb:set package 'rover' build argument 'ament_cmake_args' from command line to 'None'
[0.221s] Level 5:colcon.colcon_core.verb:set package 'rover' build argument 'catkin_cmake_args' from command line to 'None'
[0.221s] Level 5:colcon.colcon_core.verb:set package 'rover' build argument 'catkin_skip_building_tests' from command line to 'False'
[0.221s] DEBUG:colcon.colcon_core.verb:Building package 'rover' with the following arguments: {'ament_cmake_args': None, 'build_base': '/home/rithwik/ros2_workspace2/build/rover', 'catkin_cmake_args': None, 'catkin_skip_building_tests': False, 'cmake_args': None, 'cmake_clean_cache': False, 'cmake_clean_first': False, 'cmake_force_configure': False, 'cmake_target': None, 'cmake_target_skip_unavailable': False, 'install_base': '/home/rithwik/ros2_workspace2/install/rover', 'merge_install': False, 'path': '/home/rithwik/ros2_workspace2/src/rover', 'symlink_install': False, 'test_result_base': None}
[0.221s] INFO:colcon.colcon_core.executor:Executing jobs using 'parallel' executor
[0.221s] DEBUG:colcon.colcon_parallel_executor.executor.parallel:run_until_complete
[0.222s] INFO:colcon.colcon_ros.task.ament_python.build:Building ROS package in '/home/rithwik/ros2_workspace2/src/ros2_explorer/explorer_bringup' with build type 'ament_python'
[0.222s] Level 1:colcon.colcon_core.shell:create_environment_hook('explorer_bringup', 'ament_prefix_path')
[0.223s] INFO:colcon.colcon_core.plugin_system:Skipping extension 'colcon_core.shell.bat': Not used on non-Windows systems
[0.223s] INFO:colcon.colcon_core.shell:Creating environment hook '/home/rithwik/ros2_workspace2/install/explorer_bringup/share/explorer_bringup/hook/ament_prefix_path.ps1'
[0.224s] INFO:colcon.colcon_core.shell:Creating environment descriptor '/home/rithwik/ros2_workspace2/install/explorer_bringup/share/explorer_bringup/hook/ament_prefix_path.dsv'
[0.224s] INFO:colcon.colcon_core.shell:Creating environment hook '/home/rithwik/ros2_workspace2/install/explorer_bringup/share/explorer_bringup/hook/ament_prefix_path.sh'
[0.224s] INFO:colcon.colcon_core.shell:Skip shell extension 'powershell' for command environment: Not usable outside of PowerShell
[0.224s] DEBUG:colcon.colcon_core.shell:Skip shell extension 'dsv' for command environment
[0.226s] INFO:colcon.colcon_ros.task.ament_cmake.build:Building ROS package in '/home/rithwik/ros2_workspace2/src/ros2_explorer/explorer_cartographer' with build type 'ament_cmake'
[0.226s] INFO:colcon.colcon_cmake.task.cmake.build:Building CMake package in '/home/rithwik/ros2_workspace2/src/ros2_explorer/explorer_cartographer'
[0.226s] INFO:colcon.colcon_core.shell:Skip shell extension 'powershell' for command environment: Not usable outside of PowerShell
[0.226s] DEBUG:colcon.colcon_core.shell:Skip shell extension 'dsv' for command environment
[0.227s] INFO:colcon.colcon_ros.task.ament_cmake.build:Building ROS package in '/home/rithwik/ros2_workspace2/src/ros2_explorer/explorer_gazebo' with build type 'ament_cmake'
[0.227s] INFO:colcon.colcon_cmake.task.cmake.build:Building CMake package in '/home/rithwik/ros2_workspace2/src/ros2_explorer/explorer_gazebo'
[0.227s] INFO:colcon.colcon_core.shell:Skip shell extension 'powershell' for command environment: Not usable outside of PowerShell
[0.227s] DEBUG:colcon.colcon_core.shell:Skip shell extension 'dsv' for command environment
[0.229s] INFO:colcon.colcon_ros.task.ament_cmake.build:Building ROS package in '/home/rithwik/ros2_workspace2/src/ros2_explorer/explorer_interfaces' with build type 'ament_cmake'
[0.229s] INFO:colcon.colcon_cmake.task.cmake.build:Building CMake package in '/home/rithwik/ros2_workspace2/src/ros2_explorer/explorer_interfaces'
[0.229s] INFO:colcon.colcon_core.shell:Skip shell extension 'powershell' for command environment: Not usable outside of PowerShell
[0.229s] DEBUG:colcon.colcon_core.shell:Skip shell extension 'dsv' for command environment
[0.230s] INFO:colcon.colcon_ros.task.ament_python.build:Building ROS package in '/home/rithwik/ros2_workspace2/src/ros2_explorer/explorer_map_utils' with build type 'ament_python'
[0.230s] Level 1:colcon.colcon_core.shell:create_environment_hook('explorer_map_utils', 'ament_prefix_path')
[0.230s] INFO:colcon.colcon_core.shell:Creating environment hook '/home/rithwik/ros2_workspace2/install/explorer_map_utils/share/explorer_map_utils/hook/ament_prefix_path.ps1'
[0.231s] INFO:colcon.colcon_core.shell:Creating environment descriptor '/home/rithwik/ros2_workspace2/install/explorer_map_utils/share/explorer_map_utils/hook/ament_prefix_path.dsv'
[0.231s] INFO:colcon.colcon_core.shell:Creating environment hook '/home/rithwik/ros2_workspace2/install/explorer_map_utils/share/explorer_map_utils/hook/ament_prefix_path.sh'
[0.231s] INFO:colcon.colcon_core.shell:Skip shell extension 'powershell' for command environment: Not usable outside of PowerShell
[0.231s] DEBUG:colcon.colcon_core.shell:Skip shell extension 'dsv' for command environment
[0.232s] INFO:colcon.colcon_ros.task.ament_python.build:Building ROS package in '/home/rithwik/ros2_workspace2/src/ros2_explorer/explorer_wanderer' with build type 'ament_python'
[0.232s] Level 1:colcon.colcon_core.shell:create_environment_hook('explorer_wanderer', 'ament_prefix_path')
[0.232s] INFO:colcon.colcon_core.shell:Creating environment hook '/home/rithwik/ros2_workspace2/install/explorer_wanderer/share/explorer_wanderer/hook/ament_prefix_path.ps1'
[0.233s] INFO:colcon.colcon_core.shell:Creating environment descriptor '/home/rithwik/ros2_workspace2/install/explorer_wanderer/share/explorer_wanderer/hook/ament_prefix_path.dsv'
[0.233s] INFO:colcon.colcon_core.shell:Creating environment hook '/home/rithwik/ros2_workspace2/install/explorer_wanderer/share/explorer_wanderer/hook/ament_prefix_path.sh'
[0.233s] INFO:colcon.colcon_core.shell:Skip shell extension 'powershell' for command environment: Not usable outside of PowerShell
[0.233s] DEBUG:colcon.colcon_core.shell:Skip shell extension 'dsv' for command environment
[0.234s] INFO:colcon.colcon_ros.task.ament_python.build:Building ROS package in '/home/rithwik/ros2_workspace2/src/rover' with build type 'ament_python'
[0.234s] Level 1:colcon.colcon_core.shell:create_environment_hook('rover', 'ament_prefix_path')
[0.234s] INFO:colcon.colcon_core.shell:Creating environment hook '/home/rithwik/ros2_workspace2/install/rover/share/rover/hook/ament_prefix_path.ps1'
[0.235s] INFO:colcon.colcon_core.shell:Creating environment descriptor '/home/rithwik/ros2_workspace2/install/rover/share/rover/hook/ament_prefix_path.dsv'
[0.235s] INFO:colcon.colcon_core.shell:Creating environment hook '/home/rithwik/ros2_workspace2/install/rover/share/rover/hook/ament_prefix_path.sh'
[0.235s] INFO:colcon.colcon_core.shell:Skip shell extension 'powershell' for command environment: Not usable outside of PowerShell
[0.235s] DEBUG:colcon.colcon_core.shell:Skip shell extension 'dsv' for command environment
[0.343s] INFO:colcon.colcon_core.task.python.build:Building Python package in '/home/rithwik/ros2_workspace2/src/ros2_explorer/explorer_bringup'
[0.344s] INFO:colcon.colcon_core.shell:Skip shell extension 'powershell' for command environment: Not usable outside of PowerShell
[0.344s] DEBUG:colcon.colcon_core.shell:Skip shell extension 'dsv' for command environment
[0.348s] DEBUG:colcon.colcon_core.event_handler.log_command:Invoking command in '/home/rithwik/ros2_workspace2/build/explorer_cartographer': CMAKE_PREFIX_PATH=/opt/ros/humble /usr/bin/cmake --build /home/rithwik/ros2_workspace2/build/explorer_cartographer -- -j32 -l32
[0.350s] DEBUG:colcon.colcon_core.event_handler.log_command:Invoking command in '/home/rithwik/ros2_workspace2/build/explorer_gazebo': CMAKE_PREFIX_PATH=/opt/ros/humble /usr/bin/cmake --build /home/rithwik/ros2_workspace2/build/explorer_gazebo -- -j32 -l32
[0.351s] DEBUG:colcon.colcon_core.event_handler.log_command:Invoking command in '/home/rithwik/ros2_workspace2/build/explorer_interfaces': CMAKE_PREFIX_PATH=/opt/ros/humble /usr/bin/cmake --build /home/rithwik/ros2_workspace2/build/explorer_interfaces -- -j32 -l32
[0.466s] INFO:colcon.colcon_core.task.python.build:Building Python package in '/home/rithwik/ros2_workspace2/src/ros2_explorer/explorer_map_utils'
[0.466s] INFO:colcon.colcon_core.shell:Skip shell extension 'powershell' for command environment: Not usable outside of PowerShell
[0.466s] DEBUG:colcon.colcon_core.shell:Skip shell extension 'dsv' for command environment
[0.578s] INFO:colcon.colcon_core.task.python.build:Building Python package in '/home/rithwik/ros2_workspace2/src/ros2_explorer/explorer_wanderer'
[0.578s] INFO:colcon.colcon_core.shell:Skip shell extension 'powershell' for command environment: Not usable outside of PowerShell
[0.578s] DEBUG:colcon.colcon_core.shell:Skip shell extension 'dsv' for command environment
[0.692s] INFO:colcon.colcon_core.task.python.build:Building Python package in '/home/rithwik/ros2_workspace2/src/rover'
[0.693s] INFO:colcon.colcon_core.shell:Skip shell extension 'powershell' for command environment: Not usable outside of PowerShell
[0.693s] DEBUG:colcon.colcon_core.shell:Skip shell extension 'dsv' for command environment
[0.695s] DEBUG:colcon.colcon_core.event_handler.log_command:Invoked command in '/home/rithwik/ros2_workspace2/build/explorer_gazebo' returned '0': CMAKE_PREFIX_PATH=/opt/ros/humble /usr/bin/cmake --build /home/rithwik/ros2_workspace2/build/explorer_gazebo -- -j32 -l32
[0.700s] DEBUG:colcon.colcon_core.event_handler.log_command:Invoking command in '/home/rithwik/ros2_workspace2/build/explorer_gazebo': CMAKE_PREFIX_PATH=/opt/ros/humble /usr/bin/cmake --install /home/rithwik/ros2_workspace2/build/explorer_gazebo
[0.700s] DEBUG:colcon.colcon_core.event_handler.log_command:Invoked command in '/home/rithwik/ros2_workspace2/build/explorer_interfaces' returned '0': CMAKE_PREFIX_PATH=/opt/ros/humble /usr/bin/cmake --build /home/rithwik/ros2_workspace2/build/explorer_interfaces -- -j32 -l32
[0.701s] DEBUG:colcon.colcon_core.event_handler.log_command:Invoking command in '/home/rithwik/ros2_workspace2/build/explorer_interfaces': CMAKE_PREFIX_PATH=/opt/ros/humble /usr/bin/cmake --install /home/rithwik/ros2_workspace2/build/explorer_interfaces
[0.702s] DEBUG:colcon.colcon_core.event_handler.log_command:Invoked command in '/home/rithwik/ros2_workspace2/build/explorer_cartographer' returned '0': CMAKE_PREFIX_PATH=/opt/ros/humble /usr/bin/cmake --build /home/rithwik/ros2_workspace2/build/explorer_cartographer -- -j32 -l32
[0.702s] DEBUG:colcon.colcon_core.event_handler.log_command:Invoking command in '/home/rithwik/ros2_workspace2/build/explorer_cartographer': CMAKE_PREFIX_PATH=/opt/ros/humble /usr/bin/cmake --install /home/rithwik/ros2_workspace2/build/explorer_cartographer
[0.715s] Level 1:colcon.colcon_core.environment:create_environment_scripts_only(explorer_gazebo)
[0.715s] DEBUG:colcon.colcon_core.event_handler.log_command:Invoked command in '/home/rithwik/ros2_workspace2/build/explorer_gazebo' returned '0': CMAKE_PREFIX_PATH=/opt/ros/humble /usr/bin/cmake --install /home/rithwik/ros2_workspace2/build/explorer_gazebo
[0.718s] Level 1:colcon.colcon_core.environment:checking '/home/rithwik/ros2_workspace2/install/explorer_gazebo' for CMake module files
[0.718s] Level 1:colcon.colcon_core.environment:checking '/home/rithwik/ros2_workspace2/install/explorer_gazebo' for CMake config files
[0.718s] Level 1:colcon.colcon_core.shell:create_environment_hook('explorer_gazebo', 'cmake_prefix_path')
[0.719s] INFO:colcon.colcon_core.shell:Creating environment hook '/home/rithwik/ros2_workspace2/install/explorer_gazebo/share/explorer_gazebo/hook/cmake_prefix_path.ps1'
[0.719s] INFO:colcon.colcon_core.shell:Creating environment descriptor '/home/rithwik/ros2_workspace2/install/explorer_gazebo/share/explorer_gazebo/hook/cmake_prefix_path.dsv'
[0.719s] INFO:colcon.colcon_core.shell:Creating environment hook '/home/rithwik/ros2_workspace2/install/explorer_gazebo/share/explorer_gazebo/hook/cmake_prefix_path.sh'
[0.720s] Level 1:colcon.colcon_core.environment:checking '/home/rithwik/ros2_workspace2/install/explorer_gazebo/bin'
[0.720s] Level 1:colcon.colcon_core.environment:checking '/home/rithwik/ros2_workspace2/install/explorer_gazebo/lib/pkgconfig/explorer_gazebo.pc'
[0.720s] Level 1:colcon.colcon_core.environment:checking '/home/rithwik/ros2_workspace2/install/explorer_gazebo/lib/python3.10/site-packages'
[0.720s] Level 1:colcon.colcon_core.environment:checking '/home/rithwik/ros2_workspace2/install/explorer_gazebo/bin'
[0.720s] INFO:colcon.colcon_core.shell:Creating package script '/home/rithwik/ros2_workspace2/install/explorer_gazebo/share/explorer_gazebo/package.ps1'
[0.721s] INFO:colcon.colcon_core.shell:Creating package descriptor '/home/rithwik/ros2_workspace2/install/explorer_gazebo/share/explorer_gazebo/package.dsv'
[0.722s] INFO:colcon.colcon_core.shell:Creating package script '/home/rithwik/ros2_workspace2/install/explorer_gazebo/share/explorer_gazebo/package.sh'
[0.722s] INFO:colcon.colcon_core.shell:Creating package script '/home/rithwik/ros2_workspace2/install/explorer_gazebo/share/explorer_gazebo/package.bash'
[0.723s] INFO:colcon.colcon_core.shell:Creating package script '/home/rithwik/ros2_workspace2/install/explorer_gazebo/share/explorer_gazebo/package.zsh'
[0.723s] Level 1:colcon.colcon_core.environment:create_file_with_runtime_dependencies(/home/rithwik/ros2_workspace2/install/explorer_gazebo/share/colcon-core/packages/explorer_gazebo)
[0.724s] Level 1:colcon.colcon_core.environment:create_environment_scripts_only(explorer_gazebo)
[0.724s] Level 1:colcon.colcon_core.environment:checking '/home/rithwik/ros2_workspace2/install/explorer_gazebo' for CMake module files
[0.725s] Level 1:colcon.colcon_core.environment:checking '/home/rithwik/ros2_workspace2/install/explorer_gazebo' for CMake config files
[0.725s] Level 1:colcon.colcon_core.shell:create_environment_hook('explorer_gazebo', 'cmake_prefix_path')
[0.725s] INFO:colcon.colcon_core.shell:Creating environment hook '/home/rithwik/ros2_workspace2/install/explorer_gazebo/share/explorer_gazebo/hook/cmake_prefix_path.ps1'
[0.725s] INFO:colcon.colcon_core.shell:Creating environment descriptor '/home/rithwik/ros2_workspace2/install/explorer_gazebo/share/explorer_gazebo/hook/cmake_prefix_path.dsv'
[0.726s] INFO:colcon.colcon_core.shell:Creating environment hook '/home/rithwik/ros2_workspace2/install/explorer_gazebo/share/explorer_gazebo/hook/cmake_prefix_path.sh'
[0.726s] Level 1:colcon.colcon_core.environment:checking '/home/rithwik/ros2_workspace2/install/explorer_gazebo/bin'
[0.726s] Level 1:colcon.colcon_core.environment:checking '/home/rithwik/ros2_workspace2/install/explorer_gazebo/lib/pkgconfig/explorer_gazebo.pc'
[0.726s] Level 1:colcon.colcon_core.environment:checking '/home/rithwik/ros2_workspace2/install/explorer_gazebo/lib/python3.10/site-packages'
[0.727s] Level 1:colcon.colcon_core.environment:checking '/home/rithwik/ros2_workspace2/install/explorer_gazebo/bin'
[0.727s] INFO:colcon.colcon_core.shell:Creating package script '/home/rithwik/ros2_workspace2/install/explorer_gazebo/share/explorer_gazebo/package.ps1'
[0.727s] INFO:colcon.colcon_core.shell:Creating package descriptor '/home/rithwik/ros2_workspace2/install/explorer_gazebo/share/explorer_gazebo/package.dsv'
[0.727s] INFO:colcon.colcon_core.shell:Creating package script '/home/rithwik/ros2_workspace2/install/explorer_gazebo/share/explorer_gazebo/package.sh'
[0.728s] INFO:colcon.colcon_core.shell:Creating package script '/home/rithwik/ros2_workspace2/install/explorer_gazebo/share/explorer_gazebo/package.bash'
[0.728s] INFO:colcon.colcon_core.shell:Creating package script '/home/rithwik/ros2_workspace2/install/explorer_gazebo/share/explorer_gazebo/package.zsh'
[0.728s] Level 1:colcon.colcon_core.environment:create_file_with_runtime_dependencies(/home/rithwik/ros2_workspace2/install/explorer_gazebo/share/colcon-core/packages/explorer_gazebo)
[0.728s] Level 1:colcon.colcon_core.environment:create_environment_scripts_only(explorer_cartographer)
[0.728s] Level 1:colcon.colcon_core.environment:checking '/home/rithwik/ros2_workspace2/install/explorer_cartographer' for CMake module files
[0.729s] Level 1:colcon.colcon_core.environment:checking '/home/rithwik/ros2_workspace2/install/explorer_cartographer' for CMake config files
[0.730s] Level 1:colcon.colcon_core.shell:create_environment_hook('explorer_cartographer', 'cmake_prefix_path')
[0.730s] INFO:colcon.colcon_core.shell:Creating environment hook '/home/rithwik/ros2_workspace2/install/explorer_cartographer/share/explorer_cartographer/hook/cmake_prefix_path.ps1'
[0.730s] INFO:colcon.colcon_core.shell:Creating environment descriptor '/home/rithwik/ros2_workspace2/install/explorer_cartographer/share/explorer_cartographer/hook/cmake_prefix_path.dsv'
[0.731s] DEBUG:colcon.colcon_core.event_handler.log_command:Invoked command in '/home/rithwik/ros2_workspace2/build/explorer_cartographer' returned '0': CMAKE_PREFIX_PATH=/opt/ros/humble /usr/bin/cmake --install /home/rithwik/ros2_workspace2/build/explorer_cartographer
[0.731s] INFO:colcon.colcon_core.shell:Creating environment hook '/home/rithwik/ros2_workspace2/install/explorer_cartographer/share/explorer_cartographer/hook/cmake_prefix_path.sh'
[0.732s] Level 1:colcon.colcon_core.environment:checking '/home/rithwik/ros2_workspace2/install/explorer_cartographer/bin'
[0.732s] Level 1:colcon.colcon_core.environment:checking '/home/rithwik/ros2_workspace2/install/explorer_cartographer/lib/pkgconfig/explorer_cartographer.pc'
[0.732s] Level 1:colcon.colcon_core.environment:checking '/home/rithwik/ros2_workspace2/install/explorer_cartographer/lib/python3.10/site-packages'
[0.733s] Level 1:colcon.colcon_core.environment:checking '/home/rithwik/ros2_workspace2/install/explorer_cartographer/bin'
[0.733s] INFO:colcon.colcon_core.shell:Creating package script '/home/rithwik/ros2_workspace2/install/explorer_cartographer/share/explorer_cartographer/package.ps1'
[0.733s] INFO:colcon.colcon_core.shell:Creating package descriptor '/home/rithwik/ros2_workspace2/install/explorer_cartographer/share/explorer_cartographer/package.dsv'
[0.733s] INFO:colcon.colcon_core.shell:Creating package script '/home/rithwik/ros2_workspace2/install/explorer_cartographer/share/explorer_cartographer/package.sh'
[0.733s] INFO:colcon.colcon_core.shell:Creating package script '/home/rithwik/ros2_workspace2/install/explorer_cartographer/share/explorer_cartographer/package.bash'
[0.733s] INFO:colcon.colcon_core.shell:Creating package script '/home/rithwik/ros2_workspace2/install/explorer_cartographer/share/explorer_cartographer/package.zsh'
[0.733s] Level 1:colcon.colcon_core.environment:create_file_with_runtime_dependencies(/home/rithwik/ros2_workspace2/install/explorer_cartographer/share/colcon-core/packages/explorer_cartographer)
[0.734s] Level 1:colcon.colcon_core.environment:create_environment_scripts_only(explorer_cartographer)
[0.734s] Level 1:colcon.colcon_core.environment:checking '/home/rithwik/ros2_workspace2/install/explorer_cartographer' for CMake module files
[0.734s] Level 1:colcon.colcon_core.environment:checking '/home/rithwik/ros2_workspace2/install/explorer_cartographer' for CMake config files
[0.734s] Level 1:colcon.colcon_core.shell:create_environment_hook('explorer_cartographer', 'cmake_prefix_path')
[0.734s] INFO:colcon.colcon_core.shell:Creating environment hook '/home/rithwik/ros2_workspace2/install/explorer_cartographer/share/explorer_cartographer/hook/cmake_prefix_path.ps1'
[0.734s] INFO:colcon.colcon_core.shell:Creating environment descriptor '/home/rithwik/ros2_workspace2/install/explorer_cartographer/share/explorer_cartographer/hook/cmake_prefix_path.dsv'
[0.734s] INFO:colcon.colcon_core.shell:Creating environment hook '/home/rithwik/ros2_workspace2/install/explorer_cartographer/share/explorer_cartographer/hook/cmake_prefix_path.sh'
[0.735s] Level 1:colcon.colcon_core.environment:checking '/home/rithwik/ros2_workspace2/install/explorer_cartographer/bin'
[0.735s] Level 1:colcon.colcon_core.environment:checking '/home/rithwik/ros2_workspace2/install/explorer_cartographer/lib/pkgconfig/explorer_cartographer.pc'
[0.735s] Level 1:colcon.colcon_core.environment:checking '/home/rithwik/ros2_workspace2/install/explorer_cartographer/lib/python3.10/site-packages'
[0.735s] Level 1:colcon.colcon_core.environment:checking '/home/rithwik/ros2_workspace2/install/explorer_cartographer/bin'
[0.735s] INFO:colcon.colcon_core.shell:Creating package script '/home/rithwik/ros2_workspace2/install/explorer_cartographer/share/explorer_cartographer/package.ps1'
[0.735s] INFO:colcon.colcon_core.shell:Creating package descriptor '/home/rithwik/ros2_workspace2/install/explorer_cartographer/share/explorer_cartographer/package.dsv'
[0.735s] INFO:colcon.colcon_core.shell:Creating package script '/home/rithwik/ros2_workspace2/install/explorer_cartographer/share/explorer_cartographer/package.sh'
[0.736s] INFO:colcon.colcon_core.shell:Creating package script '/home/rithwik/ros2_workspace2/install/explorer_cartographer/share/explorer_cartographer/package.bash'
[0.736s] INFO:colcon.colcon_core.shell:Creating package script '/home/rithwik/ros2_workspace2/install/explorer_cartographer/share/explorer_cartographer/package.zsh'
[0.736s] Level 1:colcon.colcon_core.environment:create_file_with_runtime_dependencies(/home/rithwik/ros2_workspace2/install/explorer_cartographer/share/colcon-core/packages/explorer_cartographer)
[0.736s] Level 1:colcon.colcon_core.environment:create_environment_scripts_only(explorer_interfaces)
[0.737s] Level 1:colcon.colcon_core.environment:checking '/home/rithwik/ros2_workspace2/install/explorer_interfaces' for CMake module files
[0.737s] DEBUG:colcon.colcon_core.event_handler.log_command:Invoked command in '/home/rithwik/ros2_workspace2/build/explorer_interfaces' returned '0': CMAKE_PREFIX_PATH=/opt/ros/humble /usr/bin/cmake --install /home/rithwik/ros2_workspace2/build/explorer_interfaces
[0.737s] Level 1:colcon.colcon_core.environment:checking '/home/rithwik/ros2_workspace2/install/explorer_interfaces' for CMake config files
[0.738s] Level 1:colcon.colcon_core.shell:create_environment_hook('explorer_interfaces', 'cmake_prefix_path')
[0.738s] INFO:colcon.colcon_core.shell:Creating environment hook '/home/rithwik/ros2_workspace2/install/explorer_interfaces/share/explorer_interfaces/hook/cmake_prefix_path.ps1'
[0.738s] INFO:colcon.colcon_core.shell:Creating environment descriptor '/home/rithwik/ros2_workspace2/install/explorer_interfaces/share/explorer_interfaces/hook/cmake_prefix_path.dsv'
[0.739s] INFO:colcon.colcon_core.shell:Creating environment hook '/home/rithwik/ros2_workspace2/install/explorer_interfaces/share/explorer_interfaces/hook/cmake_prefix_path.sh'
[0.739s] Level 1:colcon.colcon_core.environment:checking '/home/rithwik/ros2_workspace2/install/explorer_interfaces/lib'
[0.739s] Level 1:colcon.colcon_core.shell:create_environment_hook('explorer_interfaces', 'ld_library_path_lib')
[0.739s] INFO:colcon.colcon_core.shell:Creating environment hook '/home/rithwik/ros2_workspace2/install/explorer_interfaces/share/explorer_interfaces/hook/ld_library_path_lib.ps1'
[0.740s] INFO:colcon.colcon_core.shell:Creating environment descriptor '/home/rithwik/ros2_workspace2/install/explorer_interfaces/share/explorer_interfaces/hook/ld_library_path_lib.dsv'
[0.740s] INFO:colcon.colcon_core.shell:Creating environment hook '/home/rithwik/ros2_workspace2/install/explorer_interfaces/share/explorer_interfaces/hook/ld_library_path_lib.sh'
[0.740s] Level 1:colcon.colcon_core.environment:checking '/home/rithwik/ros2_workspace2/install/explorer_interfaces/bin'
[0.740s] Level 1:colcon.colcon_core.environment:checking '/home/rithwik/ros2_workspace2/install/explorer_interfaces/lib/pkgconfig/explorer_interfaces.pc'
[0.741s] Level 1:colcon.colcon_core.environment:checking '/home/rithwik/ros2_workspace2/install/explorer_interfaces/lib/python3.10/site-packages'
[0.741s] Level 1:colcon.colcon_core.environment:checking '/home/rithwik/ros2_workspace2/install/explorer_interfaces/bin'
[0.741s] INFO:colcon.colcon_core.shell:Creating package script '/home/rithwik/ros2_workspace2/install/explorer_interfaces/share/explorer_interfaces/package.ps1'
[0.741s] INFO:colcon.colcon_core.shell:Creating package descriptor '/home/rithwik/ros2_workspace2/install/explorer_interfaces/share/explorer_interfaces/package.dsv'
[0.742s] INFO:colcon.colcon_core.shell:Creating package script '/home/rithwik/ros2_workspace2/install/explorer_interfaces/share/explorer_interfaces/package.sh'
[0.742s] INFO:colcon.colcon_core.shell:Creating package script '/home/rithwik/ros2_workspace2/install/explorer_interfaces/share/explorer_interfaces/package.bash'
[0.742s] INFO:colcon.colcon_core.shell:Creating package script '/home/rithwik/ros2_workspace2/install/explorer_interfaces/share/explorer_interfaces/package.zsh'
[0.743s] Level 1:colcon.colcon_core.environment:create_file_with_runtime_dependencies(/home/rithwik/ros2_workspace2/install/explorer_interfaces/share/colcon-core/packages/explorer_interfaces)
[0.743s] Level 1:colcon.colcon_core.environment:create_environment_scripts_only(explorer_interfaces)
[0.743s] Level 1:colcon.colcon_core.environment:checking '/home/rithwik/ros2_workspace2/install/explorer_interfaces' for CMake module files
[0.744s] Level 1:colcon.colcon_core.environment:checking '/home/rithwik/ros2_workspace2/install/explorer_interfaces' for CMake config files
[0.744s] Level 1:colcon.colcon_core.shell:create_environment_hook('explorer_interfaces', 'cmake_prefix_path')
[0.744s] INFO:colcon.colcon_core.shell:Creating environment hook '/home/rithwik/ros2_workspace2/install/explorer_interfaces/share/explorer_interfaces/hook/cmake_prefix_path.ps1'
[0.744s] INFO:colcon.colcon_core.shell:Creating environment descriptor '/home/rithwik/ros2_workspace2/install/explorer_interfaces/share/explorer_interfaces/hook/cmake_prefix_path.dsv'
[0.744s] INFO:colcon.colcon_core.shell:Creating environment hook '/home/rithwik/ros2_workspace2/install/explorer_interfaces/share/explorer_interfaces/hook/cmake_prefix_path.sh'
[0.745s] Level 1:colcon.colcon_core.environment:checking '/home/rithwik/ros2_workspace2/install/explorer_interfaces/lib'
[0.745s] Level 1:colcon.colcon_core.shell:create_environment_hook('explorer_interfaces', 'ld_library_path_lib')
[0.745s] INFO:colcon.colcon_core.shell:Creating environment hook '/home/rithwik/ros2_workspace2/install/explorer_interfaces/share/explorer_interfaces/hook/ld_library_path_lib.ps1'
[0.745s] INFO:colcon.colcon_core.shell:Creating environment descriptor '/home/rithwik/ros2_workspace2/install/explorer_interfaces/share/explorer_interfaces/hook/ld_library_path_lib.dsv'
[0.745s] INFO:colcon.colcon_core.shell:Creating environment hook '/home/rithwik/ros2_workspace2/install/explorer_interfaces/share/explorer_interfaces/hook/ld_library_path_lib.sh'
[0.745s] Level 1:colcon.colcon_core.environment:checking '/home/rithwik/ros2_workspace2/install/explorer_interfaces/bin'
[0.745s] Level 1:colcon.colcon_core.environment:checking '/home/rithwik/ros2_workspace2/install/explorer_interfaces/lib/pkgconfig/explorer_interfaces.pc'
[0.745s] Level 1:colcon.colcon_core.environment:checking '/home/rithwik/ros2_workspace2/install/explorer_interfaces/lib/python3.10/site-packages'
[0.745s] Level 1:colcon.colcon_core.environment:checking '/home/rithwik/ros2_workspace2/install/explorer_interfaces/bin'
[0.746s] INFO:colcon.colcon_core.shell:Creating package script '/home/rithwik/ros2_workspace2/install/explorer_interfaces/share/explorer_interfaces/package.ps1'
[0.746s] INFO:colcon.colcon_core.shell:Creating package descriptor '/home/rithwik/ros2_workspace2/install/explorer_interfaces/share/explorer_interfaces/package.dsv'
[0.746s] INFO:colcon.colcon_core.shell:Creating package script '/home/rithwik/ros2_workspace2/install/explorer_interfaces/share/explorer_interfaces/package.sh'
[0.746s] INFO:colcon.colcon_core.shell:Creating package script '/home/rithwik/ros2_workspace2/install/explorer_interfaces/share/explorer_interfaces/package.bash'
[0.746s] INFO:colcon.colcon_core.shell:Creating package script '/home/rithwik/ros2_workspace2/install/explorer_interfaces/share/explorer_interfaces/package.zsh'
[0.747s] Level 1:colcon.colcon_core.environment:create_file_with_runtime_dependencies(/home/rithwik/ros2_workspace2/install/explorer_interfaces/share/colcon-core/packages/explorer_interfaces)
[0.898s] DEBUG:colcon.colcon_core.event_handler.log_command:Invoking command in '/home/rithwik/ros2_workspace2/src/ros2_explorer/explorer_bringup': PYTHONPATH=/home/rithwik/ros2_workspace2/build/explorer_bringup/prefix_override:/usr/lib/python3/dist-packages/colcon_core/task/python/colcon_distutils_commands:/home/rithwik/ros2_workspace2/install/explorer_bringup/lib/python3.10/site-packages:${PYTHONPATH} /usr/bin/python3 -W ignore:setup.py install is deprecated -W ignore:easy_install command is deprecated setup.py egg_info --egg-base ../../../build/explorer_bringup build --build-base /home/rithwik/ros2_workspace2/build/explorer_bringup/build install --record /home/rithwik/ros2_workspace2/build/explorer_bringup/install.log --single-version-externally-managed install_data
[0.899s] DEBUG:colcon.colcon_core.event_handler.log_command:Invoking command in '/home/rithwik/ros2_workspace2/src/ros2_explorer/explorer_map_utils': PYTHONPATH=/home/rithwik/ros2_workspace2/build/explorer_map_utils/prefix_override:/usr/lib/python3/dist-packages/colcon_core/task/python/colcon_distutils_commands:/home/rithwik/ros2_workspace2/install/explorer_map_utils/lib/python3.10/site-packages:${PYTHONPATH} /usr/bin/python3 -W ignore:setup.py install is deprecated -W ignore:easy_install command is deprecated setup.py egg_info --egg-base ../../../build/explorer_map_utils build --build-base /home/rithwik/ros2_workspace2/build/explorer_map_utils/build install --record /home/rithwik/ros2_workspace2/build/explorer_map_utils/install.log --single-version-externally-managed install_data
[0.900s] DEBUG:colcon.colcon_core.event_handler.log_command:Invoking command in '/home/rithwik/ros2_workspace2/src/ros2_explorer/explorer_wanderer': PYTHONPATH=/home/rithwik/ros2_workspace2/build/explorer_wanderer/prefix_override:/usr/lib/python3/dist-packages/colcon_core/task/python/colcon_distutils_commands:/home/rithwik/ros2_workspace2/install/explorer_wanderer/lib/python3.10/site-packages:${PYTHONPATH} /usr/bin/python3 -W ignore:setup.py install is deprecated -W ignore:easy_install command is deprecated setup.py egg_info --egg-base ../../../build/explorer_wanderer build --build-base /home/rithwik/ros2_workspace2/build/explorer_wanderer/build install --record /home/rithwik/ros2_workspace2/build/explorer_wanderer/install.log --single-version-externally-managed install_data
[0.901s] DEBUG:colcon.colcon_core.event_handler.log_command:Invoking command in '/home/rithwik/ros2_workspace2/src/rover': PYTHONPATH=/home/rithwik/ros2_workspace2/build/rover/prefix_override:/usr/lib/python3/dist-packages/colcon_core/task/python/colcon_distutils_commands:/home/rithwik/ros2_workspace2/install/rover/lib/python3.10/site-packages:${PYTHONPATH} /usr/bin/python3 -W ignore:setup.py install is deprecated -W ignore:easy_install command is deprecated setup.py egg_info --egg-base ../../build/rover build --build-base /home/rithwik/ros2_workspace2/build/rover/build install --record /home/rithwik/ros2_workspace2/build/rover/install.log --single-version-externally-managed install_data
[1.050s] Level 1:colcon.colcon_core.environment:checking '/home/rithwik/ros2_workspace2/install/explorer_bringup' for CMake module files
[1.051s] DEBUG:colcon.colcon_core.event_handler.log_command:Invoked command in '/home/rithwik/ros2_workspace2/src/ros2_explorer/explorer_bringup' returned '0': PYTHONPATH=/home/rithwik/ros2_workspace2/build/explorer_bringup/prefix_override:/usr/lib/python3/dist-packages/colcon_core/task/python/colcon_distutils_commands:/home/rithwik/ros2_workspace2/install/explorer_bringup/lib/python3.10/site-packages:${PYTHONPATH} /usr/bin/python3 -W ignore:setup.py install is deprecated -W ignore:easy_install command is deprecated setup.py egg_info --egg-base ../../../build/explorer_bringup build --build-base /home/rithwik/ros2_workspace2/build/explorer_bringup/build install --record /home/rithwik/ros2_workspace2/build/explorer_bringup/install.log --single-version-externally-managed install_data
[1.051s] Level 1:colcon.colcon_core.environment:checking '/home/rithwik/ros2_workspace2/install/explorer_bringup' for CMake config files
[1.051s] Level 1:colcon.colcon_core.environment:checking '/home/rithwik/ros2_workspace2/install/explorer_bringup/lib'
[1.052s] Level 1:colcon.colcon_core.environment:checking '/home/rithwik/ros2_workspace2/install/explorer_bringup/bin'
[1.052s] Level 1:colcon.colcon_core.environment:checking '/home/rithwik/ros2_workspace2/install/explorer_bringup/lib/pkgconfig/explorer_bringup.pc'
[1.052s] Level 1:colcon.colcon_core.environment:checking '/home/rithwik/ros2_workspace2/install/explorer_bringup/lib/python3.10/site-packages'
[1.052s] Level 1:colcon.colcon_core.shell:create_environment_hook('explorer_bringup', 'pythonpath')
[1.052s] INFO:colcon.colcon_core.shell:Creating environment hook '/home/rithwik/ros2_workspace2/install/explorer_bringup/share/explorer_bringup/hook/pythonpath.ps1'
[1.052s] INFO:colcon.colcon_core.shell:Creating environment descriptor '/home/rithwik/ros2_workspace2/install/explorer_bringup/share/explorer_bringup/hook/pythonpath.dsv'
[1.052s] INFO:colcon.colcon_core.shell:Creating environment hook '/home/rithwik/ros2_workspace2/install/explorer_bringup/share/explorer_bringup/hook/pythonpath.sh'
[1.053s] Level 1:colcon.colcon_core.environment:checking '/home/rithwik/ros2_workspace2/install/explorer_bringup/bin'
[1.053s] Level 1:colcon.colcon_core.environment:create_environment_scripts_only(explorer_bringup)
[1.053s] INFO:colcon.colcon_core.shell:Creating package script '/home/rithwik/ros2_workspace2/install/explorer_bringup/share/explorer_bringup/package.ps1'
[1.053s] INFO:colcon.colcon_core.shell:Creating package descriptor '/home/rithwik/ros2_workspace2/install/explorer_bringup/share/explorer_bringup/package.dsv'
[1.054s] INFO:colcon.colcon_core.shell:Creating package script '/home/rithwik/ros2_workspace2/install/explorer_bringup/share/explorer_bringup/package.sh'
[1.054s] INFO:colcon.colcon_core.shell:Creating package script '/home/rithwik/ros2_workspace2/install/explorer_bringup/share/explorer_bringup/package.bash'
[1.054s] INFO:colcon.colcon_core.shell:Creating package script '/home/rithwik/ros2_workspace2/install/explorer_bringup/share/explorer_bringup/package.zsh'
[1.054s] Level 1:colcon.colcon_core.environment:create_file_with_runtime_dependencies(/home/rithwik/ros2_workspace2/install/explorer_bringup/share/colcon-core/packages/explorer_bringup)
[1.054s] Level 1:colcon.colcon_core.environment:checking '/home/rithwik/ros2_workspace2/install/explorer_map_utils' for CMake module files
[1.055s] DEBUG:colcon.colcon_core.event_handler.log_command:Invoked command in '/home/rithwik/ros2_workspace2/src/ros2_explorer/explorer_map_utils' returned '0': PYTHONPATH=/home/rithwik/ros2_workspace2/build/explorer_map_utils/prefix_override:/usr/lib/python3/dist-packages/colcon_core/task/python/colcon_distutils_commands:/home/rithwik/ros2_workspace2/install/explorer_map_utils/lib/python3.10/site-packages:${PYTHONPATH} /usr/bin/python3 -W ignore:setup.py install is deprecated -W ignore:easy_install command is deprecated setup.py egg_info --egg-base ../../../build/explorer_map_utils build --build-base /home/rithwik/ros2_workspace2/build/explorer_map_utils/build install --record /home/rithwik/ros2_workspace2/build/explorer_map_utils/install.log --single-version-externally-managed install_data
[1.055s] Level 1:colcon.colcon_core.environment:checking '/home/rithwik/ros2_workspace2/install/explorer_map_utils' for CMake config files
[1.055s] Level 1:colcon.colcon_core.environment:checking '/home/rithwik/ros2_workspace2/install/explorer_map_utils/lib'
[1.055s] Level 1:colcon.colcon_core.environment:checking '/home/rithwik/ros2_workspace2/install/explorer_map_utils/bin'
[1.055s] Level 1:colcon.colcon_core.environment:checking '/home/rithwik/ros2_workspace2/install/explorer_map_utils/lib/pkgconfig/explorer_map_utils.pc'
[1.056s] Level 1:colcon.colcon_core.environment:checking '/home/rithwik/ros2_workspace2/install/explorer_map_utils/lib/python3.10/site-packages'
[1.056s] Level 1:colcon.colcon_core.shell:create_environment_hook('explorer_map_utils', 'pythonpath')
[1.056s] INFO:colcon.colcon_core.shell:Creating environment hook '/home/rithwik/ros2_workspace2/install/explorer_map_utils/share/explorer_map_utils/hook/pythonpath.ps1'
[1.056s] INFO:colcon.colcon_core.shell:Creating environment descriptor '/home/rithwik/ros2_workspace2/install/explorer_map_utils/share/explorer_map_utils/hook/pythonpath.dsv'
[1.056s] INFO:colcon.colcon_core.shell:Creating environment hook '/home/rithwik/ros2_workspace2/install/explorer_map_utils/share/explorer_map_utils/hook/pythonpath.sh'
[1.056s] Level 1:colcon.colcon_core.environment:checking '/home/rithwik/ros2_workspace2/install/explorer_map_utils/bin'
[1.056s] Level 1:colcon.colcon_core.environment:create_environment_scripts_only(explorer_map_utils)
[1.057s] INFO:colcon.colcon_core.shell:Creating package script '/home/rithwik/ros2_workspace2/install/explorer_map_utils/share/explorer_map_utils/package.ps1'
[1.057s] INFO:colcon.colcon_core.shell:Creating package descriptor '/home/rithwik/ros2_workspace2/install/explorer_map_utils/share/explorer_map_utils/package.dsv'
[1.057s] INFO:colcon.colcon_core.shell:Creating package script '/home/rithwik/ros2_workspace2/install/explorer_map_utils/share/explorer_map_utils/package.sh'
[1.057s] INFO:colcon.colcon_core.shell:Creating package script '/home/rithwik/ros2_workspace2/install/explorer_map_utils/share/explorer_map_utils/package.bash'
[1.057s] INFO:colcon.colcon_core.shell:Creating package script '/home/rithwik/ros2_workspace2/install/explorer_map_utils/share/explorer_map_utils/package.zsh'
[1.057s] Level 1:colcon.colcon_core.environment:create_file_with_runtime_dependencies(/home/rithwik/ros2_workspace2/install/explorer_map_utils/share/colcon-core/packages/explorer_map_utils)
[1.058s] Level 1:colcon.colcon_core.environment:checking '/home/rithwik/ros2_workspace2/install/rover' for CMake module files
[1.059s] DEBUG:colcon.colcon_core.event_handler.log_command:Invoked command in '/home/rithwik/ros2_workspace2/src/rover' returned '0': PYTHONPATH=/home/rithwik/ros2_workspace2/build/rover/prefix_override:/usr/lib/python3/dist-packages/colcon_core/task/python/colcon_distutils_commands:/home/rithwik/ros2_workspace2/install/rover/lib/python3.10/site-packages:${PYTHONPATH} /usr/bin/python3 -W ignore:setup.py install is deprecated -W ignore:easy_install command is deprecated setup.py egg_info --egg-base ../../build/rover build --build-base /home/rithwik/ros2_workspace2/build/rover/build install --record /home/rithwik/ros2_workspace2/build/rover/install.log --single-version-externally-managed install_data
[1.059s] Level 1:colcon.colcon_core.environment:checking '/home/rithwik/ros2_workspace2/install/rover' for CMake config files
[1.059s] Level 1:colcon.colcon_core.environment:checking '/home/rithwik/ros2_workspace2/install/rover/lib'
[1.059s] Level 1:colcon.colcon_core.environment:checking '/home/rithwik/ros2_workspace2/install/rover/bin'
[1.059s] Level 1:colcon.colcon_core.environment:checking '/home/rithwik/ros2_workspace2/install/rover/lib/pkgconfig/rover.pc'
[1.059s] Level 1:colcon.colcon_core.environment:checking '/home/rithwik/ros2_workspace2/install/rover/lib/python3.10/site-packages'
[1.059s] Level 1:colcon.colcon_core.shell:create_environment_hook('rover', 'pythonpath')
[1.059s] INFO:colcon.colcon_core.shell:Creating environment hook '/home/rithwik/ros2_workspace2/install/rover/share/rover/hook/pythonpath.ps1'
[1.060s] INFO:colcon.colcon_core.shell:Creating environment descriptor '/home/rithwik/ros2_workspace2/install/rover/share/rover/hook/pythonpath.dsv'
[1.060s] INFO:colcon.colcon_core.shell:Creating environment hook '/home/rithwik/ros2_workspace2/install/rover/share/rover/hook/pythonpath.sh'
[1.060s] Level 1:colcon.colcon_core.environment:checking '/home/rithwik/ros2_workspace2/install/rover/bin'
[1.060s] Level 1:colcon.colcon_core.environment:create_environment_scripts_only(rover)
[1.060s] INFO:colcon.colcon_core.shell:Creating package script '/home/rithwik/ros2_workspace2/install/rover/share/rover/package.ps1'
[1.060s] INFO:colcon.colcon_core.shell:Creating package descriptor '/home/rithwik/ros2_workspace2/install/rover/share/rover/package.dsv'
[1.061s] INFO:colcon.colcon_core.shell:Creating package script '/home/rithwik/ros2_workspace2/install/rover/share/rover/package.sh'
[1.061s] INFO:colcon.colcon_core.shell:Creating package script '/home/rithwik/ros2_workspace2/install/rover/share/rover/package.bash'
[1.061s] INFO:colcon.colcon_core.shell:Creating package script '/home/rithwik/ros2_workspace2/install/rover/share/rover/package.zsh'
[1.061s] Level 1:colcon.colcon_core.environment:create_file_with_runtime_dependencies(/home/rithwik/ros2_workspace2/install/rover/share/colcon-core/packages/rover)
[1.061s] Level 1:colcon.colcon_core.environment:checking '/home/rithwik/ros2_workspace2/install/explorer_wanderer' for CMake module files
[1.062s] Level 1:colcon.colcon_core.environment:checking '/home/rithwik/ros2_workspace2/install/explorer_wanderer' for CMake config files
[1.062s] DEBUG:colcon.colcon_core.event_handler.log_command:Invoked command in '/home/rithwik/ros2_workspace2/src/ros2_explorer/explorer_wanderer' returned '0': PYTHONPATH=/home/rithwik/ros2_workspace2/build/explorer_wanderer/prefix_override:/usr/lib/python3/dist-packages/colcon_core/task/python/colcon_distutils_commands:/home/rithwik/ros2_workspace2/install/explorer_wanderer/lib/python3.10/site-packages:${PYTHONPATH} /usr/bin/python3 -W ignore:setup.py install is deprecated -W ignore:easy_install command is deprecated setup.py egg_info --egg-base ../../../build/explorer_wanderer build --build-base /home/rithwik/ros2_workspace2/build/explorer_wanderer/build install --record /home/rithwik/ros2_workspace2/build/explorer_wanderer/install.log --single-version-externally-managed install_data
[1.062s] Level 1:colcon.colcon_core.environment:checking '/home/rithwik/ros2_workspace2/install/explorer_wanderer/lib'
[1.062s] Level 1:colcon.colcon_core.environment:checking '/home/rithwik/ros2_workspace2/install/explorer_wanderer/bin'
[1.062s] Level 1:colcon.colcon_core.environment:checking '/home/rithwik/ros2_workspace2/install/explorer_wanderer/lib/pkgconfig/explorer_wanderer.pc'
[1.062s] Level 1:colcon.colcon_core.environment:checking '/home/rithwik/ros2_workspace2/install/explorer_wanderer/lib/python3.10/site-packages'
[1.062s] Level 1:colcon.colcon_core.shell:create_environment_hook('explorer_wanderer', 'pythonpath')
[1.062s] INFO:colcon.colcon_core.shell:Creating environment hook '/home/rithwik/ros2_workspace2/install/explorer_wanderer/share/explorer_wanderer/hook/pythonpath.ps1'
[1.063s] INFO:colcon.colcon_core.shell:Creating environment descriptor '/home/rithwik/ros2_workspace2/install/explorer_wanderer/share/explorer_wanderer/hook/pythonpath.dsv'
[1.063s] INFO:colcon.colcon_core.shell:Creating environment hook '/home/rithwik/ros2_workspace2/install/explorer_wanderer/share/explorer_wanderer/hook/pythonpath.sh'
[1.063s] Level 1:colcon.colcon_core.environment:checking '/home/rithwik/ros2_workspace2/install/explorer_wanderer/bin'
[1.063s] Level 1:colcon.colcon_core.environment:create_environment_scripts_only(explorer_wanderer)
[1.063s] INFO:colcon.colcon_core.shell:Creating package script '/home/rithwik/ros2_workspace2/install/explorer_wanderer/share/explorer_wanderer/package.ps1'
[1.063s] INFO:colcon.colcon_core.shell:Creating package descriptor '/home/rithwik/ros2_workspace2/install/explorer_wanderer/share/explorer_wanderer/package.dsv'
[1.064s] INFO:colcon.colcon_core.shell:Creating package script '/home/rithwik/ros2_workspace2/install/explorer_wanderer/share/explorer_wanderer/package.sh'
[1.064s] INFO:colcon.colcon_core.shell:Creating package script '/home/rithwik/ros2_workspace2/install/explorer_wanderer/share/explorer_wanderer/package.bash'
[1.064s] INFO:colcon.colcon_core.shell:Creating package script '/home/rithwik/ros2_workspace2/install/explorer_wanderer/share/explorer_wanderer/package.zsh'
[1.064s] Level 1:colcon.colcon_core.environment:create_file_with_runtime_dependencies(/home/rithwik/ros2_workspace2/install/explorer_wanderer/share/colcon-core/packages/explorer_wanderer)
[1.064s] DEBUG:colcon.colcon_parallel_executor.executor.parallel:closing loop
[1.064s] DEBUG:colcon.colcon_parallel_executor.executor.parallel:loop closed
[1.064s] DEBUG:colcon.colcon_parallel_executor.executor.parallel:run_until_complete finished with '0'
[1.064s] DEBUG:colcon.colcon_core.event_reactor:joining thread
[1.069s] INFO:colcon.colcon_core.plugin_system:Skipping extension 'colcon_notification.desktop_notification.terminal_notifier': Not used on non-Darwin systems
[1.069s] INFO:colcon.colcon_core.plugin_system:Skipping extension 'colcon_notification.desktop_notification.win32': Not used on non-Windows systems
[1.069s] INFO:colcon.colcon_notification.desktop_notification:Sending desktop notification using 'notify2'
[1.093s] DEBUG:colcon.colcon_core.event_reactor:joined thread
[1.094s] INFO:colcon.colcon_core.shell:Creating prefix script '/home/rithwik/ros2_workspace2/install/local_setup.ps1'
[1.095s] INFO:colcon.colcon_core.shell:Creating prefix util module '/home/rithwik/ros2_workspace2/install/_local_setup_util_ps1.py'
[1.096s] INFO:colcon.colcon_core.shell:Creating prefix chain script '/home/rithwik/ros2_workspace2/install/setup.ps1'
[1.096s] INFO:colcon.colcon_core.shell:Creating prefix script '/home/rithwik/ros2_workspace2/install/local_setup.sh'
[1.097s] INFO:colcon.colcon_core.shell:Creating prefix util module '/home/rithwik/ros2_workspace2/install/_local_setup_util_sh.py'
[1.097s] INFO:colcon.colcon_core.shell:Creating prefix chain script '/home/rithwik/ros2_workspace2/install/setup.sh'
[1.097s] INFO:colcon.colcon_core.shell:Creating prefix script '/home/rithwik/ros2_workspace2/install/local_setup.bash'
[1.098s] INFO:colcon.colcon_core.shell:Creating prefix chain script '/home/rithwik/ros2_workspace2/install/setup.bash'
[1.098s] INFO:colcon.colcon_core.shell:Creating prefix script '/home/rithwik/ros2_workspace2/install/local_setup.zsh'
[1.098s] INFO:colcon.colcon_core.shell:Creating prefix chain script '/home/rithwik/ros2_workspace2/install/setup.zsh'
