running develop
running egg_info
writing rover.egg-info/PKG-INFO
writing dependency_links to rover.egg-info/dependency_links.txt
writing entry points to rover.egg-info/entry_points.txt
writing requirements to rover.egg-info/requires.txt
writing top-level names to rover.egg-info/top_level.txt
reading manifest file 'rover.egg-info/SOURCES.txt'
writing manifest file 'rover.egg-info/SOURCES.txt'
running build_ext
Creating /home/rithwik/ros2_workspace2/install/rover/lib/python3.10/site-packages/rover.egg-link (link to .)
Installing avoid_obstacle script to /home/rithwik/ros2_workspace2/install/rover/lib/rover
Installing gap_follower script to /home/rithwik/ros2_workspace2/install/rover/lib/rover
Installing wall_follower script to /home/rithwik/ros2_workspace2/install/rover/lib/rover

Installed /home/rithwik/ros2_workspace2/build/rover
running symlink_data
symbolically linking /home/rithwik/ros2_workspace2/build/rover/resource/rover -> /home/rithwik/ros2_workspace2/install/rover/share/ament_index/resource_index/packages
symbolically linking /home/rithwik/ros2_workspace2/build/rover/package.xml -> /home/rithwik/ros2_workspace2/install/rover/share/rover
symbolically linking /home/rithwik/ros2_workspace2/build/rover/launch/2_gazebo.launch.py -> /home/rithwik/ros2_workspace2/install/rover/share/rover/launch
symbolically linking /home/rithwik/ros2_workspace2/build/rover/launch/1_rviz.launch.py -> /home/rithwik/ros2_workspace2/install/rover/share/rover/launch
symbolically linking /home/rithwik/ros2_workspace2/build/rover/launch/2D_mapping.launch.py -> /home/rithwik/ros2_workspace2/install/rover/share/rover/launch
symbolically linking /home/rithwik/ros2_workspace2/build/rover/launch/slam.launch.py -> /home/rithwik/ros2_workspace2/install/rover/share/rover/launch
symbolically linking /home/rithwik/ros2_workspace2/build/rover/urdf/rover.urdf -> /home/rithwik/ros2_workspace2/install/rover/share/rover/urdf
symbolically linking /home/rithwik/ros2_workspace2/build/rover/worlds/maze_1_6x5.world -> /home/rithwik/ros2_workspace2/install/rover/share/rover/worlds
symbolically linking /home/rithwik/ros2_workspace2/build/rover/worlds/wide_maze.world -> /home/rithwik/ros2_workspace2/install/rover/share/rover/worlds
