[0.268s] Invoking command in '/home/rithwik/ros2_workspace2/src/rover': PYTHONPATH=/home/rithwik/ros2_workspace2/build/rover/prefix_override:/usr/lib/python3/dist-packages/colcon_core/task/python/colcon_distutils_commands:/home/rithwik/ros2_workspace2/install/rover/lib/python3.10/site-packages:${PYTHONPATH} /usr/bin/python3 -W ignore:setup.py install is deprecated -W ignore:easy_install command is deprecated setup.py egg_info --egg-base ../../build/rover build --build-base /home/rithwik/ros2_workspace2/build/rover/build install --record /home/rithwik/ros2_workspace2/build/rover/install.log --single-version-externally-managed install_data
[0.368s] running egg_info
[0.368s] creating ../../build/rover/rover.egg-info
[0.368s] writing ../../build/rover/rover.egg-info/PKG-INFO
[0.368s] writing dependency_links to ../../build/rover/rover.egg-info/dependency_links.txt
[0.368s] writing entry points to ../../build/rover/rover.egg-info/entry_points.txt
[0.368s] writing requirements to ../../build/rover/rover.egg-info/requires.txt
[0.368s] writing top-level names to ../../build/rover/rover.egg-info/top_level.txt
[0.368s] writing manifest file '../../build/rover/rover.egg-info/SOURCES.txt'
[0.369s] reading manifest file '../../build/rover/rover.egg-info/SOURCES.txt'
[0.369s] adding license file 'LICENSE'
[0.369s] writing manifest file '../../build/rover/rover.egg-info/SOURCES.txt'
[0.369s] running build
[0.369s] running build_py
[0.369s] creating /home/rithwik/ros2_workspace2/build/rover/build
[0.369s] creating /home/rithwik/ros2_workspace2/build/rover/build/lib
[0.369s] creating /home/rithwik/ros2_workspace2/build/rover/build/lib/rover
[0.369s] copying rover/obstacle_avoiding.py -> /home/rithwik/ros2_workspace2/build/rover/build/lib/rover
[0.369s] copying rover/__init__.py -> /home/rithwik/ros2_workspace2/build/rover/build/lib/rover
[0.369s] copying rover/gap_follower.py -> /home/rithwik/ros2_workspace2/build/rover/build/lib/rover
[0.369s] running install
[0.369s] running install_lib
[0.370s] creating /home/rithwik/ros2_workspace2/install/rover/lib/python3.10/site-packages/rover
[0.370s] copying /home/rithwik/ros2_workspace2/build/rover/build/lib/rover/obstacle_avoiding.py -> /home/rithwik/ros2_workspace2/install/rover/lib/python3.10/site-packages/rover
[0.370s] copying /home/rithwik/ros2_workspace2/build/rover/build/lib/rover/__init__.py -> /home/rithwik/ros2_workspace2/install/rover/lib/python3.10/site-packages/rover
[0.370s] copying /home/rithwik/ros2_workspace2/build/rover/build/lib/rover/gap_follower.py -> /home/rithwik/ros2_workspace2/install/rover/lib/python3.10/site-packages/rover
[0.370s] byte-compiling /home/rithwik/ros2_workspace2/install/rover/lib/python3.10/site-packages/rover/obstacle_avoiding.py to obstacle_avoiding.cpython-310.pyc
[0.371s] byte-compiling /home/rithwik/ros2_workspace2/install/rover/lib/python3.10/site-packages/rover/__init__.py to __init__.cpython-310.pyc
[0.371s] byte-compiling /home/rithwik/ros2_workspace2/install/rover/lib/python3.10/site-packages/rover/gap_follower.py to gap_follower.cpython-310.pyc
[0.371s] running install_data
[0.371s] creating /home/rithwik/ros2_workspace2/install/rover/share/ament_index
[0.371s] creating /home/rithwik/ros2_workspace2/install/rover/share/ament_index/resource_index
[0.371s] creating /home/rithwik/ros2_workspace2/install/rover/share/ament_index/resource_index/packages
[0.371s] copying resource/rover -> /home/rithwik/ros2_workspace2/install/rover/share/ament_index/resource_index/packages
[0.371s] copying package.xml -> /home/rithwik/ros2_workspace2/install/rover/share/rover
[0.371s] copying launch/2_gazebo.launch.py -> /home/rithwik/ros2_workspace2/install/rover/share/rover
[0.371s] copying launch/1_rviz.launch.py -> /home/rithwik/ros2_workspace2/install/rover/share/rover
[0.371s] copying launch/slam.launch.py -> /home/rithwik/ros2_workspace2/install/rover/share/rover
[0.371s] copying urdf/rover.urdf -> /home/rithwik/ros2_workspace2/install/rover/share/rover
[0.371s] running install_egg_info
[0.372s] Copying ../../build/rover/rover.egg-info to /home/rithwik/ros2_workspace2/install/rover/lib/python3.10/site-packages/rover-0.0.0-py3.10.egg-info
[0.372s] running install_scripts
[0.382s] Installing avoid_obstacle script to /home/rithwik/ros2_workspace2/install/rover/lib/rover
[0.382s] Installing gap_follower script to /home/rithwik/ros2_workspace2/install/rover/lib/rover
[0.382s] writing list of installed files to '/home/rithwik/ros2_workspace2/build/rover/install.log'
[0.393s] Invoked command in '/home/rithwik/ros2_workspace2/src/rover' returned '0': PYTHONPATH=/home/rithwik/ros2_workspace2/build/rover/prefix_override:/usr/lib/python3/dist-packages/colcon_core/task/python/colcon_distutils_commands:/home/rithwik/ros2_workspace2/install/rover/lib/python3.10/site-packages:${PYTHONPATH} /usr/bin/python3 -W ignore:setup.py install is deprecated -W ignore:easy_install command is deprecated setup.py egg_info --egg-base ../../build/rover build --build-base /home/rithwik/ros2_workspace2/build/rover/build install --record /home/rithwik/ros2_workspace2/build/rover/install.log --single-version-externally-managed install_data
