[0.110s] Invoking command in '/home/rithwik/ros2_workspace2/build/urdf_tutorial': CMAKE_PREFIX_PATH=${CMAKE_PREFIX_PATH}:/home/rithwik/ros2_workspace2/install/rover:/opt/ros/humble /usr/bin/cmake /home/rithwik/ros2_workspace2/src/urdf_tutorial -DCMAKE_INSTALL_PREFIX=/home/rithwik/ros2_workspace2/install/urdf_tutorial
[0.147s] -- The C compiler identification is GNU 11.4.0
[0.180s] -- The CXX compiler identification is GNU 11.4.0
[0.185s] -- Detecting C compiler ABI info
[0.230s] -- Detecting C compiler ABI info - done
[0.235s] -- Check for working C compiler: /usr/bin/cc - skipped
[0.235s] -- Detecting C compile features
[0.236s] -- Detecting C compile features - done
[0.237s] -- Detecting CXX compiler ABI info
[0.285s] -- Detecting CXX compiler ABI info - done
[0.288s] -- Check for working CXX compiler: /usr/bin/c++ - skipped
[0.288s] -- Detecting CXX compile features
[0.288s] -- Detecting CXX compile features - done
[0.290s] -- Found ament_cmake: 1.3.12 (/opt/ros/humble/share/ament_cmake/cmake)
[0.372s] -- Found Python3: /usr/bin/python3 (found version "3.10.12") found components: Interpreter 
[0.419s] -- Found ament_lint_auto: 0.12.14 (/opt/ros/humble/share/ament_lint_auto/cmake)
[0.454s] -- Configuring done
[0.454s] -- Generating done
[0.455s] -- Build files have been written to: /home/rithwik/ros2_workspace2/build/urdf_tutorial
[0.458s] Invoked command in '/home/rithwik/ros2_workspace2/build/urdf_tutorial' returned '0': CMAKE_PREFIX_PATH=${CMAKE_PREFIX_PATH}:/home/rithwik/ros2_workspace2/install/rover:/opt/ros/humble /usr/bin/cmake /home/rithwik/ros2_workspace2/src/urdf_tutorial -DCMAKE_INSTALL_PREFIX=/home/rithwik/ros2_workspace2/install/urdf_tutorial
[0.459s] Invoking command in '/home/rithwik/ros2_workspace2/build/urdf_tutorial': CMAKE_PREFIX_PATH=${CMAKE_PREFIX_PATH}:/home/rithwik/ros2_workspace2/install/rover:/opt/ros/humble /usr/bin/cmake --build /home/rithwik/ros2_workspace2/build/urdf_tutorial -- -j32 -l32
[0.493s] Invoked command in '/home/rithwik/ros2_workspace2/build/urdf_tutorial' returned '0': CMAKE_PREFIX_PATH=${CMAKE_PREFIX_PATH}:/home/rithwik/ros2_workspace2/install/rover:/opt/ros/humble /usr/bin/cmake --build /home/rithwik/ros2_workspace2/build/urdf_tutorial -- -j32 -l32
[0.504s] Invoking command in '/home/rithwik/ros2_workspace2/build/urdf_tutorial': CMAKE_PREFIX_PATH=${CMAKE_PREFIX_PATH}:/home/rithwik/ros2_workspace2/install/rover:/opt/ros/humble /usr/bin/cmake --install /home/rithwik/ros2_workspace2/build/urdf_tutorial
[0.512s] -- Install configuration: ""
[0.512s] -- Installing: /home/rithwik/ros2_workspace2/install/urdf_tutorial/share/urdf_tutorial/images
[0.513s] -- Installing: /home/rithwik/ros2_workspace2/install/urdf_tutorial/share/urdf_tutorial/images/materials.png
[0.513s] -- Installing: /home/rithwik/ros2_workspace2/install/urdf_tutorial/share/urdf_tutorial/images/multipleshapes.png
[0.513s] -- Installing: /home/rithwik/ros2_workspace2/install/urdf_tutorial/share/urdf_tutorial/images/myfirst.png
[0.513s] -- Installing: /home/rithwik/ros2_workspace2/install/urdf_tutorial/share/urdf_tutorial/images/origins.png
[0.513s] -- Installing: /home/rithwik/ros2_workspace2/install/urdf_tutorial/share/urdf_tutorial/images/flexible.png
[0.513s] -- Installing: /home/rithwik/ros2_workspace2/install/urdf_tutorial/share/urdf_tutorial/images/visual.png
[0.513s] -- Installing: /home/rithwik/ros2_workspace2/install/urdf_tutorial/share/urdf_tutorial/launch
[0.513s] -- Installing: /home/rithwik/ros2_workspace2/install/urdf_tutorial/share/urdf_tutorial/launch/display.launch.py
[0.513s] -- Installing: /home/rithwik/ros2_workspace2/install/urdf_tutorial/share/urdf_tutorial/meshes
[0.513s] -- Installing: /home/rithwik/ros2_workspace2/install/urdf_tutorial/share/urdf_tutorial/meshes/l_finger.dae
[0.514s] -- Installing: /home/rithwik/ros2_workspace2/install/urdf_tutorial/share/urdf_tutorial/meshes/l_finger_tip.dae
[0.514s] -- Installing: /home/rithwik/ros2_workspace2/install/urdf_tutorial/share/urdf_tutorial/meshes/l_finger_color.png
[0.514s] -- Installing: /home/rithwik/ros2_workspace2/install/urdf_tutorial/share/urdf_tutorial/meshes/l_finger_tip_color.png
[0.514s] -- Installing: /home/rithwik/ros2_workspace2/install/urdf_tutorial/share/urdf_tutorial/rviz
[0.514s] -- Installing: /home/rithwik/ros2_workspace2/install/urdf_tutorial/share/urdf_tutorial/rviz/urdf.rviz
[0.514s] -- Installing: /home/rithwik/ros2_workspace2/install/urdf_tutorial/share/urdf_tutorial/urdf
[0.514s] -- Installing: /home/rithwik/ros2_workspace2/install/urdf_tutorial/share/urdf_tutorial/urdf/08-macroed.urdf.xacro
[0.514s] -- Installing: /home/rithwik/ros2_workspace2/install/urdf_tutorial/share/urdf_tutorial/urdf/06-flexible.urdf
[0.514s] -- Installing: /home/rithwik/ros2_workspace2/install/urdf_tutorial/share/urdf_tutorial/urdf/05-visual.urdf
[0.514s] -- Installing: /home/rithwik/ros2_workspace2/install/urdf_tutorial/share/urdf_tutorial/urdf/03-origins.urdf
[0.514s] -- Installing: /home/rithwik/ros2_workspace2/install/urdf_tutorial/share/urdf_tutorial/urdf/01-myfirst.urdf
[0.514s] -- Installing: /home/rithwik/ros2_workspace2/install/urdf_tutorial/share/urdf_tutorial/urdf/02-multipleshapes.urdf
[0.514s] -- Installing: /home/rithwik/ros2_workspace2/install/urdf_tutorial/share/urdf_tutorial/urdf/04-materials.urdf
[0.514s] -- Installing: /home/rithwik/ros2_workspace2/install/urdf_tutorial/share/urdf_tutorial/urdf/07-physics.urdf
[0.514s] -- Installing: /home/rithwik/ros2_workspace2/install/urdf_tutorial/share/ament_index/resource_index/package_run_dependencies/urdf_tutorial
[0.515s] -- Installing: /home/rithwik/ros2_workspace2/install/urdf_tutorial/share/ament_index/resource_index/parent_prefix_path/urdf_tutorial
[0.515s] -- Installing: /home/rithwik/ros2_workspace2/install/urdf_tutorial/share/urdf_tutorial/environment/ament_prefix_path.sh
[0.515s] -- Installing: /home/rithwik/ros2_workspace2/install/urdf_tutorial/share/urdf_tutorial/environment/ament_prefix_path.dsv
[0.515s] -- Installing: /home/rithwik/ros2_workspace2/install/urdf_tutorial/share/urdf_tutorial/environment/path.sh
[0.515s] -- Installing: /home/rithwik/ros2_workspace2/install/urdf_tutorial/share/urdf_tutorial/environment/path.dsv
[0.515s] -- Installing: /home/rithwik/ros2_workspace2/install/urdf_tutorial/share/urdf_tutorial/local_setup.bash
[0.515s] -- Installing: /home/rithwik/ros2_workspace2/install/urdf_tutorial/share/urdf_tutorial/local_setup.sh
[0.515s] -- Installing: /home/rithwik/ros2_workspace2/install/urdf_tutorial/share/urdf_tutorial/local_setup.zsh
[0.515s] -- Installing: /home/rithwik/ros2_workspace2/install/urdf_tutorial/share/urdf_tutorial/local_setup.dsv
[0.515s] -- Installing: /home/rithwik/ros2_workspace2/install/urdf_tutorial/share/urdf_tutorial/package.dsv
[0.515s] -- Installing: /home/rithwik/ros2_workspace2/install/urdf_tutorial/share/ament_index/resource_index/packages/urdf_tutorial
[0.515s] -- Installing: /home/rithwik/ros2_workspace2/install/urdf_tutorial/share/urdf_tutorial/cmake/urdf_tutorialConfig.cmake
[0.515s] -- Installing: /home/rithwik/ros2_workspace2/install/urdf_tutorial/share/urdf_tutorial/cmake/urdf_tutorialConfig-version.cmake
[0.516s] -- Installing: /home/rithwik/ros2_workspace2/install/urdf_tutorial/share/urdf_tutorial/package.xml
[0.518s] Invoked command in '/home/rithwik/ros2_workspace2/build/urdf_tutorial' returned '0': CMAKE_PREFIX_PATH=${CMAKE_PREFIX_PATH}:/home/rithwik/ros2_workspace2/install/rover:/opt/ros/humble /usr/bin/cmake --install /home/rithwik/ros2_workspace2/build/urdf_tutorial
