[0.140s] Invoking command in '/home/rithwik/ros2_workspace2/build/explorer_interfaces': CMAKE_PREFIX_PATH=${CMAKE_PREFIX_PATH}:/home/rithwik/ros2_workspace2/install/rover:/home/rithwik/ros2_workspace2/install/explorer_wanderer:/home/rithwik/ros2_workspace2/install/explorer_map_utils:/home/rithwik/ros2_workspace2/install/explorer_bringup:/home/rithwik/ros2_workspace2/install/autonomous_tb3:/opt/ros/humble /usr/bin/cmake --build /home/rithwik/ros2_workspace2/build/explorer_interfaces -- -j32 -l32
[0.414s] [35m[1mConsolidate compiler generated dependencies of target explorer_interfaces__rosidl_generator_c[0m
[0.414s] [ 10%] Built target explorer_interfaces__cpp
[0.415s] [ 12%] Built target explorer_interfaces__rosidl_generator_c
[0.415s] [ 12%] Built target ament_cmake_python_copy_explorer_interfaces
[0.415s] [35m[1mConsolidate compiler generated dependencies of target explorer_interfaces__rosidl_typesupport_introspection_c[0m
[0.416s] [35m[1mConsolidate compiler generated dependencies of target explorer_interfaces__rosidl_typesupport_fastrtps_c[0m
[0.416s] [35m[1mConsolidate compiler generated dependencies of target explorer_interfaces__rosidl_typesupport_c[0m
[0.416s] [35m[1mConsolidate compiler generated dependencies of target explorer_interfaces__rosidl_typesupport_cpp[0m
[0.416s] [35m[1mConsolidate compiler generated dependencies of target explorer_interfaces__rosidl_typesupport_introspection_cpp[0m
[0.416s] [35m[1mConsolidate compiler generated dependencies of target explorer_interfaces__rosidl_typesupport_fastrtps_cpp[0m
[0.416s] [ 25%] Built target explorer_interfaces__rosidl_typesupport_fastrtps_c
[0.416s] [ 38%] Built target explorer_interfaces__rosidl_typesupport_introspection_c
[0.416s] [ 43%] Built target explorer_interfaces__rosidl_typesupport_c
[0.416s] [ 53%] Built target explorer_interfaces__rosidl_typesupport_introspection_cpp
[0.416s] [ 64%] Built target explorer_interfaces__rosidl_typesupport_cpp
[0.416s] [ 74%] Built target explorer_interfaces__rosidl_typesupport_fastrtps_cpp
[0.416s] [ 74%] Built target explorer_interfaces
[0.417s] [ 76%] Built target explorer_interfaces__py
[0.417s] [35m[1mConsolidate compiler generated dependencies of target explorer_interfaces__rosidl_generator_py[0m
[0.417s] [ 84%] Built target explorer_interfaces__rosidl_generator_py
[0.417s] [35m[1mConsolidate compiler generated dependencies of target explorer_interfaces__rosidl_typesupport_fastrtps_c__pyext[0m
[0.417s] [35m[1mConsolidate compiler generated dependencies of target explorer_interfaces__rosidl_typesupport_c__pyext[0m
[0.417s] [35m[1mConsolidate compiler generated dependencies of target explorer_interfaces__rosidl_typesupport_introspection_c__pyext[0m
[0.417s] [ 89%] Built target explorer_interfaces__rosidl_typesupport_fastrtps_c__pyext
[0.417s] [100%] Built target explorer_interfaces__rosidl_typesupport_c__pyext
[0.417s] [100%] Built target explorer_interfaces__rosidl_typesupport_introspection_c__pyext
[0.417s] running egg_info
[0.417s] writing explorer_interfaces.egg-info/PKG-INFO
[0.417s] writing dependency_links to explorer_interfaces.egg-info/dependency_links.txt
[0.417s] writing top-level names to explorer_interfaces.egg-info/top_level.txt
[0.417s] reading manifest file 'explorer_interfaces.egg-info/SOURCES.txt'
[0.417s] writing manifest file 'explorer_interfaces.egg-info/SOURCES.txt'
[0.417s] [100%] Built target ament_cmake_python_build_explorer_interfaces_egg
[0.554s] Invoked command in '/home/rithwik/ros2_workspace2/build/explorer_interfaces' returned '0': CMAKE_PREFIX_PATH=${CMAKE_PREFIX_PATH}:/home/rithwik/ros2_workspace2/install/rover:/home/rithwik/ros2_workspace2/install/explorer_wanderer:/home/rithwik/ros2_workspace2/install/explorer_map_utils:/home/rithwik/ros2_workspace2/install/explorer_bringup:/home/rithwik/ros2_workspace2/install/autonomous_tb3:/opt/ros/humble /usr/bin/cmake --build /home/rithwik/ros2_workspace2/build/explorer_interfaces -- -j32 -l32
[0.562s] Invoking command in '/home/rithwik/ros2_workspace2/build/explorer_interfaces': CMAKE_PREFIX_PATH=${CMAKE_PREFIX_PATH}:/home/rithwik/ros2_workspace2/install/rover:/home/rithwik/ros2_workspace2/install/explorer_wanderer:/home/rithwik/ros2_workspace2/install/explorer_map_utils:/home/rithwik/ros2_workspace2/install/explorer_bringup:/home/rithwik/ros2_workspace2/install/autonomous_tb3:/opt/ros/humble /usr/bin/cmake --install /home/rithwik/ros2_workspace2/build/explorer_interfaces
[0.563s] -- Install configuration: ""
[0.563s] -- Up-to-date: /home/rithwik/ros2_workspace2/install/explorer_interfaces/share/ament_index/resource_index/rosidl_interfaces/explorer_interfaces
[0.563s] -- Up-to-date: /home/rithwik/ros2_workspace2/install/explorer_interfaces/include/explorer_interfaces/explorer_interfaces
[0.563s] -- Up-to-date: /home/rithwik/ros2_workspace2/install/explorer_interfaces/include/explorer_interfaces/explorer_interfaces/action
[0.563s] -- Up-to-date: /home/rithwik/ros2_workspace2/install/explorer_interfaces/include/explorer_interfaces/explorer_interfaces/action/wander.h
[0.563s] -- Up-to-date: /home/rithwik/ros2_workspace2/install/explorer_interfaces/include/explorer_interfaces/explorer_interfaces/action/detail
[0.563s] -- Up-to-date: /home/rithwik/ros2_workspace2/install/explorer_interfaces/include/explorer_interfaces/explorer_interfaces/action/detail/discover__functions.h
[0.563s] -- Up-to-date: /home/rithwik/ros2_workspace2/install/explorer_interfaces/include/explorer_interfaces/explorer_interfaces/action/detail/wander__type_support.h
[0.563s] -- Up-to-date: /home/rithwik/ros2_workspace2/install/explorer_interfaces/include/explorer_interfaces/explorer_interfaces/action/detail/discover__functions.c
[0.563s] -- Up-to-date: /home/rithwik/ros2_workspace2/install/explorer_interfaces/include/explorer_interfaces/explorer_interfaces/action/detail/discover__type_support.h
[0.564s] -- Up-to-date: /home/rithwik/ros2_workspace2/install/explorer_interfaces/include/explorer_interfaces/explorer_interfaces/action/detail/wander__struct.h
[0.564s] -- Up-to-date: /home/rithwik/ros2_workspace2/install/explorer_interfaces/include/explorer_interfaces/explorer_interfaces/action/detail/discover__struct.h
[0.564s] -- Up-to-date: /home/rithwik/ros2_workspace2/install/explorer_interfaces/include/explorer_interfaces/explorer_interfaces/action/detail/wander__functions.h
[0.564s] -- Up-to-date: /home/rithwik/ros2_workspace2/install/explorer_interfaces/include/explorer_interfaces/explorer_interfaces/action/detail/wander__functions.c
[0.564s] -- Up-to-date: /home/rithwik/ros2_workspace2/install/explorer_interfaces/include/explorer_interfaces/explorer_interfaces/action/discover.h
[0.564s] -- Up-to-date: /home/rithwik/ros2_workspace2/install/explorer_interfaces/include/explorer_interfaces/explorer_interfaces/msg
[0.564s] -- Up-to-date: /home/rithwik/ros2_workspace2/install/explorer_interfaces/include/explorer_interfaces/explorer_interfaces/msg/rosidl_generator_c__visibility_control.h
[0.564s] -- Up-to-date: /home/rithwik/ros2_workspace2/install/explorer_interfaces/share/explorer_interfaces/environment/library_path.sh
[0.564s] -- Up-to-date: /home/rithwik/ros2_workspace2/install/explorer_interfaces/share/explorer_interfaces/environment/library_path.dsv
[0.564s] -- Up-to-date: /home/rithwik/ros2_workspace2/install/explorer_interfaces/lib/libexplorer_interfaces__rosidl_generator_c.so
[0.564s] -- Up-to-date: /home/rithwik/ros2_workspace2/install/explorer_interfaces/include/explorer_interfaces/explorer_interfaces
[0.564s] -- Up-to-date: /home/rithwik/ros2_workspace2/install/explorer_interfaces/include/explorer_interfaces/explorer_interfaces/action
[0.564s] -- Up-to-date: /home/rithwik/ros2_workspace2/install/explorer_interfaces/include/explorer_interfaces/explorer_interfaces/action/detail
[0.564s] -- Up-to-date: /home/rithwik/ros2_workspace2/install/explorer_interfaces/include/explorer_interfaces/explorer_interfaces/action/detail/wander__rosidl_typesupport_fastrtps_c.h
[0.564s] -- Up-to-date: /home/rithwik/ros2_workspace2/install/explorer_interfaces/include/explorer_interfaces/explorer_interfaces/action/detail/discover__rosidl_typesupport_fastrtps_c.h
[0.564s] -- Up-to-date: /home/rithwik/ros2_workspace2/install/explorer_interfaces/include/explorer_interfaces/explorer_interfaces/msg
[0.564s] -- Up-to-date: /home/rithwik/ros2_workspace2/install/explorer_interfaces/include/explorer_interfaces/explorer_interfaces/msg/rosidl_typesupport_fastrtps_c__visibility_control.h
[0.564s] -- Up-to-date: /home/rithwik/ros2_workspace2/install/explorer_interfaces/lib/libexplorer_interfaces__rosidl_typesupport_fastrtps_c.so
[0.564s] -- Up-to-date: /home/rithwik/ros2_workspace2/install/explorer_interfaces/include/explorer_interfaces/explorer_interfaces
[0.564s] -- Up-to-date: /home/rithwik/ros2_workspace2/install/explorer_interfaces/include/explorer_interfaces/explorer_interfaces/action
[0.564s] -- Up-to-date: /home/rithwik/ros2_workspace2/install/explorer_interfaces/include/explorer_interfaces/explorer_interfaces/action/detail
[0.564s] -- Up-to-date: /home/rithwik/ros2_workspace2/install/explorer_interfaces/include/explorer_interfaces/explorer_interfaces/action/detail/wander__rosidl_typesupport_introspection_c.h
[0.564s] -- Up-to-date: /home/rithwik/ros2_workspace2/install/explorer_interfaces/include/explorer_interfaces/explorer_interfaces/action/detail/wander__type_support.c
[0.564s] -- Up-to-date: /home/rithwik/ros2_workspace2/install/explorer_interfaces/include/explorer_interfaces/explorer_interfaces/action/detail/discover__type_support.c
[0.564s] -- Up-to-date: /home/rithwik/ros2_workspace2/install/explorer_interfaces/include/explorer_interfaces/explorer_interfaces/action/detail/discover__rosidl_typesupport_introspection_c.h
[0.564s] -- Up-to-date: /home/rithwik/ros2_workspace2/install/explorer_interfaces/include/explorer_interfaces/explorer_interfaces/msg
[0.564s] -- Up-to-date: /home/rithwik/ros2_workspace2/install/explorer_interfaces/include/explorer_interfaces/explorer_interfaces/msg/rosidl_typesupport_introspection_c__visibility_control.h
[0.564s] -- Up-to-date: /home/rithwik/ros2_workspace2/install/explorer_interfaces/lib/libexplorer_interfaces__rosidl_typesupport_introspection_c.so
[0.565s] -- Up-to-date: /home/rithwik/ros2_workspace2/install/explorer_interfaces/lib/libexplorer_interfaces__rosidl_typesupport_c.so
[0.565s] -- Up-to-date: /home/rithwik/ros2_workspace2/install/explorer_interfaces/include/explorer_interfaces/explorer_interfaces
[0.565s] -- Up-to-date: /home/rithwik/ros2_workspace2/install/explorer_interfaces/include/explorer_interfaces/explorer_interfaces/action
[0.565s] -- Up-to-date: /home/rithwik/ros2_workspace2/install/explorer_interfaces/include/explorer_interfaces/explorer_interfaces/action/detail
[0.565s] -- Up-to-date: /home/rithwik/ros2_workspace2/install/explorer_interfaces/include/explorer_interfaces/explorer_interfaces/action/detail/discover__struct.hpp
[0.565s] -- Up-to-date: /home/rithwik/ros2_workspace2/install/explorer_interfaces/include/explorer_interfaces/explorer_interfaces/action/detail/discover__type_support.hpp
[0.565s] -- Up-to-date: /home/rithwik/ros2_workspace2/install/explorer_interfaces/include/explorer_interfaces/explorer_interfaces/action/detail/wander__type_support.hpp
[0.565s] -- Up-to-date: /home/rithwik/ros2_workspace2/install/explorer_interfaces/include/explorer_interfaces/explorer_interfaces/action/detail/wander__builder.hpp
[0.565s] -- Up-to-date: /home/rithwik/ros2_workspace2/install/explorer_interfaces/include/explorer_interfaces/explorer_interfaces/action/detail/discover__builder.hpp
[0.565s] -- Up-to-date: /home/rithwik/ros2_workspace2/install/explorer_interfaces/include/explorer_interfaces/explorer_interfaces/action/detail/wander__struct.hpp
[0.565s] -- Up-to-date: /home/rithwik/ros2_workspace2/install/explorer_interfaces/include/explorer_interfaces/explorer_interfaces/action/detail/discover__traits.hpp
[0.565s] -- Up-to-date: /home/rithwik/ros2_workspace2/install/explorer_interfaces/include/explorer_interfaces/explorer_interfaces/action/detail/wander__traits.hpp
[0.565s] -- Up-to-date: /home/rithwik/ros2_workspace2/install/explorer_interfaces/include/explorer_interfaces/explorer_interfaces/action/wander.hpp
[0.565s] -- Up-to-date: /home/rithwik/ros2_workspace2/install/explorer_interfaces/include/explorer_interfaces/explorer_interfaces/action/discover.hpp
[0.565s] -- Up-to-date: /home/rithwik/ros2_workspace2/install/explorer_interfaces/include/explorer_interfaces/explorer_interfaces/msg
[0.565s] -- Up-to-date: /home/rithwik/ros2_workspace2/install/explorer_interfaces/include/explorer_interfaces/explorer_interfaces/msg/rosidl_generator_cpp__visibility_control.hpp
[0.565s] -- Up-to-date: /home/rithwik/ros2_workspace2/install/explorer_interfaces/include/explorer_interfaces/explorer_interfaces
[0.565s] -- Up-to-date: /home/rithwik/ros2_workspace2/install/explorer_interfaces/include/explorer_interfaces/explorer_interfaces/action
[0.565s] -- Up-to-date: /home/rithwik/ros2_workspace2/install/explorer_interfaces/include/explorer_interfaces/explorer_interfaces/action/detail
[0.565s] -- Up-to-date: /home/rithwik/ros2_workspace2/install/explorer_interfaces/include/explorer_interfaces/explorer_interfaces/action/detail/discover__rosidl_typesupport_fastrtps_cpp.hpp
[0.565s] -- Up-to-date: /home/rithwik/ros2_workspace2/install/explorer_interfaces/include/explorer_interfaces/explorer_interfaces/action/detail/wander__rosidl_typesupport_fastrtps_cpp.hpp
[0.565s] -- Up-to-date: /home/rithwik/ros2_workspace2/install/explorer_interfaces/include/explorer_interfaces/explorer_interfaces/action/detail/dds_fastrtps
[0.565s] -- Up-to-date: /home/rithwik/ros2_workspace2/install/explorer_interfaces/include/explorer_interfaces/explorer_interfaces/msg
[0.565s] -- Up-to-date: /home/rithwik/ros2_workspace2/install/explorer_interfaces/include/explorer_interfaces/explorer_interfaces/msg/rosidl_typesupport_fastrtps_cpp__visibility_control.h
[0.565s] -- Up-to-date: /home/rithwik/ros2_workspace2/install/explorer_interfaces/lib/libexplorer_interfaces__rosidl_typesupport_fastrtps_cpp.so
[0.565s] -- Up-to-date: /home/rithwik/ros2_workspace2/install/explorer_interfaces/include/explorer_interfaces/explorer_interfaces
[0.565s] -- Up-to-date: /home/rithwik/ros2_workspace2/install/explorer_interfaces/include/explorer_interfaces/explorer_interfaces/action
[0.565s] -- Up-to-date: /home/rithwik/ros2_workspace2/install/explorer_interfaces/include/explorer_interfaces/explorer_interfaces/action/detail
[0.565s] -- Up-to-date: /home/rithwik/ros2_workspace2/install/explorer_interfaces/include/explorer_interfaces/explorer_interfaces/action/detail/discover__type_support.cpp
[0.566s] -- Up-to-date: /home/rithwik/ros2_workspace2/install/explorer_interfaces/include/explorer_interfaces/explorer_interfaces/action/detail/wander__type_support.cpp
[0.566s] -- Up-to-date: /home/rithwik/ros2_workspace2/install/explorer_interfaces/include/explorer_interfaces/explorer_interfaces/action/detail/wander__rosidl_typesupport_introspection_cpp.hpp
[0.566s] -- Up-to-date: /home/rithwik/ros2_workspace2/install/explorer_interfaces/include/explorer_interfaces/explorer_interfaces/action/detail/discover__rosidl_typesupport_introspection_cpp.hpp
[0.566s] -- Up-to-date: /home/rithwik/ros2_workspace2/install/explorer_interfaces/lib/libexplorer_interfaces__rosidl_typesupport_introspection_cpp.so
[0.566s] -- Up-to-date: /home/rithwik/ros2_workspace2/install/explorer_interfaces/lib/libexplorer_interfaces__rosidl_typesupport_cpp.so
[0.566s] -- Up-to-date: /home/rithwik/ros2_workspace2/install/explorer_interfaces/share/explorer_interfaces/environment/pythonpath.sh
[0.566s] -- Up-to-date: /home/rithwik/ros2_workspace2/install/explorer_interfaces/share/explorer_interfaces/environment/pythonpath.dsv
[0.566s] -- Up-to-date: /home/rithwik/ros2_workspace2/install/explorer_interfaces/local/lib/python3.10/dist-packages/explorer_interfaces-0.0.0-py3.10.egg-info
[0.566s] -- Installing: /home/rithwik/ros2_workspace2/install/explorer_interfaces/local/lib/python3.10/dist-packages/explorer_interfaces-0.0.0-py3.10.egg-info/dependency_links.txt
[0.566s] -- Installing: /home/rithwik/ros2_workspace2/install/explorer_interfaces/local/lib/python3.10/dist-packages/explorer_interfaces-0.0.0-py3.10.egg-info/PKG-INFO
[0.566s] -- Installing: /home/rithwik/ros2_workspace2/install/explorer_interfaces/local/lib/python3.10/dist-packages/explorer_interfaces-0.0.0-py3.10.egg-info/top_level.txt
[0.566s] -- Installing: /home/rithwik/ros2_workspace2/install/explorer_interfaces/local/lib/python3.10/dist-packages/explorer_interfaces-0.0.0-py3.10.egg-info/SOURCES.txt
[0.566s] -- Up-to-date: /home/rithwik/ros2_workspace2/install/explorer_interfaces/local/lib/python3.10/dist-packages/explorer_interfaces
[0.566s] -- Up-to-date: /home/rithwik/ros2_workspace2/install/explorer_interfaces/local/lib/python3.10/dist-packages/explorer_interfaces/action
[0.566s] -- Up-to-date: /home/rithwik/ros2_workspace2/install/explorer_interfaces/local/lib/python3.10/dist-packages/explorer_interfaces/action/_wander.py
[0.566s] -- Up-to-date: /home/rithwik/ros2_workspace2/install/explorer_interfaces/local/lib/python3.10/dist-packages/explorer_interfaces/action/_discover_s.c
[0.566s] -- Up-to-date: /home/rithwik/ros2_workspace2/install/explorer_interfaces/local/lib/python3.10/dist-packages/explorer_interfaces/action/_discover.py
[0.566s] -- Up-to-date: /home/rithwik/ros2_workspace2/install/explorer_interfaces/local/lib/python3.10/dist-packages/explorer_interfaces/action/__init__.py
[0.566s] -- Up-to-date: /home/rithwik/ros2_workspace2/install/explorer_interfaces/local/lib/python3.10/dist-packages/explorer_interfaces/action/_wander_s.c
[0.566s] -- Up-to-date: /home/rithwik/ros2_workspace2/install/explorer_interfaces/local/lib/python3.10/dist-packages/explorer_interfaces/_explorer_interfaces_s.ep.rosidl_typesupport_introspection_c.c
[0.566s] -- Up-to-date: /home/rithwik/ros2_workspace2/install/explorer_interfaces/local/lib/python3.10/dist-packages/explorer_interfaces/explorer_interfaces_s__rosidl_typesupport_introspection_c.cpython-310-x86_64-linux-gnu.so
[0.566s] -- Up-to-date: /home/rithwik/ros2_workspace2/install/explorer_interfaces/local/lib/python3.10/dist-packages/explorer_interfaces/explorer_interfaces_s__rosidl_typesupport_c.cpython-310-x86_64-linux-gnu.so
[0.566s] -- Up-to-date: /home/rithwik/ros2_workspace2/install/explorer_interfaces/local/lib/python3.10/dist-packages/explorer_interfaces/__init__.py
[0.566s] -- Up-to-date: /home/rithwik/ros2_workspace2/install/explorer_interfaces/local/lib/python3.10/dist-packages/explorer_interfaces/libexplorer_interfaces__rosidl_generator_py.so
[0.566s] -- Up-to-date: /home/rithwik/ros2_workspace2/install/explorer_interfaces/local/lib/python3.10/dist-packages/explorer_interfaces/_explorer_interfaces_s.ep.rosidl_typesupport_fastrtps_c.c
[0.567s] -- Up-to-date: /home/rithwik/ros2_workspace2/install/explorer_interfaces/local/lib/python3.10/dist-packages/explorer_interfaces/_explorer_interfaces_s.ep.rosidl_typesupport_c.c
[0.567s] -- Up-to-date: /home/rithwik/ros2_workspace2/install/explorer_interfaces/local/lib/python3.10/dist-packages/explorer_interfaces/explorer_interfaces_s__rosidl_typesupport_fastrtps_c.cpython-310-x86_64-linux-gnu.so
[0.588s] Listing '/home/rithwik/ros2_workspace2/install/explorer_interfaces/local/lib/python3.10/dist-packages/explorer_interfaces'...
[0.588s] Listing '/home/rithwik/ros2_workspace2/install/explorer_interfaces/local/lib/python3.10/dist-packages/explorer_interfaces/action'...
[0.591s] -- Up-to-date: /home/rithwik/ros2_workspace2/install/explorer_interfaces/local/lib/python3.10/dist-packages/explorer_interfaces/explorer_interfaces_s__rosidl_typesupport_fastrtps_c.cpython-310-x86_64-linux-gnu.so
[0.591s] -- Up-to-date: /home/rithwik/ros2_workspace2/install/explorer_interfaces/local/lib/python3.10/dist-packages/explorer_interfaces/explorer_interfaces_s__rosidl_typesupport_introspection_c.cpython-310-x86_64-linux-gnu.so
[0.591s] -- Up-to-date: /home/rithwik/ros2_workspace2/install/explorer_interfaces/local/lib/python3.10/dist-packages/explorer_interfaces/explorer_interfaces_s__rosidl_typesupport_c.cpython-310-x86_64-linux-gnu.so
[0.591s] -- Up-to-date: /home/rithwik/ros2_workspace2/install/explorer_interfaces/lib/libexplorer_interfaces__rosidl_generator_py.so
[0.591s] -- Up-to-date: /home/rithwik/ros2_workspace2/install/explorer_interfaces/share/explorer_interfaces/action/Wander.idl
[0.591s] -- Up-to-date: /home/rithwik/ros2_workspace2/install/explorer_interfaces/share/explorer_interfaces/action/Discover.idl
[0.591s] -- Up-to-date: /home/rithwik/ros2_workspace2/install/explorer_interfaces/share/explorer_interfaces/action/Wander.action
[0.591s] -- Up-to-date: /home/rithwik/ros2_workspace2/install/explorer_interfaces/share/explorer_interfaces/action/Discover.action
[0.592s] -- Up-to-date: /home/rithwik/ros2_workspace2/install/explorer_interfaces/share/ament_index/resource_index/package_run_dependencies/explorer_interfaces
[0.592s] -- Up-to-date: /home/rithwik/ros2_workspace2/install/explorer_interfaces/share/ament_index/resource_index/parent_prefix_path/explorer_interfaces
[0.592s] -- Up-to-date: /home/rithwik/ros2_workspace2/install/explorer_interfaces/share/explorer_interfaces/environment/ament_prefix_path.sh
[0.592s] -- Up-to-date: /home/rithwik/ros2_workspace2/install/explorer_interfaces/share/explorer_interfaces/environment/ament_prefix_path.dsv
[0.592s] -- Up-to-date: /home/rithwik/ros2_workspace2/install/explorer_interfaces/share/explorer_interfaces/environment/path.sh
[0.592s] -- Up-to-date: /home/rithwik/ros2_workspace2/install/explorer_interfaces/share/explorer_interfaces/environment/path.dsv
[0.592s] -- Up-to-date: /home/rithwik/ros2_workspace2/install/explorer_interfaces/share/explorer_interfaces/local_setup.bash
[0.592s] -- Up-to-date: /home/rithwik/ros2_workspace2/install/explorer_interfaces/share/explorer_interfaces/local_setup.sh
[0.592s] -- Up-to-date: /home/rithwik/ros2_workspace2/install/explorer_interfaces/share/explorer_interfaces/local_setup.zsh
[0.592s] -- Up-to-date: /home/rithwik/ros2_workspace2/install/explorer_interfaces/share/explorer_interfaces/local_setup.dsv
[0.592s] -- Installing: /home/rithwik/ros2_workspace2/install/explorer_interfaces/share/explorer_interfaces/package.dsv
[0.592s] -- Up-to-date: /home/rithwik/ros2_workspace2/install/explorer_interfaces/share/ament_index/resource_index/packages/explorer_interfaces
[0.592s] -- Up-to-date: /home/rithwik/ros2_workspace2/install/explorer_interfaces/share/explorer_interfaces/cmake/export_explorer_interfaces__rosidl_generator_cExport.cmake
[0.592s] -- Up-to-date: /home/rithwik/ros2_workspace2/install/explorer_interfaces/share/explorer_interfaces/cmake/export_explorer_interfaces__rosidl_generator_cExport-noconfig.cmake
[0.592s] -- Up-to-date: /home/rithwik/ros2_workspace2/install/explorer_interfaces/share/explorer_interfaces/cmake/export_explorer_interfaces__rosidl_typesupport_fastrtps_cExport.cmake
[0.592s] -- Up-to-date: /home/rithwik/ros2_workspace2/install/explorer_interfaces/share/explorer_interfaces/cmake/export_explorer_interfaces__rosidl_typesupport_fastrtps_cExport-noconfig.cmake
[0.592s] -- Up-to-date: /home/rithwik/ros2_workspace2/install/explorer_interfaces/share/explorer_interfaces/cmake/explorer_interfaces__rosidl_typesupport_introspection_cExport.cmake
[0.592s] -- Up-to-date: /home/rithwik/ros2_workspace2/install/explorer_interfaces/share/explorer_interfaces/cmake/explorer_interfaces__rosidl_typesupport_introspection_cExport-noconfig.cmake
[0.592s] -- Up-to-date: /home/rithwik/ros2_workspace2/install/explorer_interfaces/share/explorer_interfaces/cmake/explorer_interfaces__rosidl_typesupport_cExport.cmake
[0.592s] -- Up-to-date: /home/rithwik/ros2_workspace2/install/explorer_interfaces/share/explorer_interfaces/cmake/explorer_interfaces__rosidl_typesupport_cExport-noconfig.cmake
[0.592s] -- Up-to-date: /home/rithwik/ros2_workspace2/install/explorer_interfaces/share/explorer_interfaces/cmake/export_explorer_interfaces__rosidl_generator_cppExport.cmake
[0.592s] -- Up-to-date: /home/rithwik/ros2_workspace2/install/explorer_interfaces/share/explorer_interfaces/cmake/export_explorer_interfaces__rosidl_typesupport_fastrtps_cppExport.cmake
[0.592s] -- Up-to-date: /home/rithwik/ros2_workspace2/install/explorer_interfaces/share/explorer_interfaces/cmake/export_explorer_interfaces__rosidl_typesupport_fastrtps_cppExport-noconfig.cmake
[0.592s] -- Up-to-date: /home/rithwik/ros2_workspace2/install/explorer_interfaces/share/explorer_interfaces/cmake/explorer_interfaces__rosidl_typesupport_introspection_cppExport.cmake
[0.593s] -- Up-to-date: /home/rithwik/ros2_workspace2/install/explorer_interfaces/share/explorer_interfaces/cmake/explorer_interfaces__rosidl_typesupport_introspection_cppExport-noconfig.cmake
[0.593s] -- Up-to-date: /home/rithwik/ros2_workspace2/install/explorer_interfaces/share/explorer_interfaces/cmake/explorer_interfaces__rosidl_typesupport_cppExport.cmake
[0.593s] -- Up-to-date: /home/rithwik/ros2_workspace2/install/explorer_interfaces/share/explorer_interfaces/cmake/explorer_interfaces__rosidl_typesupport_cppExport-noconfig.cmake
[0.593s] -- Up-to-date: /home/rithwik/ros2_workspace2/install/explorer_interfaces/share/explorer_interfaces/cmake/export_explorer_interfaces__rosidl_generator_pyExport.cmake
[0.593s] -- Up-to-date: /home/rithwik/ros2_workspace2/install/explorer_interfaces/share/explorer_interfaces/cmake/export_explorer_interfaces__rosidl_generator_pyExport-noconfig.cmake
[0.593s] -- Up-to-date: /home/rithwik/ros2_workspace2/install/explorer_interfaces/share/explorer_interfaces/cmake/rosidl_cmake-extras.cmake
[0.593s] -- Up-to-date: /home/rithwik/ros2_workspace2/install/explorer_interfaces/share/explorer_interfaces/cmake/ament_cmake_export_dependencies-extras.cmake
[0.593s] -- Up-to-date: /home/rithwik/ros2_workspace2/install/explorer_interfaces/share/explorer_interfaces/cmake/ament_cmake_export_include_directories-extras.cmake
[0.593s] -- Up-to-date: /home/rithwik/ros2_workspace2/install/explorer_interfaces/share/explorer_interfaces/cmake/ament_cmake_export_libraries-extras.cmake
[0.593s] -- Up-to-date: /home/rithwik/ros2_workspace2/install/explorer_interfaces/share/explorer_interfaces/cmake/ament_cmake_export_targets-extras.cmake
[0.593s] -- Up-to-date: /home/rithwik/ros2_workspace2/install/explorer_interfaces/share/explorer_interfaces/cmake/rosidl_cmake_export_typesupport_targets-extras.cmake
[0.593s] -- Up-to-date: /home/rithwik/ros2_workspace2/install/explorer_interfaces/share/explorer_interfaces/cmake/rosidl_cmake_export_typesupport_libraries-extras.cmake
[0.593s] -- Up-to-date: /home/rithwik/ros2_workspace2/install/explorer_interfaces/share/explorer_interfaces/cmake/explorer_interfacesConfig.cmake
[0.593s] -- Up-to-date: /home/rithwik/ros2_workspace2/install/explorer_interfaces/share/explorer_interfaces/cmake/explorer_interfacesConfig-version.cmake
[0.593s] -- Up-to-date: /home/rithwik/ros2_workspace2/install/explorer_interfaces/share/explorer_interfaces/package.xml
[0.595s] Invoked command in '/home/rithwik/ros2_workspace2/build/explorer_interfaces' returned '0': CMAKE_PREFIX_PATH=${CMAKE_PREFIX_PATH}:/home/rithwik/ros2_workspace2/install/rover:/home/rithwik/ros2_workspace2/install/explorer_wanderer:/home/rithwik/ros2_workspace2/install/explorer_map_utils:/home/rithwik/ros2_workspace2/install/explorer_bringup:/home/rithwik/ros2_workspace2/install/autonomous_tb3:/opt/ros/humble /usr/bin/cmake --install /home/rithwik/ros2_workspace2/build/explorer_interfaces
